0.6	0	0.76528	0
0.6	1	0.604499	0.160781
0.6	2	0.653598	0.0742544
0.6	3	0.625824	0.0457716
0.6	4	0.541461	0.0521732
0.6	5	0.499377	0.0424966
0.6	6	0.458733	0.0367465
0.6	7	0.484743	0.0310596
0.6	8	0.463535	0.0266974
0.6	9	0.437502	0.0241278
0.6	10	0.471448	0.0233219
0.6	11	0.460876	0.0205478
0.6	12	0.449181	0.0184088
0.6	13	0.434175	0.0168953
0.6	14	0.470361	0.0179792
0.6	15	0.494344	0.0173877
0.6	16	0.483797	0.0160326
0.6	17	0.48113	0.0146786
0.6	18	0.495209	0.0138954
0.6	19	0.499912	0.012876
0.6	20	0.517429	0.0125636
0.6	21	0.507721	0.0118807
0.6	22	0.49678	0.011334
0.6	23	0.504146	0.0107235
0.6	24	0.502996	0.0100718
0.6	25	0.492309	0.00971912
0.6	26	0.484753	0.00928955
0.6	27	0.500596	0.00929842
0.6	28	0.490624	0.0090097
0.6	29	0.482358	0.00868945
0.6	30	0.484295	0.00827077
0.6	31	0.486592	0.00788872
0.6	32	0.484004	0.00753941
0.6	33	0.475805	0.00734266
0.6	34	0.467049	0.00718287
0.6	35	0.459515	0.00699692
0.6	36	0.465251	0.00677776
0.6	37	0.473374	0.00664286
0.6	38	0.464292	0.0065524
0.6	39	0.471619	0.00641235
0.6	40	0.471452	0.00617538
0.6	41	0.47354	0.00596153
0.6	42	0.472716	0.00575292
0.6	43	0.472287	0.0055553
0.6	44	0.470946	0.00537218
0.6	45	0.469681	0.00519882
0.6	46	0.468835	0.00503295
0.6	47	0.4714	0.00488862
0.6	48	0.470753	0.0047386
0.6	49	0.469857	0.00459702
0.6	50	0.464695	0.00452003
0.6	51	0.461934	0.00440559
0.6	52	0.461134	0.00428135
0.6	53	0.462325	0.00416471
0.6	54	0.468212	0.00412871
0.6	55	0.469086	0.00401901
0.6	56	0.467673	0.00391702
0.6	57	0.4678	0.00381501
0.6	58	0.465495	0.00372963
0.6	59	0.463525	0.00364477
0.6	60	0.466696	0.00357802
0.6	61	0.468155	0.00349587
0.6	62	0.466801	0.00341641
0.6	63	0.469057	0.0033479
0.6	64	0.469905	0.00327186
0.6	65	0.469971	0.00319703
0.6	66	0.470706	0.00312632
0.6	67	0.475593	0.00311468
0.6	68	0.475124	0.00304709
0.6	69	0.473025	0.00299209
0.6	70	0.475901	0.0029486
0.6	71	0.485286	0.00309423
0.6	72	0.484323	0.00303241
0.6	73	0.487124	0.00298864
0.6	74	0.488299	0.00293171
0.6	75	0.489939	0.00287976
0.6	76	0.490307	0.00282367
0.6	77	0.487954	0.00278204
0.6	78	0.485694	0.0027409
0.6	79	0.488808	0.00271196
0.6	80	0.493228	0.00270697
0.6	81	0.489487	0.00268952
0.6	82	0.489323	0.00264073
0.6	83	0.488157	0.00259649
0.6	84	0.487217	0.00255251
0.6	85	0.484956	0.00251973
0.6	86	0.491133	0.0025641
0.6	87	0.490317	0.0025217
0.6	88	0.491953	0.00248513
0.6	89	0.491386	0.00244425
0.6	90	0.489633	0.00241086
0.6	91	0.487514	0.00238176
0.6	92	0.484023	0.00237128
0.6	93	0.481819	0.00234444
0.6	94	0.480251	0.00231291
0.6	95	0.478504	0.00228366
0.6	96	0.478384	0.00224823
0.6	97	0.47753	0.00221537
0.6	98	0.477222	0.00218188
0.6	99	0.476552	0.00215007
