0.6	0	-0.9428	0
0.6	1	-0.93592	0.00688
0.6	2	-0.936413	0.00283033
0.6	3	-0.93644	0.00163416
0.6	4	-0.935744	0.00115014
0.6	5	-0.934293	0.00106132
0.6	6	-0.932074	0.00122113
0.6	7	-0.93398	0.0012155
0.6	8	-0.934018	0.00100282
0.6	9	-0.932756	0.000944472
0.6	10	-0.934225	0.00093423
0.6	11	-0.93474	0.000827811
0.6	12	-0.933403	0.000824907
0.6	13	-0.932311	0.000793765
0.6	14	-0.933792	0.000814634
0.6	15	-0.934422	0.000753967
0.6	16	-0.934468	0.000685834
0.6	17	-0.934029	0.000636291
0.6	18	-0.934082	0.000585048
0.6	19	-0.933952	0.000541046
0.6	20	-0.934491	0.000515905
0.6	21	-0.933958	0.000493944
0.6	22	-0.934216	0.000464384
0.6	23	-0.934027	0.000436622
0.6	24	-0.933666	0.000416548
0.6	25	-0.93344	0.000394708
0.6	26	-0.932604	0.000406888
0.6	27	-0.933404	0.000414407
0.6	28	-0.933357	0.000392757
0.6	29	-0.93336	0.00037284
0.6	30	-0.933121	0.00035722
0.6	31	-0.932796	0.000345224
0.6	32	-0.932975	0.000330834
0.6	33	-0.93292	0.000316199
0.6	34	-0.932526	0.000309949
0.6	35	-0.93244	0.000297235
0.6	36	-0.932614	0.000286519
0.6	37	-0.932875	0.000278401
0.6	38	-0.93247	0.000275524
0.6	39	-0.932612	0.000266059
0.6	40	-0.932731	0.000256912
0.6	41	-0.932524	0.000249743
0.6	42	-0.932339	0.000242634
0.6	43	-0.932375	0.000234347
0.6	44	-0.932118	0.000229735
0.6	45	-0.931982	0.000223105
0.6	46	-0.931652	0.000221329
0.6	47	-0.931631	0.000214373
0.6	48	-0.931451	0.000209362
0.6	49	-0.931464	0.000203036
0.6	50	-0.931154	0.000201842
0.6	51	-0.930879	0.000199706
0.6	52	-0.930891	0.000194016
0.6	53	-0.930844	0.000188698
0.6	54	-0.931153	0.000188291
0.6	55	-0.931277	0.000183967
0.6	56	-0.931239	0.000179164
0.6	57	-0.931377	0.000175451
0.6	58	-0.931185	0.000172797
0.6	59	-0.931183	0.000168447
0.6	60	-0.931287	0.000164823
0.6	61	-0.931404	0.000161508
0.6	62	-0.931403	0.000157637
0.6	63	-0.931519	0.000154606
0.6	64	-0.93158	0.000151207
0.6	65	-0.931553	0.000147786
0.6	66	-0.931537	0.000144469
0.6	67	-0.931896	0.00014792
0.6	68	-0.931814	0.000145026
0.6	69	-0.931786	0.000141942
0.6	70	-0.932065	0.000142874
0.6	71	-0.932373	0.000144576
0.6	72	-0.932228	0.000142614
0.6	73	-0.932366	0.000140644
0.6	74	-0.932337	0.000137858
0.6	75	-0.93223	0.000135687
0.6	76	-0.932259	0.000133071
0.6	77	-0.932144	0.000131162
0.6	78	-0.932077	0.000128876
0.6	79	-0.932158	0.000126771
0.6	80	-0.932378	0.000126825
0.6	81	-0.93231	0.000124723
0.6	82	-0.932197	0.000123098
0.6	83	-0.932207	0.000120894
0.6	84	-0.932052	0.000119947
0.6	85	-0.931977	0.000118125
0.6	86	-0.932172	0.000117972
0.6	87	-0.932088	0.000116299
0.6	88	-0.932133	0.000114427
0.6	89	-0.932142	0.000112516
0.6	90	-0.932055	0.000111034
0.6	91	-0.93197	0.000109582
0.6	92	-0.93197	0.000107807
0.6	93	-0.931908	0.000106277
0.6	94	-0.931844	0.000104799
0.6	95	-0.93175	0.000103598
0.6	96	-0.931701	0.000102114
0.6	97	-0.931619	0.000100891
0.6	98	-0.931547	9.96191e-05
0.6	99	-0.931449	9.86103e-05
