0.6	0	0.22376	0
0.6	1	0.214937	0.00882347
0.6	2	0.222027	0.00617333
0.6	3	0.204149	0.0109199
0.6	4	0.195054	0.00862205
0.6	5	0.191301	0.00651643
0.6	6	0.197117	0.00555994
0.6	7	0.197294	0.00445837
0.6	8	0.18876	0.00475718
0.6	9	0.188012	0.00401937
0.6	10	0.194151	0.00395787
0.6	11	0.192236	0.00349292
0.6	12	0.192867	0.00308162
0.6	13	0.194839	0.00279514
0.6	14	0.191987	0.00262076
0.6	15	0.194131	0.00243221
0.6	16	0.192713	0.00224033
0.6	17	0.192571	0.00204943
0.6	18	0.198866	0.002398
0.6	19	0.201438	0.00229152
0.6	20	0.204475	0.0022304
0.6	21	0.205584	0.0020894
0.6	22	0.203532	0.00199903
0.6	23	0.204001	0.00187441
0.6	24	0.205903	0.00180235
0.6	25	0.205625	0.00169757
0.6	26	0.207234	0.00163256
0.6	27	0.207789	0.00154745
0.6	28	0.206347	0.00149134
0.6	29	0.204972	0.00143856
0.6	30	0.206091	0.00138318
0.6	31	0.209029	0.00141921
0.6	32	0.207405	0.00138397
0.6	33	0.203868	0.00145853
0.6	34	0.202519	0.0014143
0.6	35	0.202362	0.00135493
0.6	36	0.202437	0.00129943
0.6	37	0.202878	0.00124967
0.6	38	0.202967	0.00120117
0.6	39	0.205185	0.00120901
0.6	40	0.205553	0.00116578
0.6	41	0.207699	0.00117263
0.6	42	0.207055	0.00113568
0.6	43	0.207069	0.00109659
0.6	44	0.207011	0.00105973
0.6	45	0.206526	0.0010274
0.6	46	0.206354	0.00099464
0.6	47	0.206673	0.000964406
0.6	48	0.20707	0.000936383
0.6	49	0.208906	0.000945182
0.6	50	0.208152	0.000923337
0.6	51	0.207862	0.000897408
0.6	52	0.207598	0.000872575
0.6	53	0.207796	0.000848586
0.6	54	0.208553	0.000831656
0.6	55	0.208132	0.000811199
0.6	56	0.207079	0.000802126
0.6	57	0.207194	0.00078138
0.6	58	0.208618	0.00078399
0.6	59	0.207692	0.000773715
0.6	60	0.207627	0.000754603
0.6	61	0.206699	0.000745761
0.6	62	0.205946	0.000734133
0.6	63	0.206125	0.000717166
0.6	64	0.20638	0.000701236
0.6	65	0.207112	0.000691178
0.6	66	0.207172	0.000675648
0.6	67	0.206803	0.000662188
0.6	68	0.207252	0.000649988
0.6	69	0.207099	0.000636243
0.6	70	0.2066	0.000625566
0.6	71	0.208217	0.000641808
0.6	72	0.208729	0.000631434
0.6	73	0.209029	0.000619561
0.6	74	0.209483	0.000609388
0.6	75	0.210671	0.000612829
0.6	76	0.210785	0.000600968
0.6	77	0.211188	0.000591139
0.6	78	0.211118	0.00057991
0.6	79	0.210814	0.000570004
0.6	80	0.210198	0.000563614
0.6	81	0.209804	0.000554981
0.6	82	0.209952	0.000545145
0.6	83	0.209935	0.000535365
0.6	84	0.209966	0.000525882
0.6	85	0.20912	0.000524759
0.6	86	0.209088	0.000515679
0.6	87	0.208541	0.000510227
0.6	88	0.208602	0.000501629
0.6	89	0.208718	0.000493382
0.6	90	0.208282	0.000487382
0.6	91	0.208041	0.000480063
0.6	92	0.207526	0.000475332
0.6	93	0.20772	0.00046815
0.6	94	0.208068	0.000462116
0.6	95	0.208242	0.000455213
0.6	96	0.209107	0.000456766
0.6	97	0.209	0.000449876
0.6	98	0.209109	0.000443168
0.6	99	0.20921	0.000436611
