0.5	0	1.53596	0
0.5	1	1.39817	0.137798
0.5	2	1.17939	0.164607
0.5	3	1.06326	0.116307
0.5	4	1.08128	0.0785396
0.5	5	1.19068	0.0753905
0.5	6	1.27857	0.0683418
0.5	7	1.33225	0.0584306
0.5	8	1.27955	0.0516791
0.5	9	1.18311	0.0541525
0.5	10	1.14899	0.0477056
0.5	11	1.14318	0.0415593
0.5	12	1.17363	0.0376417
0.5	13	1.19499	0.0340027
0.5	14	1.21487	0.0309624
0.5	15	1.23327	0.0283811
0.5	16	1.23285	0.0258131
0.5	17	1.20933	0.0242895
0.5	18	1.15907	0.0252759
0.5	19	1.1592	0.0233393
0.5	20	1.12008	0.0233392
0.5	21	1.11846	0.0217196
0.5	22	1.14004	0.020792
0.5	23	1.11903	0.0199562
0.5	24	1.121	0.0187426
0.5	25	1.11258	0.0177237
0.5	26	1.10352	0.0168175
0.5	27	1.13279	0.0168711
0.5	28	1.15409	0.0164849
0.5	29	1.17549	0.0161452
0.5	30	1.16389	0.0154985
0.5	31	1.14581	0.0151154
0.5	32	1.13345	0.0145839
0.5	33	1.14766	0.0141502
0.5	34	1.14669	0.0135374
0.5	35	1.1394	0.0130251
0.5	36	1.13814	0.0124928
0.5	37	1.14517	0.0120497
0.5	38	1.1446	0.0115816
0.5	39	1.16565	0.0116413
0.5	40	1.15412	0.0113581
0.5	41	1.14621	0.0110179
0.5	42	1.12272	0.0112305
0.5	43	1.11502	0.0109074
0.5	44	1.12814	0.0107244
0.5	45	1.1389	0.0104947
0.5	46	1.12269	0.0104341
0.5	47	1.10327	0.0104948
0.5	48	1.11622	0.0103412
0.5	49	1.1136	0.0100354
0.5	50	1.11006	0.0097506
0.5	51	1.11016	0.00946706
0.5	52	1.09661	0.00938715
0.5	53	1.0866	0.00922722
0.5	54	1.07841	0.00904271
0.5	55	1.07763	0.00879929
0.5	56	1.06895	0.00864419
0.5	57	1.0608	0.00848798
0.5	58	1.05403	0.00831823
0.5	59	1.04641	0.00816923
0.5	60	1.05121	0.00799096
0.5	61	1.06429	0.00797426
0.5	62	1.05904	0.00781161
0.5	63	1.06539	0.0076691
0.5	64	1.07765	0.00764606
0.5	65	1.08296	0.00750019
0.5	66	1.08008	0.00733976
0.5	67	1.06807	0.0073255
0.5	68	1.06615	0.00716904
0.5	69	1.06552	0.00701491
0.5	70	1.07761	0.00701643
0.5	71	1.08399	0.00691097
0.5	72	1.08142	0.00677492
0.5	73	1.08312	0.00663978
0.5	74	1.07844	0.00652894
0.5	75	1.08513	0.00644586
0.5	76	1.09259	0.00637735
0.5	77	1.09063	0.00625805
0.5	78	1.09158	0.00613953
0.5	79	1.08478	0.00607225
0.5	80	1.08096	0.00597449
0.5	81	1.07704	0.00588077
0.5	82	1.07322	0.00578935
0.5	83	1.07824	0.00571213
0.5	84	1.07379	0.00563182
0.5	85	1.06371	0.00564005
0.5	86	1.06609	0.00554825
0.5	87	1.06944	0.00546505
0.5	88	1.06037	0.00545892
0.5	89	1.06151	0.00536889
0.5	90	1.06254	0.00528109
0.5	91	1.05953	0.00520413
0.5	92	1.06559	0.00515857
0.5	93	1.07215	0.00512133
0.5	94	1.06873	0.00505246
0.5	95	1.06074	0.00504024
0.5	96	1.05581	0.00498742
0.5	97	1.05641	0.00491114
0.5	98	1.0496	0.00488506
0.5	99	1.04115	0.00488585
