0.5	0	-0.9774	0
0.5	1	-0.97456	0.00284
0.5	2	-0.96776	0.00494614
0.5	3	-0.96533	0.00318167
0.5	4	-0.965216	0.00213509
0.5	5	-0.967913	0.00197139
0.5	6	-0.970686	0.00189587
0.5	7	-0.97269	0.00169839
0.5	8	-0.972058	0.00141882
0.5	9	-0.970244	0.00134053
0.5	10	-0.970036	0.00115221
0.5	11	-0.96985	0.00100444
0.5	12	-0.970388	0.000898129
0.5	13	-0.97058	0.000800664
0.5	14	-0.970888	0.000722965
0.5	15	-0.971385	0.000665824
0.5	16	-0.970967	0.000614521
0.5	17	-0.970529	0.000572035
0.5	18	-0.969074	0.000627821
0.5	19	-0.96884	0.000582191
0.5	20	-0.96809	0.000565238
0.5	21	-0.96796	0.000526704
0.5	22	-0.96865	0.000513272
0.5	23	-0.968095	0.000494376
0.5	24	-0.967461	0.000481918
0.5	25	-0.96746	0.000453657
0.5	26	-0.967022	0.00043658
0.5	27	-0.967947	0.000449574
0.5	28	-0.968709	0.00044965
0.5	29	-0.969339	0.000442574
0.5	30	-0.968799	0.000432256
0.5	31	-0.96831	0.000420977
0.5	32	-0.967965	0.000406203
0.5	33	-0.968578	0.000402453
0.5	34	-0.968608	0.000385031
0.5	35	-0.968472	0.000369512
0.5	36	-0.96828	0.000355805
0.5	37	-0.968544	0.000344354
0.5	38	-0.968606	0.000331118
0.5	39	-0.969323	0.000338619
0.5	40	-0.969183	0.000326848
0.5	41	-0.968947	0.000317219
0.5	42	-0.968515	0.000313197
0.5	43	-0.96834	0.000303597
0.5	44	-0.968644	0.000296951
0.5	45	-0.968951	0.000290799
0.5	46	-0.968471	0.000290221
0.5	47	-0.968023	0.000288572
0.5	48	-0.96834	0.000283383
0.5	49	-0.96829	0.000274899
0.5	50	-0.968093	0.00026821
0.5	51	-0.968075	0.000260423
0.5	52	-0.967783	0.000256197
0.5	53	-0.967514	0.000251757
0.5	54	-0.967303	0.000246513
0.5	55	-0.967364	0.000240002
0.5	56	-0.967211	0.000234532
0.5	57	-0.967048	0.000229449
0.5	58	-0.966879	0.000224663
0.5	59	-0.966798	0.000219263
0.5	60	-0.966944	0.000214666
0.5	61	-0.967308	0.000214563
0.5	62	-0.967034	0.000212307
0.5	63	-0.967163	0.000207933
0.5	64	-0.967521	0.000207995
0.5	65	-0.96769	0.000204309
0.5	66	-0.967535	0.000200613
0.5	67	-0.967337	0.000197644
0.5	68	-0.967292	0.000193399
0.5	69	-0.967157	0.000189927
0.5	70	-0.967523	0.000190975
0.5	71	-0.967742	0.000188778
0.5	72	-0.967647	0.000185216
0.5	73	-0.967649	0.00018144
0.5	74	-0.967525	0.000178368
0.5	75	-0.967639	0.00017532
0.5	76	-0.967822	0.000173168
0.5	77	-0.967801	0.000169838
0.5	78	-0.967834	0.000166641
0.5	79	-0.967752	0.000163766
0.5	80	-0.967628	0.000161308
0.5	81	-0.967493	0.000159056
0.5	82	-0.967358	0.000156873
0.5	83	-0.967409	0.000154159
0.5	84	-0.967202	0.000153095
0.5	85	-0.966925	0.000153398
0.5	86	-0.966975	0.000150837
0.5	87	-0.967025	0.00014835
0.5	88	-0.966776	0.000148222
0.5	89	-0.96679	0.000145747
0.5	90	-0.966829	0.000143395
0.5	91	-0.966748	0.000141303
0.5	92	-0.966914	0.000140077
0.5	93	-0.967087	0.000138998
0.5	94	-0.966958	0.000137434
0.5	95	-0.966711	0.000137632
0.5	96	-0.966602	0.000135952
0.5	97	-0.966634	0.000133902
0.5	98	-0.966516	0.000132401
0.5	99	-0.96639	0.000131024
