0.5	0	0.090808	0
0.5	1	0.0926282	0.00182016
0.5	2	0.111958	0.0136887
0.5	3	0.114577	0.00804647
0.5	4	0.115395	0.00541322
0.5	5	0.116471	0.00398241
0.5	6	0.111832	0.0036091
0.5	7	0.108564	0.00314632
0.5	8	0.102844	0.00329052
0.5	9	0.0980922	0.00319505
0.5	10	0.0998627	0.00279831
0.5	11	0.101593	0.00249089
0.5	12	0.10352	0.00226316
0.5	13	0.108151	0.0023878
0.5	14	0.110617	0.00224122
0.5	15	0.111727	0.00204555
0.5	16	0.118323	0.00248602
0.5	17	0.119271	0.00228545
0.5	18	0.117925	0.00212473
0.5	19	0.122619	0.00223806
0.5	20	0.119173	0.00221334
0.5	21	0.122103	0.00215643
0.5	22	0.120757	0.00203353
0.5	23	0.119076	0.00193614
0.5	24	0.12489	0.00217111
0.5	25	0.123698	0.00205765
0.5	26	0.125956	0.00199141
0.5	27	0.123557	0.00193889
0.5	28	0.121514	0.00187724
0.5	29	0.120514	0.00179171
0.5	30	0.121651	0.00171643
0.5	31	0.120067	0.00165947
0.5	32	0.120919	0.00159021
0.5	33	0.119617	0.00153598
0.5	34	0.119463	0.00146959
0.5	35	0.11997	0.00141024
0.5	36	0.123031	0.00144544
0.5	37	0.123989	0.00139665
0.5	38	0.123115	0.00134982
0.5	39	0.120576	0.00136081
0.5	40	0.119492	0.00132168
0.5	41	0.120507	0.00128382
0.5	42	0.119479	0.00124872
0.5	43	0.119495	0.00120574
0.5	44	0.119011	0.00116745
0.5	45	0.118519	0.00113141
0.5	46	0.119148	0.00109889
0.5	47	0.118771	0.00106567
0.5	48	0.118529	0.00103336
0.5	49	0.119828	0.00101914
0.5	50	0.120885	0.00100016
0.5	51	0.121729	0.000978241
0.5	52	0.120363	0.000969033
0.5	53	0.119915	0.000943918
0.5	54	0.120746	0.00092492
0.5	55	0.120362	0.000901445
0.5	56	0.119984	0.000878997
0.5	57	0.118753	0.000871499
0.5	58	0.11796	0.000855551
0.5	59	0.117687	0.000834767
0.5	60	0.11767	0.000814101
0.5	61	0.116884	0.000800628
0.5	62	0.117291	0.00078315
0.5	63	0.117199	0.000764762
0.5	64	0.116338	0.000754713
0.5	65	0.116053	0.000738296
0.5	66	0.117103	0.000733145
0.5	67	0.115993	0.000729584
0.5	68	0.115796	0.000714027
0.5	69	0.116268	0.00070094
0.5	70	0.115305	0.000695624
0.5	71	0.114989	0.000682082
0.5	72	0.115805	0.000674881
0.5	73	0.116638	0.000668262
0.5	74	0.116177	0.000657013
0.5	75	0.116596	0.000645796
0.5	76	0.116238	0.000634482
0.5	77	0.116477	0.000622813
0.5	78	0.116394	0.000610998
0.5	79	0.115807	0.000603102
0.5	80	0.116032	0.00059241
0.5	81	0.1152	0.000588818
0.5	82	0.115761	0.000581434
0.5	83	0.116175	0.000572801
0.5	84	0.117713	0.000587124
0.5	85	0.117702	0.000576834
0.5	86	0.119036	0.000584806
0.5	87	0.120285	0.000590171
0.5	88	0.120008	0.000580928
0.5	89	0.119784	0.000571695
0.5	90	0.119475	0.000563171
0.5	91	0.119678	0.000554356
0.5	92	0.119496	0.000545703
0.5	93	0.119442	0.000536986
0.5	94	0.119672	0.000529003
0.5	95	0.120364	0.000525513
0.5	96	0.120751	0.00051886
0.5	97	0.121114	0.000512211
0.5	98	0.120292	0.000511209
0.5	99	0.119568	0.000508742
