0.8	0	0.129662	0
0.8	1	0.123147	0.00651475
0.8	2	0.121001	0.00306228
0.8	3	0.128391	0.00461867
0.8	4	0.124509	0.00365604
0.8	5	0.123354	0.00271951
0.8	6	0.126707	0.00250527
0.8	7	0.129658	0.00229758
0.8	8	0.137952	0.00349161
0.8	9	0.139019	0.00296578
0.8	10	0.140298	0.00257692
0.8	11	0.146771	0.00297318
0.8	12	0.152122	0.00304017
0.8	13	0.149645	0.00279014
0.8	14	0.149158	0.00250637
0.8	15	0.150677	0.0022987
0.8	16	0.151717	0.00210679
0.8	17	0.151158	0.00193176
0.8	18	0.14886	0.0018566
0.8	19	0.149406	0.00171892
0.8	20	0.148323	0.0016119
0.8	21	0.148587	0.00150095
0.8	22	0.147089	0.00143716
0.8	23	0.14617	0.00135929
0.8	24	0.146391	0.00127713
0.8	25	0.146325	0.00120231
0.8	26	0.147143	0.00114574
0.8	27	0.148169	0.00110127
0.8	28	0.150285	0.00111745
0.8	29	0.150575	0.00106215
0.8	30	0.149982	0.00101583
0.8	31	0.151697	0.0010154
0.8	32	0.150726	0.000983745
0.8	33	0.151089	0.000941933
0.8	34	0.15136	0.000902267
0.8	35	0.15121	0.000864601
0.8	36	0.151628	0.000832073
0.8	37	0.153265	0.000842978
0.8	38	0.152237	0.000827177
0.8	39	0.151555	0.000803297
0.8	40	0.152226	0.000780851
0.8	41	0.153692	0.000786722
0.8	42	0.154572	0.000771058
0.8	43	0.154434	0.000744816
0.8	44	0.153007	0.000751238
0.8	45	0.151982	0.000742392
0.8	46	0.152294	0.00071996
0.8	47	0.151065	0.000719955
0.8	48	0.150926	0.000698015
0.8	49	0.1512	0.000678036
0.8	50	0.151711	0.000661882
0.8	51	0.150896	0.000652685
0.8	52	0.149661	0.000656808
0.8	53	0.15108	0.000667519
0.8	54	0.150299	0.000657828
0.8	55	0.149893	0.000642406
0.8	56	0.149252	0.000631218
0.8	57	0.149908	0.000620887
0.8	58	0.150356	0.000607846
0.8	59	0.150124	0.000593311
0.8	60	0.150535	0.000581038
0.8	61	0.150388	0.000567193
0.8	62	0.150614	0.000554339
0.8	63	0.150223	0.000543497
0.8	64	0.151062	0.000541125
0.8	65	0.151356	0.000530006
0.8	66	0.151073	0.000519236
0.8	67	0.151125	0.000507751
0.8	68	0.150817	0.000498048
0.8	69	0.150482	0.00048898
0.8	70	0.150051	0.000481349
0.8	71	0.151216	0.000491099
0.8	72	0.1524	0.000500803
0.8	73	0.151751	0.000496442
0.8	74	0.151961	0.000487068
0.8	75	0.152202	0.00047821
0.8	76	0.151821	0.00047087
0.8	77	0.152317	0.000465212
0.8	78	0.152146	0.000456744
0.8	79	0.152507	0.000449976
0.8	80	0.152508	0.0004416
0.8	81	0.153169	0.000439665
0.8	82	0.152982	0.000432176
0.8	83	0.152851	0.000424661
0.8	84	0.152617	0.000417914
0.8	85	0.151996	0.000416066
0.8	86	0.152044	0.00040889
0.8	87	0.152025	0.000401892
0.8	88	0.151414	0.000400428
0.8	89	0.151585	0.000394142
0.8	90	0.151553	0.00038763
0.8	91	0.151162	0.000383484
0.8	92	0.151206	0.000377299
0.8	93	0.151717	0.000375018
0.8	94	0.151239	0.00037235
0.8	95	0.151325	0.000366611
0.8	96	0.151123	0.000361502
0.8	97	0.151022	0.000356095
0.8	98	0.15098	0.000350702
0.8	99	0.150691	0.000346636
