0.8	0	-0.85788	0
0.8	1	-0.848	0.00988
0.8	2	-0.8488	0.00407297
0.8	3	-0.84985	0.00242841
0.8	4	-0.849344	0.00164856
0.8	5	-0.848313	0.00128915
0.8	6	-0.847874	0.00101063
0.8	7	-0.84781	0.000810667
0.8	8	-0.8484	0.000700543
0.8	9	-0.848056	0.000601776
0.8	10	-0.848429	0.0005297
0.8	11	-0.848243	0.000464434
0.8	12	-0.848831	0.000442789
0.8	13	-0.848383	0.000412987
0.8	14	-0.84852	0.000372293
0.8	15	-0.848277	0.000342217
0.8	16	-0.848325	0.000311473
0.8	17	-0.848222	0.000285974
0.8	18	-0.847663	0.00029406
0.8	19	-0.847622	0.000271694
0.8	20	-0.84792	0.000260553
0.8	21	-0.848165	0.000248287
0.8	22	-0.848391	0.00023674
0.8	23	-0.848397	0.000221682
0.8	24	-0.848378	0.00020819
0.8	25	-0.848758	0.000210263
0.8	26	-0.849068	0.000207485
0.8	27	-0.849076	0.000196206
0.8	28	-0.849138	0.000186279
0.8	29	-0.849292	0.000179132
0.8	30	-0.849019	0.000177469
0.8	31	-0.848834	0.000172295
0.8	32	-0.848853	0.000164399
0.8	33	-0.848854	0.000157055
0.8	34	-0.848643	0.000154527
0.8	35	-0.848499	0.000150015
0.8	36	-0.848654	0.000146169
0.8	37	-0.848547	0.000141427
0.8	38	-0.84859	0.000136102
0.8	39	-0.848689	0.000131905
0.8	40	-0.848898	0.00013124
0.8	41	-0.848865	0.000126609
0.8	42	-0.849022	0.000124545
0.8	43	-0.848836	0.000123557
0.8	44	-0.848573	0.000125812
0.8	45	-0.848416	0.000123921
0.8	46	-0.848395	0.00011997
0.8	47	-0.848122	0.000122833
0.8	48	-0.848143	0.00011908
0.8	49	-0.84828	0.000117127
0.8	50	-0.848364	0.000114272
0.8	51	-0.84837	0.000110952
0.8	52	-0.848397	0.000107852
0.8	53	-0.848432	0.000104942
0.8	54	-0.848312	0.000103353
0.8	55	-0.848223	0.000101279
0.8	56	-0.848224	9.85945e-05
0.8	57	-0.848268	9.62061e-05
0.8	58	-0.848301	9.38413e-05
0.8	59	-0.848435	9.3135e-05
0.8	60	-0.848508	9.13061e-05
0.8	61	-0.848443	8.94695e-05
0.8	62	-0.848479	8.74457e-05
0.8	63	-0.848386	8.6174e-05
0.8	64	-0.848601	8.8358e-05
0.8	65	-0.848633	8.64254e-05
0.8	66	-0.848593	8.46209e-05
0.8	67	-0.848673	8.33195e-05
0.8	68	-0.848581	8.22584e-05
0.8	69	-0.848526	8.07586e-05
0.8	70	-0.848362	8.14372e-05
0.8	71	-0.848414	7.9971e-05
0.8	72	-0.84854	7.97221e-05
0.8	73	-0.848544	7.8098e-05
0.8	74	-0.848565	7.65662e-05
0.8	75	-0.848514	7.52737e-05
0.8	76	-0.848438	7.43094e-05
0.8	77	-0.848357	7.3455e-05
0.8	78	-0.848289	7.24731e-05
0.8	79	-0.848272	7.11302e-05
0.8	80	-0.848312	6.99429e-05
0.8	81	-0.848323	6.86684e-05
0.8	82	-0.848352	6.74991e-05
0.8	83	-0.848294	6.65978e-05
0.8	84	-0.84813	6.78043e-05
0.8	85	-0.848011	6.78683e-05
0.8	86	-0.848043	6.67821e-05
0.8	87	-0.84806	6.5663e-05
0.8	88	-0.848156	6.53717e-05
0.8	89	-0.848205	6.4486e-05
0.8	90	-0.848132	6.38891e-05
0.8	91	-0.84814	6.28485e-05
0.8	92	-0.848149	6.18378e-05
0.8	93	-0.848231	6.14413e-05
0.8	94	-0.848094	6.211e-05
0.8	95	-0.84813	6.12449e-05
0.8	96	-0.848127	6.02942e-05
0.8	97	-0.848092	5.94723e-05
0.8	98	-0.848166	5.9035e-05
0.8	99	-0.848102	5.84966e-05
