0.8	0	0.323438	0
0.8	1	0.316798	0.00664
0.8	2	0.328292	0.00856759
0.8	3	0.347388	0.0120837
0.8	4	0.351971	0.00842367
0.8	5	0.345334	0.0068303
0.8	6	0.344625	0.00527764
0.8	7	0.3567	0.0062239
0.8	8	0.356854	0.00513474
0.8	9	0.356461	0.00433198
0.8	10	0.35943	0.00383405
0.8	11	0.36056	0.00335447
0.8	12	0.360015	0.00295848
0.8	13	0.358756	0.00265466
0.8	14	0.354637	0.00262355
0.8	15	0.354629	0.00237089
0.8	16	0.35308	0.00219085
0.8	17	0.354439	0.00203082
0.8	18	0.353178	0.00189036
0.8	19	0.352477	0.00175292
0.8	20	0.35187	0.00163081
0.8	21	0.350204	0.00156037
0.8	22	0.351207	0.00147234
0.8	23	0.348304	0.00150574
0.8	24	0.347642	0.00142028
0.8	25	0.348119	0.00134039
0.8	26	0.347098	0.00128048
0.8	27	0.348989	0.00126432
0.8	28	0.348969	0.00119797
0.8	29	0.349707	0.00114546
0.8	30	0.352649	0.00121452
0.8	31	0.351961	0.00116342
0.8	32	0.351494	0.00111292
0.8	33	0.351596	0.00106335
0.8	34	0.351434	0.0010176
0.8	35	0.34962	0.0010218
0.8	36	0.350253	0.000985574
0.8	37	0.349498	0.000954345
0.8	38	0.348351	0.000935898
0.8	39	0.34786	0.000903866
0.8	40	0.347391	0.000873603
0.8	41	0.347675	0.000843258
0.8	42	0.348149	0.000816822
0.8	43	0.347275	0.00079988
0.8	44	0.347999	0.000780644
0.8	45	0.347686	0.000756398
0.8	46	0.347511	0.000732493
0.8	47	0.34598	0.000743729
0.8	48	0.346065	0.000720868
0.8	49	0.345385	0.000705772
0.8	50	0.345598	0.000685508
0.8	51	0.345883	0.000666763
0.8	52	0.344757	0.000666303
0.8	53	0.346554	0.00069309
0.8	54	0.347059	0.000677549
0.8	55	0.346634	0.000661757
0.8	56	0.346588	0.000644243
0.8	57	0.347637	0.000642655
0.8	58	0.34706	0.000630765
0.8	59	0.346495	0.000619274
0.8	60	0.347234	0.000611436
0.8	61	0.347186	0.000596573
0.8	62	0.346933	0.000583161
0.8	63	0.347018	0.000569504
0.8	64	0.347158	0.000556551
0.8	65	0.346916	0.000544654
0.8	66	0.346492	0.000534926
0.8	67	0.347608	0.000540522
0.8	68	0.346955	0.000534603
0.8	69	0.346398	0.000527348
0.8	70	0.34695	0.000520339
0.8	71	0.347351	0.000511656
0.8	72	0.347439	0.000501186
0.8	73	0.346364	0.000506822
0.8	74	0.347135	0.000504654
0.8	75	0.347094	0.000494662
0.8	76	0.346395	0.000491549
0.8	77	0.347657	0.000503045
0.8	78	0.347175	0.000496458
0.8	79	0.347891	0.000493722
0.8	80	0.348263	0.000486315
0.8	81	0.348391	0.000477584
0.8	82	0.348349	0.000468932
0.8	83	0.347813	0.00046426
0.8	84	0.347581	0.00045673
0.8	85	0.347863	0.000449764
0.8	86	0.348129	0.000442903
0.8	87	0.348985	0.00044489
0.8	88	0.34921	0.000438014
0.8	89	0.348644	0.000434837
0.8	90	0.348806	0.000427974
0.8	91	0.348229	0.000425284
0.8	92	0.348386	0.000418715
0.8	93	0.348619	0.000412711
0.8	94	0.348437	0.000406602
0.8	95	0.348705	0.000401168
0.8	96	0.348838	0.000395172
0.8	97	0.349234	0.000391166
0.8	98	0.349493	0.000386104
0.8	99	0.349912	0.000382613
