0.000000e+00  0.000000e+00  0.000000e+00
6.463304e-02  0.000000e+00  0.000000e+00
1.292661e-01  0.000000e+00  0.000000e+00
1.938991e-01  0.000000e+00  0.000000e+00
2.585322e-01  0.000000e+00  0.000000e+00
3.231652e-01  0.000000e+00  0.000000e+00
3.877982e-01  0.000000e+00  0.000000e+00
4.524313e-01  0.000000e+00  0.000000e+00
5.170643e-01  0.000000e+00  0.000000e+00
5.816974e-01  0.000000e+00  0.000000e+00
6.463304e-01  0.000000e+00  0.000000e+00
7.109634e-01  0.000000e+00  0.000000e+00
7.755965e-01  0.000000e+00  0.000000e+00
8.402295e-01  2.394730e-04  1.323737e-04
9.048626e-01  1.491614e-01  5.285216e-03
9.694956e-01  1.059988e+00  4.115369e-02
1.034129e+00  2.030752e+00  1.003049e-01
1.098762e+00  2.202478e+00  1.216774e-01
1.163395e+00  1.987337e+00  1.031157e-01
1.228028e+00  1.743352e+00  8.899274e-02
1.292661e+00  1.531632e+00  6.653628e-02
1.357294e+00  1.408624e+00  5.816523e-02
1.421927e+00  1.349771e+00  5.804126e-02
1.486560e+00  1.257716e+00  5.166248e-02
1.551193e+00  1.177724e+00  4.784839e-02
1.615826e+00  1.155067e+00  3.815601e-02
1.680459e+00  1.113815e+00  3.538886e-02
1.745092e+00  1.087761e+00  2.955182e-02
1.809725e+00  1.062205e+00  3.775075e-02
1.874358e+00  1.036534e+00  3.357292e-02
1.938991e+00  1.041654e+00  2.813290e-02
2.003624e+00  1.051261e+00  3.027234e-02
2.068257e+00  1.052818e+00  2.520662e-02
2.132890e+00  1.038555e+00  2.090314e-02
2.197523e+00  1.040926e+00  2.413986e-02
2.262156e+00  1.024020e+00  1.745878e-02
2.326789e+00  1.010880e+00  1.712904e-02
2.391423e+00  1.000859e+00  1.603144e-02
2.456056e+00  9.977647e-01  1.424529e-02
2.520689e+00  1.014401e+00  2.070864e-02
2.585322e+00  9.974610e-01  1.685795e-02
2.649955e+00  9.782720e-01  1.902169e-02
2.714588e+00  9.941780e-01  1.928087e-02
2.779221e+00  1.006024e+00  1.525426e-02
2.843854e+00  9.901506e-01  1.565421e-02
2.908487e+00  1.010835e+00  1.800249e-02
2.973120e+00  1.039752e+00  2.453364e-02
3.037753e+00  1.041812e+00  3.174880e-02
3.102386e+00  1.036640e+00  2.061289e-02
3.167019e+00  1.017132e+00  2.015576e-02
3.231652e+00  1.021457e+00  1.368955e-02
3.296285e+00  1.014755e+00  1.099315e-02
3.360918e+00  1.007481e+00  1.562810e-02
3.425551e+00  1.013120e+00  1.286486e-02
3.490184e+00  1.008162e+00  1.415989e-02
3.554817e+00  1.003994e+00  1.470570e-02
3.619450e+00  1.000679e+00  1.490034e-02
3.684083e+00  1.001555e+00  1.403074e-02
3.748716e+00  9.975660e-01  1.320874e-02
3.813349e+00  9.995377e-01  1.374863e-02
3.877982e+00  1.004514e+00  1.522661e-02
3.942615e+00  1.002755e+00  1.411562e-02
4.007249e+00  9.903137e-01  1.090722e-02
4.071882e+00  1.004981e+00  9.303768e-03
4.136515e+00  9.928750e-01  8.795061e-03
4.201148e+00  9.971937e-01  7.554509e-03
4.265781e+00  9.966666e-01  9.586868e-03
4.330414e+00  9.875254e-01  6.518392e-03
4.395047e+00  1.000059e+00  7.955682e-03
4.459680e+00  9.929518e-01  1.127171e-02
4.524313e+00  9.868479e-01  9.917776e-03
4.588946e+00  9.889346e-01  8.630738e-03
4.653579e+00  9.818776e-01  8.446225e-03
4.718212e+00  9.914272e-01  1.052437e-02
4.782845e+00  9.900810e-01  1.305122e-02
4.847478e+00  9.890007e-01  8.126222e-03
4.912111e+00  9.887982e-01  4.920583e-03
4.976744e+00  9.986510e-01  6.632131e-03
5.041377e+00  1.002258e+00  6.869386e-03
5.106010e+00  1.005879e+00  9.733881e-03
5.170643e+00  1.011142e+00  1.504073e-02
5.235276e+00  1.016202e+00  2.365091e-02
5.299909e+00  9.897636e-01  1.472045e-02
5.364542e+00  9.823460e-01  9.560545e-03
5.429175e+00  9.869081e-01  7.620524e-03
5.493808e+00  9.837885e-01  4.389155e-03
5.558442e+00  9.705587e-01  2.726815e-03
5.623075e+00  9.662085e-01  3.558736e-03
5.687708e+00  9.753062e-01  5.599010e-03
5.752341e+00  9.854761e-01  5.271541e-03
5.816974e+00  9.869947e-01  6.097049e-03
5.881607e+00  9.809552e-01  6.677138e-03
5.946240e+00  9.817962e-01  4.683904e-03
6.010873e+00  9.880613e-01  5.023049e-03
6.075506e+00  9.972377e-01  6.811747e-03
6.140139e+00  9.875729e-01  7.086525e-03
6.204772e+00  9.857611e-01  6.021314e-03
6.269405e+00  9.807805e-01  6.228641e-03
6.334038e+00  9.882853e-01  6.341676e-03
6.398671e+00  9.895040e-01  4.855226e-03
