0.000000e+00  0.000000e+00  0.000000e+00
2.564964e-02  0.000000e+00  0.000000e+00
5.129928e-02  0.000000e+00  0.000000e+00
7.694892e-02  0.000000e+00  0.000000e+00
1.025986e-01  0.000000e+00  0.000000e+00
1.282482e-01  0.000000e+00  0.000000e+00
1.538978e-01  0.000000e+00  0.000000e+00
1.795475e-01  0.000000e+00  0.000000e+00
2.051971e-01  0.000000e+00  0.000000e+00
2.308468e-01  0.000000e+00  0.000000e+00
2.564964e-01  0.000000e+00  0.000000e+00
2.821460e-01  0.000000e+00  0.000000e+00
3.077957e-01  0.000000e+00  0.000000e+00
3.334453e-01  0.000000e+00  0.000000e+00
3.590949e-01  0.000000e+00  0.000000e+00
3.847446e-01  0.000000e+00  0.000000e+00
4.103942e-01  0.000000e+00  0.000000e+00
4.360439e-01  0.000000e+00  0.000000e+00
4.616935e-01  0.000000e+00  0.000000e+00
4.873431e-01  0.000000e+00  0.000000e+00
5.129928e-01  0.000000e+00  0.000000e+00
5.386424e-01  0.000000e+00  0.000000e+00
5.642921e-01  0.000000e+00  0.000000e+00
5.899417e-01  0.000000e+00  0.000000e+00
6.155913e-01  0.000000e+00  0.000000e+00
6.412410e-01  0.000000e+00  0.000000e+00
6.668906e-01  0.000000e+00  0.000000e+00
6.925403e-01  0.000000e+00  0.000000e+00
7.181899e-01  0.000000e+00  0.000000e+00
7.438395e-01  0.000000e+00  0.000000e+00
7.694892e-01  0.000000e+00  0.000000e+00
7.951388e-01  0.000000e+00  0.000000e+00
8.207885e-01  0.000000e+00  0.000000e+00
8.464381e-01  0.000000e+00  0.000000e+00
8.720877e-01  1.513136e-03  5.025226e-04
8.977374e-01  3.105467e-02  1.610561e-03
9.233870e-01  2.013461e-01  5.052466e-03
9.490367e-01  6.375950e-01  7.952270e-03
9.746863e-01  1.292976e+00  2.054090e-02
1.000336e+00  1.930040e+00  3.119864e-02
1.025986e+00  2.346964e+00  3.636347e-02
1.051635e+00  2.519933e+00  2.161335e-02
1.077285e+00  2.537753e+00  2.540396e-02
1.102934e+00  2.354823e+00  2.812562e-02
1.128584e+00  2.135007e+00  1.788467e-02
1.154234e+00  1.900561e+00  1.569321e-02
1.179883e+00  1.732521e+00  3.237280e-02
1.205533e+00  1.558855e+00  4.423200e-02
1.231183e+00  1.356730e+00  2.303810e-02
1.256832e+00  1.225653e+00  1.815054e-02
1.282482e+00  1.103649e+00  2.091359e-02
1.308132e+00  1.017830e+00  1.767734e-02
1.333781e+00  9.319042e-01  1.087780e-02
1.359431e+00  8.742958e-01  1.246929e-02
1.385081e+00  8.068776e-01  1.326305e-02
1.410730e+00  7.636459e-01  1.071085e-02
1.436380e+00  7.447701e-01  1.112573e-02
1.462029e+00  7.143796e-01  1.006769e-02
1.487679e+00  6.996996e-01  9.225811e-03
1.513329e+00  6.901639e-01  9.793962e-03
1.538978e+00  6.779472e-01  1.271668e-02
1.564628e+00  6.854266e-01  1.250399e-02
1.590278e+00  6.972104e-01  1.466599e-02
1.615927e+00  7.016197e-01  8.329940e-03
1.641577e+00  7.213925e-01  1.341646e-02
1.667227e+00  7.531337e-01  1.416128e-02
1.692876e+00  7.675005e-01  7.869545e-03
1.718526e+00  7.974561e-01  6.942424e-03
1.744175e+00  8.133837e-01  1.122000e-02
1.769825e+00  8.442892e-01  1.064980e-02
1.795475e+00  8.930987e-01  1.162243e-02
1.821124e+00  9.363320e-01  1.004317e-02
1.846774e+00  9.793623e-01  1.010517e-02
1.872424e+00  1.018692e+00  1.113407e-02
1.898073e+00  1.049489e+00  1.509328e-02
1.923723e+00  1.081944e+00  1.275471e-02
1.949373e+00  1.129286e+00  9.154028e-03
1.975022e+00  1.148146e+00  1.310141e-02
2.000672e+00  1.184509e+00  1.125910e-02
2.026321e+00  1.199923e+00  9.979929e-03
2.051971e+00  1.217914e+00  1.294147e-02
2.077621e+00  1.241350e+00  2.320908e-02
2.103270e+00  1.210082e+00  1.552335e-02
2.128920e+00  1.189523e+00  1.416438e-02
2.154570e+00  1.168132e+00  1.378010e-02
2.180219e+00  1.130599e+00  1.008464e-02
2.205869e+00  1.095224e+00  8.539998e-03
2.231519e+00  1.064018e+00  8.258120e-03
2.257168e+00  1.050123e+00  1.012521e-02
2.282818e+00  1.031778e+00  8.368347e-03
2.308468e+00  1.011739e+00  8.744741e-03
2.334117e+00  9.801517e-01  6.121391e-03
2.359767e+00  9.598579e-01  8.033107e-03
2.385416e+00  9.478689e-01  9.536409e-03
2.411066e+00  9.349179e-01  8.040233e-03
2.436716e+00  9.112928e-01  7.036455e-03
2.462365e+00  9.160957e-01  7.929930e-03
2.488015e+00  9.087743e-01  1.049967e-02
2.513665e+00  9.026264e-01  8.107617e-03
2.539314e+00  8.960403e-01  8.237238e-03
