0.7	0	0.188758	0
0.7	1	0.313157	0.124399
0.7	2	0.313998	0.0507892
0.7	3	0.29547	0.0312133
0.7	4	0.275579	0.0231806
0.7	5	0.272524	0.0169838
0.7	6	0.263554	0.0136053
0.7	7	0.257263	0.0111646
0.7	8	0.253144	0.00932478
0.7	9	0.254067	0.00786935
0.7	10	0.253689	0.00675388
0.7	11	0.265555	0.00688166
0.7	12	0.270191	0.00620674
0.7	13	0.26251	0.00591769
0.7	14	0.257589	0.00546915
0.7	15	0.261542	0.00504673
0.7	16	0.255923	0.00480016
0.7	17	0.257997	0.00441923
0.7	18	0.259715	0.00408253
0.7	19	0.259719	0.00376972
0.7	20	0.257097	0.00354378
0.7	21	0.25252	0.00344536
0.7	22	0.252333	0.00321671
0.7	23	0.250267	0.00304272
0.7	24	0.248665	0.00287569
0.7	25	0.249011	0.00270794
0.7	26	0.250928	0.00258262
0.7	27	0.254144	0.00251934
0.7	28	0.25434	0.00238739
0.7	29	0.255272	0.00227292
0.7	30	0.257876	0.00221312
0.7	31	0.256932	0.0021148
0.7	32	0.258845	0.00204559
0.7	33	0.256559	0.00199432
0.7	34	0.257976	0.00192322
0.7	35	0.256914	0.00185086
0.7	36	0.257176	0.0017755
0.7	37	0.259603	0.00175068
0.7	38	0.260504	0.00168896
0.7	39	0.258697	0.00165054
0.7	40	0.262515	0.00170032
0.7	41	0.259294	0.00171444
0.7	42	0.257039	0.00169025
0.7	43	0.256968	0.00163211
0.7	44	0.260356	0.00165786
0.7	45	0.259314	0.00161082
0.7	46	0.260712	0.00157252
0.7	47	0.262246	0.00153929
0.7	48	0.264136	0.0015165
0.7	49	0.263485	0.00147356
0.7	50	0.265261	0.00145175
0.7	51	0.264137	0.00141829
0.7	52	0.26459	0.00137926
0.7	53	0.265434	0.00134564
0.7	54	0.267046	0.00132692
0.7	55	0.266187	0.0012963
0.7	56	0.265535	0.00126493
0.7	57	0.264655	0.00123748
0.7	58	0.26337	0.00121754
0.7	59	0.262445	0.00119299
0.7	60	0.263023	0.00116584
0.7	61	0.261721	0.00114958
0.7	62	0.260247	0.00113754
0.7	63	0.259045	0.00112099
0.7	64	0.258924	0.00109505
0.7	65	0.258645	0.00107056
0.7	66	0.258285	0.00104738
0.7	67	0.257513	0.00102848
0.7	68	0.257687	0.0010062
0.7	69	0.259449	0.00100711
0.7	70	0.258213	0.00099672
0.7	71	0.257972	0.000976252
0.7	72	0.257076	0.000961897
0.7	73	0.256715	0.000943235
0.7	74	0.258157	0.000939351
0.7	75	0.25827	0.000920802
0.7	76	0.258691	0.000904052
0.7	77	0.259506	0.000891429
0.7	78	0.259329	0.000874642
0.7	79	0.259684	0.000859086
0.7	80	0.260621	0.000849576
0.7	81	0.260617	0.000833956
0.7	82	0.260845	0.000819195
0.7	83	0.260618	0.000804879
0.7	84	0.259757	0.000796167
0.7	85	0.259027	0.000786208
0.7	86	0.258693	0.000773425
0.7	87	0.258993	0.000760856
0.7	88	0.257558	0.000763457
0.7	89	0.255969	0.000769327
0.7	90	0.255286	0.00076
0.7	91	0.254216	0.000755935
0.7	92	0.252933	0.000755607
0.7	93	0.254196	0.000754933
0.7	94	0.25559	0.00075674
0.7	95	0.255595	0.000744865
0.7	96	0.255981	0.000734355
0.7	97	0.255605	0.000724072
0.7	98	0.255427	0.000713283
0.7	99	0.25566	0.000702931
