0.7	0	-0.8934	0
0.7	1	-0.89786	0.00446
0.7	2	-0.895467	0.00248582
0.7	3	-0.89408	0.00164338
0.7	4	-0.893664	0.00112187
0.7	5	-0.892333	0.00101261
0.7	6	-0.891651	0.000829364
0.7	7	-0.89135	0.000674659
0.7	8	-0.893471	0.000933892
0.7	9	-0.893308	0.000789402
0.7	10	-0.893836	0.0006977
0.7	11	-0.89457	0.000646302
0.7	12	-0.894498	0.000569576
0.7	13	-0.893163	0.000627614
0.7	14	-0.893483	0.000569474
0.7	15	-0.893177	0.000520629
0.7	16	-0.892466	0.000505834
0.7	17	-0.892756	0.000467969
0.7	18	-0.892408	0.000437895
0.7	19	-0.892296	0.000405165
0.7	20	-0.892371	0.000376009
0.7	21	-0.89224	0.000351044
0.7	22	-0.892139	0.000328427
0.7	23	-0.891913	0.000311116
0.7	24	-0.891723	0.000294696
0.7	25	-0.891668	0.000277636
0.7	26	-0.891616	0.000262162
0.7	27	-0.891649	0.000247981
0.7	28	-0.89185	0.000238018
0.7	29	-0.892031	0.000228435
0.7	30	-0.891945	0.000217798
0.7	31	-0.891744	0.000210563
0.7	32	-0.89201	0.000206297
0.7	33	-0.891902	0.000197966
0.7	34	-0.891795	0.000190264
0.7	35	-0.891992	0.000185254
0.7	36	-0.89188	0.000178639
0.7	37	-0.892038	0.000173462
0.7	38	-0.892103	0.000167048
0.7	39	-0.892159	0.000160971
0.7	40	-0.892387	0.000159169
0.7	41	-0.892241	0.00015512
0.7	42	-0.892379	0.000151155
0.7	43	-0.892245	0.000147358
0.7	44	-0.892277	0.000142481
0.7	45	-0.892075	0.000141062
0.7	46	-0.89205	0.000136568
0.7	47	-0.892061	0.000132271
0.7	48	-0.892091	0.000128259
0.7	49	-0.892173	0.000124932
0.7	50	-0.892329	0.000123234
0.7	51	-0.892256	0.000120089
0.7	52	-0.892119	0.000118198
0.7	53	-0.892241	0.000116109
0.7	54	-0.892365	0.000114164
0.7	55	-0.89229	0.000111544
0.7	56	-0.892244	0.000108759
0.7	57	-0.892296	0.000106147
0.7	58	-0.892327	0.000103512
0.7	59	-0.892309	0.000100936
0.7	60	-0.892319	9.8446e-05
0.7	61	-0.89221	9.70571e-05
0.7	62	-0.892156	9.49858e-05
0.7	63	-0.89214	9.27656e-05
0.7	64	-0.892268	9.20195e-05
0.7	65	-0.892231	9.00343e-05
0.7	66	-0.892346	8.91325e-05
0.7	67	-0.892468	8.84311e-05
0.7	68	-0.892453	8.65158e-05
0.7	69	-0.892566	8.57251e-05
0.7	70	-0.892468	8.47187e-05
0.7	71	-0.892434	8.30367e-05
0.7	72	-0.892504	8.17276e-05
0.7	73	-0.892558	8.03132e-05
0.7	74	-0.892552	7.87008e-05
0.7	75	-0.892418	7.86778e-05
0.7	76	-0.892483	7.7493e-05
0.7	77	-0.892508	7.60485e-05
0.7	78	-0.892504	7.45982e-05
0.7	79	-0.892467	7.3306e-05
0.7	80	-0.892521	7.21895e-05
0.7	81	-0.892421	7.17199e-05
0.7	82	-0.892396	7.04726e-05
0.7	83	-0.892327	6.96211e-05
0.7	84	-0.892242	6.90094e-05
0.7	85	-0.892215	6.78631e-05
0.7	86	-0.892246	6.67716e-05
0.7	87	-0.892214	6.57195e-05
0.7	88	-0.892142	6.50618e-05
0.7	89	-0.892076	6.43541e-05
0.7	90	-0.891914	6.55559e-05
0.7	91	-0.891901	6.44965e-05
0.7	92	-0.891824	6.39546e-05
0.7	93	-0.891897	6.33823e-05
0.7	94	-0.891905	6.23829e-05
0.7	95	-0.891827	6.19311e-05
0.7	96	-0.891854	6.10312e-05
0.7	97	-0.891828	6.01504e-05
0.7	98	-0.891778	5.94499e-05
0.7	99	-0.89171	5.8954e-05
