0.7	0	0.237891	0
0.7	1	0.267133	0.0292413
0.7	2	0.26599	0.011965
0.7	3	0.273235	0.00807573
0.7	4	0.257811	0.00942467
0.7	5	0.263446	0.0073296
0.7	6	0.26373	0.0056561
0.7	7	0.261268	0.00462948
0.7	8	0.257022	0.00410351
0.7	9	0.256746	0.00346161
0.7	10	0.258164	0.00300413
0.7	11	0.261596	0.00281206
0.7	12	0.261565	0.00247661
0.7	13	0.262865	0.00223226
0.7	14	0.259747	0.00216902
0.7	15	0.265381	0.00244096
0.7	16	0.263192	0.0022865
0.7	17	0.265214	0.00214805
0.7	18	0.26567	0.00197754
0.7	19	0.266964	0.00184998
0.7	20	0.266579	0.00171728
0.7	21	0.267603	0.00161345
0.7	22	0.268316	0.00151391
0.7	23	0.269362	0.00143429
0.7	24	0.269659	0.00134813
0.7	25	0.271604	0.00132732
0.7	26	0.272405	0.00126224
0.7	27	0.272808	0.00119609
0.7	28	0.27319	0.00113562
0.7	29	0.27342	0.00107887
0.7	30	0.275256	0.00107933
0.7	31	0.276532	0.00105332
0.7	32	0.275452	0.00102282
0.7	33	0.27587	0.000979838
0.7	34	0.274626	0.000961323
0.7	35	0.274903	0.00092199
0.7	36	0.277923	0.00101742
0.7	37	0.279339	0.00100414
0.7	38	0.279546	0.000965681
0.7	39	0.279381	0.00092946
0.7	40	0.280553	0.000914091
0.7	41	0.281023	0.000884159
0.7	42	0.280483	0.000857073
0.7	43	0.282037	0.000860874
0.7	44	0.28437	0.000903146
0.7	45	0.283875	0.000876535
0.7	46	0.282243	0.000881756
0.7	47	0.283294	0.000867595
0.7	48	0.285674	0.00090831
0.7	49	0.285643	0.000880841
0.7	50	0.284551	0.000868565
0.7	51	0.28502	0.000845861
0.7	52	0.284892	0.000821922
0.7	53	0.285039	0.000799165
0.7	54	0.284799	0.000777885
0.7	55	0.284972	0.000757251
0.7	56	0.285288	0.000738381
0.7	57	0.284262	0.000731868
0.7	58	0.284436	0.000713496
0.7	59	0.283968	0.000698195
0.7	60	0.284076	0.000681049
0.7	61	0.284101	0.000664468
0.7	62	0.28371	0.000650445
0.7	63	0.282909	0.000643052
0.7	64	0.283107	0.000628601
0.7	65	0.282859	0.000614993
0.7	66	0.283045	0.000601574
0.7	67	0.283594	0.000592036
0.7	68	0.283526	0.000579146
0.7	69	0.283185	0.000568147
0.7	70	0.283035	0.000556361
0.7	71	0.283366	0.000546116
0.7	72	0.282258	0.000550525
0.7	73	0.281997	0.000540165
0.7	74	0.282331	0.00053072
0.7	75	0.281959	0.000521957
0.7	76	0.282108	0.000512019
0.7	77	0.28215	0.000502143
0.7	78	0.282618	0.000495393
0.7	79	0.282909	0.00048716
0.7	80	0.282835	0.000478162
0.7	81	0.282968	0.000469603
0.7	82	0.28278	0.000461545
0.7	83	0.28356	0.000461275
0.7	84	0.283708	0.000453382
0.7	85	0.283924	0.000446051
0.7	86	0.283907	0.000438327
0.7	87	0.284379	0.000433781
0.7	88	0.283762	0.000431475
0.7	89	0.283695	0.00042431
0.7	90	0.283015	0.000423392
0.7	91	0.283527	0.000419899
0.7	92	0.283302	0.000413762
0.7	93	0.283971	0.000413012
0.7	94	0.284054	0.00040655
0.7	95	0.285126	0.000415019
0.7	96	0.285096	0.000408585
0.7	97	0.284432	0.00040791
0.7	98	0.28488	0.000404244
0.7	99	0.28558	0.000404323
