0.3	0	3.33333	0
0.3	1	3.33333	0
0.3	2	3.33333	0
0.3	3	3.33294	0.000225552
0.3	4	3.33297	0.000151834
0.3	5	3.33303	0.000114178
0.3	6	3.33307	8.98621e-05
0.3	7	3.33311	7.30972e-05
0.3	8	3.33313	6.09656e-05
0.3	9	3.33315	5.18539e-05
0.3	10	3.33317	4.48055e-05
0.3	11	3.33318	3.92207e-05
0.3	12	3.33319	3.47069e-05
0.3	13	3.33297	6.86562e-05
0.3	14	3.333	6.19266e-05
0.3	15	3.33302	5.62272e-05
0.3	16	3.33304	5.13504e-05
0.3	17	3.33305	4.71392e-05
0.3	18	3.33307	4.34732e-05
0.3	19	3.33308	4.02585e-05
0.3	20	3.33309	3.74211e-05
0.3	21	3.3331	3.49017e-05
0.3	22	3.33311	3.26527e-05
0.3	23	3.33312	3.06352e-05
0.3	24	3.33313	2.88171e-05
0.3	25	3.33314	2.71718e-05
0.3	26	3.33315	2.56774e-05
0.3	27	3.33315	2.4315e-05
0.3	28	3.33316	2.30689e-05
0.3	29	3.33316	2.19257e-05
0.3	30	3.33317	2.08739e-05
0.3	31	3.33318	1.99035e-05
0.3	32	3.33318	1.9006e-05
0.3	33	3.33318	1.8174e-05
0.3	34	3.33319	1.7401e-05
0.3	35	3.33319	1.66812e-05
0.3	36	3.33278	7.0374e-05
0.3	37	3.3328	6.76072e-05
0.3	38	3.33281	6.50171e-05
0.3	39	3.33282	6.25882e-05
0.3	40	3.33284	6.03068e-05
0.3	41	3.33285	5.81608e-05
0.3	42	3.33286	5.6139e-05
0.3	43	3.33287	5.42318e-05
0.3	44	3.33288	5.24301e-05
0.3	45	3.33289	5.0726e-05
0.3	46	3.3329	4.91123e-05
0.3	47	3.33291	4.75823e-05
0.3	48	3.33292	4.61301e-05
0.3	49	3.33292	4.47504e-05
0.3	50	3.33293	4.34381e-05
0.3	51	3.33294	4.21886e-05
0.3	52	3.33295	4.0998e-05
0.3	53	3.33296	3.98623e-05
0.3	54	3.33296	3.87781e-05
0.3	55	3.33297	3.77421e-05
0.3	56	3.33298	3.67515e-05
0.3	57	3.33298	3.58035e-05
0.3	58	3.33271	4.99521e-05
0.3	59	3.33272	4.87133e-05
0.3	60	3.33273	4.7525e-05
0.3	61	3.33274	4.63841e-05
0.3	62	3.33275	4.52882e-05
0.3	63	3.33276	4.42347e-05
0.3	64	3.33275	4.32229e-05
0.3	65	3.33276	4.22486e-05
0.3	66	3.33148	0.000161981
0.3	67	3.33117	0.000162892
0.3	68	3.3312	0.000159374
0.3	69	3.33124	0.000155982
0.3	70	3.33126	0.000152708
0.3	71	3.33129	0.000149546
0.3	72	3.33132	0.000146484
0.3	73	3.33135	0.000143533
0.3	74	3.33137	0.00014068
0.3	75	3.3314	0.00013792
0.3	76	3.33142	0.00013525
0.3	77	3.33145	0.000132664
0.3	78	3.33147	0.00013016
0.3	79	3.33149	0.000127733
0.3	80	3.33152	0.000125381
0.3	81	3.33154	0.000123101
0.3	82	3.33156	0.000120888
0.3	83	3.33158	0.000118741
0.3	84	3.3316	0.000116657
0.3	85	3.33162	0.000114633
0.3	86	3.33164	0.000112657
0.3	87	3.33166	0.000110747
0.3	88	3.33167	0.00010889
0.3	89	3.33167	0.000107068
0.3	90	3.33169	0.000105313
0.3	91	3.33171	0.000103605
0.3	92	3.33172	0.000101942
0.3	93	3.33151	0.000102683
0.3	94	3.32885	0.000292982
0.3	95	3.32889	0.000288424
0.3	96	3.32894	0.000283983
0.3	97	3.32898	0.000279655
0.3	98	3.32903	0.000275436
0.3	99	3.32907	0.000271321
