0.3	0	-1	0
0.3	1	-1	0
0.3	2	-1	0
0.3	3	-0.99994	3.4641e-05
0.3	4	-0.999936	2.33238e-05
0.3	5	-0.999947	1.76887e-05
0.3	6	-0.999954	1.39971e-05
0.3	7	-0.99996	1.14286e-05
0.3	8	-0.999964	9.55814e-06
0.3	9	-0.999968	8.1468e-06
0.3	10	-0.999971	7.05117e-06
0.3	11	-0.999973	6.18063e-06
0.3	12	-0.999975	5.47542e-06
0.3	13	-0.999943	1.02522e-05
0.3	14	-0.999947	9.2533e-06
0.3	15	-0.99995	8.40635e-06
0.3	16	-0.999953	7.68092e-06
0.3	17	-0.999956	7.05398e-06
0.3	18	-0.999958	6.5078e-06
0.3	19	-0.99996	6.02856e-06
0.3	20	-0.999962	5.60531e-06
0.3	21	-0.999964	5.22932e-06
0.3	22	-0.999965	4.89353e-06
0.3	23	-0.999967	4.59217e-06
0.3	24	-0.999968	4.32049e-06
0.3	25	-0.999969	4.07457e-06
0.3	26	-0.99997	3.85111e-06
0.3	27	-0.999971	3.64734e-06
0.3	28	-0.999972	3.46092e-06
0.3	29	-0.999973	3.28985e-06
0.3	30	-0.999974	3.13241e-06
0.3	31	-0.999975	2.98714e-06
0.3	32	-0.999976	2.85275e-06
0.3	33	-0.999976	2.72815e-06
0.3	34	-0.999977	2.61235e-06
0.3	35	-0.999978	2.50452e-06
0.3	36	-0.99995	5.17563e-06
0.3	37	-0.999952	4.9737e-06
0.3	38	-0.999953	4.78457e-06
0.3	39	-0.999954	4.60712e-06
0.3	40	-0.999955	4.44036e-06
0.3	41	-0.999956	4.28343e-06
0.3	42	-0.999957	4.13553e-06
0.3	43	-0.999958	3.99594e-06
0.3	44	-0.999959	3.86403e-06
0.3	45	-0.99996	3.73922e-06
0.3	46	-0.999961	3.62098e-06
0.3	47	-0.999962	3.50885e-06
0.3	48	-0.999962	3.40238e-06
0.3	49	-0.999963	3.30119e-06
0.3	50	-0.999964	3.20492e-06
0.3	51	-0.999965	3.11323e-06
0.3	52	-0.999965	3.02584e-06
0.3	53	-0.999966	2.94246e-06
0.3	54	-0.999967	2.86283e-06
0.3	55	-0.999967	2.78674e-06
0.3	56	-0.999968	2.71395e-06
0.3	57	-0.999968	2.64428e-06
0.3	58	-0.999947	3.78899e-06
0.3	59	-0.999948	3.69538e-06
0.3	60	-0.999949	3.60556e-06
0.3	61	-0.99995	3.51932e-06
0.3	62	-0.99995	3.43647e-06
0.3	63	-0.999951	3.35681e-06
0.3	64	-0.999948	3.29941e-06
0.3	65	-0.999949	3.22541e-06
0.3	66	-0.999921	4.71607e-06
0.3	67	-0.99991	4.78968e-06
0.3	68	-0.999911	4.68759e-06
0.3	69	-0.999913	4.58908e-06
0.3	70	-0.999914	4.49396e-06
0.3	71	-0.999915	4.40208e-06
0.3	72	-0.999915	4.31111e-06
0.3	73	-0.999916	4.22537e-06
0.3	74	-0.999917	4.14242e-06
0.3	75	-0.999918	4.06215e-06
0.3	76	-0.999919	3.98444e-06
0.3	77	-0.999921	3.90917e-06
0.3	78	-0.999922	3.83625e-06
0.3	79	-0.999923	3.76556e-06
0.3	80	-0.999923	3.69701e-06
0.3	81	-0.999924	3.63052e-06
0.3	82	-0.999925	3.56599e-06
0.3	83	-0.999926	3.50336e-06
0.3	84	-0.999927	3.44253e-06
0.3	85	-0.999928	3.38344e-06
0.3	86	-0.999927	3.32661e-06
0.3	87	-0.999928	3.27085e-06
0.3	88	-0.999929	3.21663e-06
0.3	89	-0.999926	3.17629e-06
0.3	90	-0.999927	3.12487e-06
0.3	91	-0.999927	3.07483e-06
0.3	92	-0.999928	3.0261e-06
0.3	93	-0.999915	3.26227e-06
0.3	94	-0.999846	7.80778e-06
0.3	95	-0.999848	7.687e-06
0.3	96	-0.999849	7.56931e-06
0.3	97	-0.999851	7.45459e-06
0.3	98	-0.999853	7.34273e-06
0.3	99	-0.999854	7.23365e-06
