0.3	0	0	0
0.3	1	0	0
0.3	2	0	0
0.3	3	0.0007952	0.000459109
0.3	4	0.000849067	0.000309155
0.3	5	0.000707556	0.000234477
0.3	6	0.000606476	0.00018555
0.3	7	0.000530667	0.000151505
0.3	8	0.000471704	0.000126712
0.3	9	0.000424533	0.000108003
0.3	10	0.000385939	9.34796e-05
0.3	11	0.000353778	8.19394e-05
0.3	12	0.000326564	7.25907e-05
0.3	13	0.000754895	0.000135211
0.3	14	0.000704569	0.00012204
0.3	15	0.000660533	0.000110871
0.3	16	0.000621678	0.000101305
0.3	17	0.000587141	9.30375e-05
0.3	18	0.000556239	8.58347e-05
0.3	19	0.000528427	7.95145e-05
0.3	20	0.000503263	7.39327e-05
0.3	21	0.000480388	6.89741e-05
0.3	22	0.000459501	6.45455e-05
0.3	23	0.000440356	6.0571e-05
0.3	24	0.000422741	5.6988e-05
0.3	25	0.000406482	5.37445e-05
0.3	26	0.000391427	5.07973e-05
0.3	27	0.000377448	4.81097e-05
0.3	28	0.000364432	4.5651e-05
0.3	29	0.000352284	4.33946e-05
0.3	30	0.00034092	4.13181e-05
0.3	31	0.000330267	3.94021e-05
0.3	32	0.000320259	3.76296e-05
0.3	33	0.000310839	3.5986e-05
0.3	34	0.000301958	3.44587e-05
0.3	35	0.00029357	3.30364e-05
0.3	36	0.000650667	6.74232e-05
0.3	37	0.000633544	6.47932e-05
0.3	38	0.000617299	6.23298e-05
0.3	39	0.000601867	6.00186e-05
0.3	40	0.000587187	5.78466e-05
0.3	41	0.000573206	5.58026e-05
0.3	42	0.000559876	5.38761e-05
0.3	43	0.000547152	5.20579e-05
0.3	44	0.000534993	5.03397e-05
0.3	45	0.000523362	4.87139e-05
0.3	46	0.000512227	4.71738e-05
0.3	47	0.000501556	4.57132e-05
0.3	48	0.00049132	4.43263e-05
0.3	49	0.000481493	4.30082e-05
0.3	50	0.000472052	4.17542e-05
0.3	51	0.000462974	4.05599e-05
0.3	52	0.000454239	3.94214e-05
0.3	53	0.000445827	3.83352e-05
0.3	54	0.000437721	3.7298e-05
0.3	55	0.000429905	3.63067e-05
0.3	56	0.000422363	3.53586e-05
0.3	57	0.00041508	3.4451e-05
0.3	58	0.000688054	4.91081e-05
0.3	59	0.000676587	4.7895e-05
0.3	60	0.000665495	4.67311e-05
0.3	61	0.000654761	4.56135e-05
0.3	62	0.000644368	4.45398e-05
0.3	63	0.0006343	4.35075e-05
0.3	64	0.000673477	4.27782e-05
0.3	65	0.000663273	4.18189e-05
0.3	66	0.00102431	6.03812e-05
0.3	67	0.00116297	6.14232e-05
0.3	68	0.00114612	6.01145e-05
0.3	69	0.00112974	5.88516e-05
0.3	70	0.00111383	5.76323e-05
0.3	71	0.00109836	5.64545e-05
0.3	72	0.0010979	5.52878e-05
0.3	73	0.00108306	5.41886e-05
0.3	74	0.00106862	5.31252e-05
0.3	75	0.00105456	5.20962e-05
0.3	76	0.00104087	5.11e-05
0.3	77	0.00102752	5.01351e-05
0.3	78	0.00101451	4.92001e-05
0.3	79	0.00100183	4.82938e-05
0.3	80	0.000989465	4.7415e-05
0.3	81	0.000977398	4.65626e-05
0.3	82	0.000965622	4.57353e-05
0.3	83	0.000954127	4.49322e-05
0.3	84	0.000942902	4.41524e-05
0.3	85	0.000931938	4.33948e-05
0.3	86	0.000945649	4.26686e-05
0.3	87	0.000934903	4.19537e-05
0.3	88	0.000924399	4.12585e-05
0.3	89	0.000961156	4.07543e-05
0.3	90	0.000950593	4.00949e-05
0.3	91	0.000940261	3.9453e-05
0.3	92	0.000930151	3.88281e-05
0.3	93	0.00109601	4.18983e-05
0.3	94	0.0018617	8.90915e-05
0.3	95	0.00184231	8.7716e-05
0.3	96	0.00182331	8.63754e-05
0.3	97	0.00180471	8.50687e-05
0.3	98	0.00178648	8.37945e-05
0.3	99	0.00176861	8.25518e-05
