0.9	0	0.0850756	0
0.9	1	0.0929009	0.00782533
0.9	2	0.0937862	0.00325544
0.9	3	0.0936377	0.00188148
0.9	4	0.0936179	0.00126218
0.9	5	0.100043	0.00301759
0.9	6	0.103006	0.00262372
0.9	7	0.099736	0.00243994
0.9	8	0.099344	0.00201761
0.9	9	0.0987236	0.00171392
0.9	10	0.0986836	0.0014708
0.9	11	0.0971321	0.00136297
0.9	12	0.0965652	0.00121147
0.9	13	0.0952451	0.0011381
0.9	14	0.0965168	0.00107606
0.9	15	0.0963661	0.00097321
0.9	16	0.0983058	0.00100927
0.9	17	0.099784	0.000990318
0.9	18	0.0996829	0.000910666
0.9	19	0.0987739	0.000866366
0.9	20	0.0999585	0.000845763
0.9	21	0.0989223	0.000818812
0.9	22	0.100194	0.00081104
0.9	23	0.100298	0.000759757
0.9	24	0.100245	0.000713472
0.9	25	0.0992841	0.000698588
0.9	26	0.0992813	0.000659163
0.9	27	0.0998643	0.000633328
0.9	28	0.102003	0.000723531
0.9	29	0.101891	0.000687155
0.9	30	0.10158	0.000655907
0.9	31	0.102055	0.000630547
0.9	32	0.101659	0.000605572
0.9	33	0.103071	0.000628556
0.9	34	0.10268	0.000605019
0.9	35	0.102677	0.000579512
0.9	36	0.102751	0.000555887
0.9	37	0.101789	0.000556647
0.9	38	0.102185	0.000538851
0.9	39	0.101984	0.000519429
0.9	40	0.102698	0.000512806
0.9	41	0.103285	0.000502742
0.9	42	0.103291	0.000485033
0.9	43	0.102606	0.000479844
0.9	44	0.101793	0.000479636
0.9	45	0.101485	0.000466121
0.9	46	0.101954	0.000456391
0.9	47	0.101876	0.000442151
0.9	48	0.102378	0.000434587
0.9	49	0.1022	0.000422207
0.9	50	0.102168	0.000409712
0.9	51	0.102055	0.000398109
0.9	52	0.102906	0.000404344
0.9	53	0.102703	0.000394008
0.9	54	0.102992	0.000385188
0.9	55	0.102877	0.000375112
0.9	56	0.102923	0.00036522
0.9	57	0.103306	0.000359295
0.9	58	0.103194	0.000350401
0.9	59	0.102709	0.000347382
0.9	60	0.102853	0.00033929
0.9	61	0.102863	0.000331028
0.9	62	0.102605	0.000324755
0.9	63	0.102978	0.000320551
0.9	64	0.102751	0.00031438
0.9	65	0.103359	0.00031631
0.9	66	0.103293	0.000309293
0.9	67	0.103673	0.000305975
0.9	68	0.103615	0.000299367
0.9	69	0.103904	0.000294979
0.9	70	0.103406	0.000294793
0.9	71	0.103142	0.000290301
0.9	72	0.103238	0.000284526
0.9	73	0.103372	0.000279162
0.9	74	0.103485	0.000273867
0.9	75	0.103639	0.000269014
0.9	76	0.104069	0.000268317
0.9	77	0.104214	0.000263652
0.9	78	0.104068	0.000259152
0.9	79	0.104039	0.000254287
0.9	80	0.103994	0.000249605
0.9	81	0.103896	0.000245257
0.9	82	0.104096	0.000241811
0.9	83	0.104108	0.000237475
0.9	84	0.104196	0.000233464
0.9	85	0.10411	0.000229565
0.9	86	0.104157	0.000225646
0.9	87	0.104278	0.000222162
0.9	88	0.103796	0.000224369
0.9	89	0.104081	0.000222672
0.9	90	0.104061	0.000218995
0.9	91	0.103799	0.000217154
0.9	92	0.103562	0.000215058
0.9	93	0.103641	0.00021177
0.9	94	0.103542	0.000208664
0.9	95	0.103377	0.000206082
0.9	96	0.10317	0.000203981
0.9	97	0.103092	0.000201001
0.9	98	0.102996	0.000198182
0.9	99	0.102837	0.000195846
