0.9	0	-0.81484	0
0.9	1	-0.80722	0.00762
0.9	2	-0.806507	0.00315148
0.9	3	-0.8057	0.00187817
0.9	4	-0.803528	0.00166336
0.9	5	-0.803773	0.00121969
0.9	6	-0.804623	0.00100289
0.9	7	-0.80274	0.00107379
0.9	8	-0.802782	0.000885959
0.9	9	-0.802872	0.000747705
0.9	10	-0.803225	0.000651281
0.9	11	-0.80252	0.000605459
0.9	12	-0.802969	0.000548774
0.9	13	-0.802549	0.000501883
0.9	14	-0.803096	0.000473407
0.9	15	-0.80291	0.000430503
0.9	16	-0.802666	0.000396274
0.9	17	-0.803222	0.000386757
0.9	18	-0.802488	0.000395367
0.9	19	-0.80246	0.000365132
0.9	20	-0.802419	0.00033864
0.9	21	-0.802644	0.000318887
0.9	22	-0.802991	0.000306791
0.9	23	-0.802928	0.000287573
0.9	24	-0.802661	0.00027549
0.9	25	-0.802517	0.000260926
0.9	26	-0.802644	0.000247467
0.9	27	-0.802776	0.000235368
0.9	28	-0.802858	0.000223555
0.9	29	-0.802769	0.000212855
0.9	30	-0.80284	0.000202824
0.9	31	-0.802722	0.00019434
0.9	32	-0.80283	0.000186369
0.9	33	-0.803047	0.000181998
0.9	34	-0.802969	0.000174616
0.9	35	-0.803113	0.000169021
0.9	36	-0.803357	0.00016709
0.9	37	-0.803469	0.000161487
0.9	38	-0.803698	0.000159592
0.9	39	-0.803707	0.00015355
0.9	40	-0.803731	0.000147922
0.9	41	-0.803699	0.000142671
0.9	42	-0.8037	0.000137646
0.9	43	-0.803457	0.000137985
0.9	44	-0.803363	0.000134103
0.9	45	-0.803231	0.00013116
0.9	46	-0.80326	0.000127009
0.9	47	-0.803112	0.000124904
0.9	48	-0.803192	0.0001216
0.9	49	-0.803362	0.000120412
0.9	50	-0.803444	0.000117408
0.9	51	-0.803419	0.000114047
0.9	52	-0.803635	0.00011478
0.9	53	-0.80363	0.000111568
0.9	54	-0.803529	0.00010938
0.9	55	-0.803429	0.00010727
0.9	56	-0.803482	0.000104664
0.9	57	-0.803542	0.000102247
0.9	58	-0.803652	0.000100673
0.9	59	-0.803678	9.81957e-05
0.9	60	-0.80371	9.58507e-05
0.9	61	-0.803645	9.38782e-05
0.9	62	-0.80361	9.17359e-05
0.9	63	-0.803687	9.01001e-05
0.9	64	-0.803678	8.80151e-05
0.9	65	-0.803798	8.72811e-05
0.9	66	-0.80372	8.58558e-05
0.9	67	-0.803862	8.57181e-05
0.9	68	-0.803918	8.41228e-05
0.9	69	-0.803937	8.23388e-05
0.9	70	-0.803989	8.08297e-05
0.9	71	-0.803952	7.92581e-05
0.9	72	-0.803981	7.76961e-05
0.9	73	-0.804085	7.70903e-05
0.9	74	-0.804094	7.55471e-05
0.9	75	-0.804009	7.46943e-05
0.9	76	-0.804146	7.48864e-05
0.9	77	-0.804113	7.35327e-05
0.9	78	-0.804063	7.23513e-05
0.9	79	-0.804058	7.09901e-05
0.9	80	-0.804074	6.96904e-05
0.9	81	-0.803945	6.98877e-05
0.9	82	-0.803929	6.86402e-05
0.9	83	-0.803941	6.74219e-05
0.9	84	-0.803868	6.67121e-05
0.9	85	-0.803936	6.59571e-05
0.9	86	-0.803943	6.48185e-05
0.9	87	-0.80389	6.39525e-05
0.9	88	-0.803907	6.28929e-05
0.9	89	-0.803846	6.2174e-05
0.9	90	-0.803829	6.11687e-05
0.9	91	-0.803863	6.02698e-05
0.9	92	-0.803854	5.93005e-05
0.9	93	-0.803849	5.83521e-05
0.9	94	-0.803747	5.83823e-05
0.9	95	-0.803752	5.74685e-05
0.9	96	-0.803815	5.69374e-05
0.9	97	-0.803791	5.6118e-05
0.9	98	-0.803813	5.53117e-05
0.9	99	-0.803892	5.50493e-05
