0.9	0	0.39313	0
0.9	1	0.392467	0.000663022
0.9	2	0.3942	0.00125484
0.9	3	0.38584	0.00488073
0.9	4	0.381503	0.00392724
0.9	5	0.377634	0.00334955
0.9	6	0.377628	0.00258424
0.9	7	0.374844	0.00232387
0.9	8	0.373055	0.00201877
0.9	9	0.377376	0.00223012
0.9	10	0.376273	0.00194528
0.9	11	0.37561	0.00170488
0.9	12	0.377587	0.00160622
0.9	13	0.376948	0.00143965
0.9	14	0.376834	0.00129186
0.9	15	0.376181	0.00117953
0.9	16	0.377457	0.00111922
0.9	17	0.377648	0.00102475
0.9	18	0.380997	0.00122898
0.9	19	0.381287	0.00113676
0.9	20	0.383705	0.00118453
0.9	21	0.385271	0.00115396
0.9	22	0.385627	0.00107997
0.9	23	0.385986	0.00101403
0.9	24	0.384521	0.000997997
0.9	25	0.385064	0.000945716
0.9	26	0.38524	0.000893015
0.9	27	0.38472	0.00085036
0.9	28	0.386095	0.000846597
0.9	29	0.386659	0.000810463
0.9	30	0.387759	0.000796406
0.9	31	0.389666	0.000832345
0.9	32	0.389712	0.000794064
0.9	33	0.389449	0.000759966
0.9	34	0.388938	0.000732275
0.9	35	0.387153	0.000763522
0.9	36	0.386372	0.000743693
0.9	37	0.386789	0.000717295
0.9	38	0.386754	0.000689431
0.9	39	0.386244	0.000668306
0.9	40	0.385033	0.000671487
0.9	41	0.384629	0.000650329
0.9	42	0.384379	0.000628601
0.9	43	0.383411	0.000624684
0.9	44	0.383541	0.000603984
0.9	45	0.384279	0.000594392
0.9	46	0.383856	0.00057862
0.9	47	0.384851	0.000578835
0.9	48	0.385555	0.00057011
0.9	49	0.384504	0.000572888
0.9	50	0.385919	0.000590801
0.9	51	0.38527	0.000580766
0.9	52	0.385507	0.000565149
0.9	53	0.386153	0.000556466
0.9	54	0.387015	0.000553723
0.9	55	0.387108	0.000538926
0.9	56	0.386826	0.00052599
0.9	57	0.386942	0.000512518
0.9	58	0.38673	0.000500175
0.9	59	0.386243	0.000491682
0.9	60	0.387396	0.000502098
0.9	61	0.387029	0.000492122
0.9	62	0.386791	0.000481277
0.9	63	0.38637	0.000472904
0.9	64	0.386369	0.00046192
0.9	65	0.386366	0.000451355
0.9	66	0.386231	0.000441496
0.9	67	0.386304	0.000431789
0.9	68	0.385875	0.00042554
0.9	69	0.385597	0.000417709
0.9	70	0.385316	0.000410215
0.9	71	0.385154	0.000402078
0.9	72	0.385257	0.000393956
0.9	73	0.385315	0.000385984
0.9	74	0.386769	0.000414275
0.9	75	0.387807	0.000423389
0.9	76	0.387599	0.000415783
0.9	77	0.38785	0.000408746
0.9	78	0.387959	0.000401133
0.9	79	0.388147	0.000394138
0.9	80	0.388239	0.000386939
0.9	81	0.388117	0.000380065
0.9	82	0.387938	0.000373684
0.9	83	0.387889	0.000367018
0.9	84	0.388551	0.000367685
0.9	85	0.388796	0.000362214
0.9	86	0.388802	0.000355939
0.9	87	0.389434	0.00035634
0.9	88	0.389815	0.000352653
0.9	89	0.389449	0.00034891
0.9	90	0.390139	0.000350742
0.9	91	0.390089	0.000345036
0.9	92	0.389933	0.000339839
0.9	93	0.390043	0.000334588
0.9	94	0.390276	0.00033016
0.9	95	0.390213	0.000325045
0.9	96	0.390177	0.000320017
0.9	97	0.390277	0.000315261
0.9	98	0.390311	0.000310483
0.9	99	0.390395	0.000305923
