0.2	0	0	1	0
0.2	0	1	1	0
0.2	0	2	1	0
0.2	0	3	1	0
0.2	0	4	1	0
0.2	0	5	1	0
0.2	0	6	1	0
0.2	0	7	1	0
0.2	0	8	1	0
0.2	0	9	1	0
0.2	0	10	1	0
0.2	0	11	1	0
0.2	0	12	1	0
0.2	0	13	1	0
0.2	0	14	1	0
0.2	0	15	1	0
0.2	0	16	1	0
0.2	0	17	1	0
0.2	0	18	1	0
0.2	0	19	1	0
0.2	0	20	1	0
0.2	0	21	1	0
0.2	0	22	1	0
0.2	0	23	1	0
0.2	0	24	1	0
0.2	0	25	1	0
0.2	0	26	1	0
0.2	0	27	1	0
0.2	0	28	1	0
0.2	0	29	1	0
0.2	0	30	1	0
0.2	0	31	1	0
0.2	0	32	1	0
0.2	0	33	1	0
0.2	0	34	1	0
0.2	0	35	1	0
0.2	0	36	1	0
0.2	0	37	1	0
0.2	0	38	1	0
0.2	0	39	1	0
0.2	0	40	1	0
0.2	0	41	1	0
0.2	0	42	1	0
0.2	0	43	1	0
0.2	0	44	1	0
0.2	0	45	1	0
0.2	0	46	1	0
0.2	0	47	1	0
0.2	0	48	1	0
0.2	0	49	1	0
0.2	1	0	1	0
0.2	1	1	1	0
0.2	1	2	1	0
0.2	1	3	1	0
0.2	1	4	1	0
0.2	1	5	1	0
0.2	1	6	1	0
0.2	1	7	1	0
0.2	1	8	1	0
0.2	1	9	1	0
0.2	1	10	1	0
0.2	1	11	1	0
0.2	1	12	1	0
0.2	1	13	1	0
0.2	1	14	1	0
0.2	1	15	1	0
0.2	1	16	1	0
0.2	1	17	1	0
0.2	1	18	1	0
0.2	1	19	1	0
0.2	1	20	1	0
0.2	1	21	1	0
0.2	1	22	1	0
0.2	1	23	1	0
0.2	1	24	1	0
0.2	1	25	1	0
0.2	1	26	1	0
0.2	1	27	1	0
0.2	1	28	1	0
0.2	1	29	1	0
0.2	1	30	1	0
0.2	1	31	1	0
0.2	1	32	1	0
0.2	1	33	1	0
0.2	1	34	1	0
0.2	1	35	1	0
0.2	1	36	1	0
0.2	1	37	1	0
0.2	1	38	1	0
0.2	1	39	1	0
0.2	1	40	1	0
0.2	1	41	1	0
0.2	1	42	1	0
0.2	1	43	1	0
0.2	1	44	1	0
0.2	1	45	1	0
0.2	1	46	1	0
0.2	1	47	1	0
0.2	1	48	1	0
0.2	1	49	1	0
0.2	2	0	1	0
0.2	2	1	1	0
0.2	2	2	1	0
0.2	2	3	1	0
0.2	2	4	1	0
0.2	2	5	1	0
0.2	2	6	1	0
0.2	2	7	1	0
0.2	2	8	1	0
0.2	2	9	1	0
0.2	2	10	1	0
0.2	2	11	1	0
0.2	2	12	1	0
0.2	2	13	1	0
0.2	2	14	1	0
0.2	2	15	1	0
0.2	2	16	1	0
0.2	2	17	1	0
0.2	2	18	1	0
0.2	2	19	1	0
0.2	2	20	1	0
0.2	2	21	1	0
0.2	2	22	1	0
0.2	2	23	1	0
0.2	2	24	1	0
0.2	2	25	1	0
0.2	2	26	1	0
0.2	2	27	1	0
0.2	2	28	1	0
0.2	2	29	1	0
0.2	2	30	1	0
0.2	2	31	1	0
0.2	2	32	1	0
0.2	2	33	1	0
0.2	2	34	1	0
0.2	2	35	1	0
0.2	2	36	1	0
0.2	2	37	1	0
0.2	2	38	1	0
0.2	2	39	1	0
0.2	2	40	1	0
0.2	2	41	1	0
0.2	2	42	1	0
0.2	2	43	1	0
0.2	2	44	1	0
0.2	2	45	1	0
0.2	2	46	1	0
0.2	2	47	1	0
0.2	2	48	1	0
0.2	2	49	1	0
0.2	3	0	1	0
0.2	3	1	1	0
0.2	3	2	1	0
0.2	3	3	1	0
0.2	3	4	1	0
0.2	3	5	1	0
0.2	3	6	1	0
0.2	3	7	1	0
0.2	3	8	1	0
0.2	3	9	1	0
0.2	3	10	1	0
0.2	3	11	1	0
0.2	3	12	1	0
0.2	3	13	1	0
0.2	3	14	1	0
0.2	3	15	1	0
0.2	3	16	1	0
0.2	3	17	1	0
0.2	3	18	1	0
0.2	3	19	1	0
0.2	3	20	1	0
0.2	3	21	1	0
0.2	3	22	1	0
0.2	3	23	1	0
0.2	3	24	1	0
0.2	3	25	1	0
0.2	3	26	1	0
0.2	3	27	1	0
0.2	3	28	1	0
0.2	3	29	1	0
0.2	3	30	1	0
0.2	3	31	1	0
0.2	3	32	1	0
0.2	3	33	1	0
0.2	3	34	1	0
0.2	3	35	1	0
0.2	3	36	1	0
0.2	3	37	1	0
0.2	3	38	1	0
0.2	3	39	1	0
0.2	3	40	1	0
0.2	3	41	1	0
0.2	3	42	1	0
0.2	3	43	1	0
0.2	3	44	1	0
0.2	3	45	1	0
0.2	3	46	1	0
0.2	3	47	1	0
0.2	3	48	1	0
0.2	3	49	1	0
0.2	4	0	1	3.72529e-09
0.2	4	1	1	3.72529e-09
0.2	4	2	1	3.72529e-09
0.2	4	3	1	3.72529e-09
0.2	4	4	1	3.72529e-09
0.2	4	5	1	3.72529e-09
0.2	4	6	1	3.72529e-09
0.2	4	7	1	3.72529e-09
0.2	4	8	1	3.72529e-09
0.2	4	9	1	3.72529e-09
0.2	4	10	1	3.72529e-09
0.2	4	11	1	3.72529e-09
0.2	4	12	1	3.72529e-09
0.2	4	13	1	3.72529e-09
0.2	4	14	1	3.72529e-09
0.2	4	15	1	3.72529e-09
0.2	4	16	1	3.72529e-09
0.2	4	17	1	3.72529e-09
0.2	4	18	1	3.72529e-09
0.2	4	19	1	3.72529e-09
0.2	4	20	1	3.72529e-09
0.2	4	21	1	3.72529e-09
0.2	4	22	1	3.72529e-09
0.2	4	23	1	3.72529e-09
0.2	4	24	1	3.72529e-09
0.2	4	25	1	3.72529e-09
0.2	4	26	1	3.72529e-09
0.2	4	27	1	3.72529e-09
0.2	4	28	1	3.72529e-09
0.2	4	29	1	3.72529e-09
0.2	4	30	1	3.72529e-09
0.2	4	31	1	3.72529e-09
0.2	4	32	1	3.72529e-09
0.2	4	33	1	3.72529e-09
0.2	4	34	1	3.72529e-09
0.2	4	35	1	3.72529e-09
0.2	4	36	1	3.72529e-09
0.2	4	37	1	3.72529e-09
0.2	4	38	1	3.72529e-09
0.2	4	39	1	3.72529e-09
0.2	4	40	1	3.72529e-09
0.2	4	41	1	3.72529e-09
0.2	4	42	1	3.72529e-09
0.2	4	43	1	3.72529e-09
0.2	4	44	1	3.72529e-09
0.2	4	45	1	3.72529e-09
0.2	4	46	1	3.72529e-09
0.2	4	47	1	3.72529e-09
0.2	4	48	1	3.72529e-09
0.2	4	49	1	3.72529e-09
0.2	5	0	1	2.98023e-09
0.2	5	1	1	2.98023e-09
0.2	5	2	1	2.98023e-09
0.2	5	3	1	2.98023e-09
0.2	5	4	1	2.98023e-09
0.2	5	5	1	2.98023e-09
0.2	5	6	1	2.98023e-09
0.2	5	7	1	2.98023e-09
0.2	5	8	1	2.98023e-09
0.2	5	9	1	2.98023e-09
0.2	5	10	1	2.98023e-09
0.2	5	11	1	2.98023e-09
0.2	5	12	1	2.98023e-09
0.2	5	13	1	2.98023e-09
0.2	5	14	1	2.98023e-09
0.2	5	15	1	2.98023e-09
0.2	5	16	1	2.98023e-09
0.2	5	17	1	2.98023e-09
0.2	5	18	1	2.98023e-09
0.2	5	19	1	2.98023e-09
0.2	5	20	1	2.98023e-09
0.2	5	21	1	2.98023e-09
0.2	5	22	1	2.98023e-09
0.2	5	23	1	2.98023e-09
0.2	5	24	1	2.98023e-09
0.2	5	25	1	2.98023e-09
0.2	5	26	1	2.98023e-09
0.2	5	27	1	2.98023e-09
0.2	5	28	1	2.98023e-09
0.2	5	29	1	2.98023e-09
0.2	5	30	1	2.98023e-09
0.2	5	31	1	2.98023e-09
0.2	5	32	1	2.98023e-09
0.2	5	33	1	2.98023e-09
0.2	5	34	1	2.98023e-09
0.2	5	35	1	2.98023e-09
0.2	5	36	1	2.98023e-09
0.2	5	37	1	2.98023e-09
0.2	5	38	1	2.98023e-09
0.2	5	39	1	2.98023e-09
0.2	5	40	1	2.98023e-09
0.2	5	41	1	2.98023e-09
0.2	5	42	1	2.98023e-09
0.2	5	43	1	2.98023e-09
0.2	5	44	1	2.98023e-09
0.2	5	45	1	2.98023e-09
0.2	5	46	1	2.98023e-09
0.2	5	47	1	2.98023e-09
0.2	5	48	1	2.98023e-09
0.2	5	49	1	2.98023e-09
0.2	6	0	1	3.51224e-09
0.2	6	1	1	3.51224e-09
0.2	6	2	1	3.51224e-09
0.2	6	3	1	3.51224e-09
0.2	6	4	1	3.51224e-09
0.2	6	5	1	3.51224e-09
0.2	6	6	1	3.51224e-09
0.2	6	7	1	3.51224e-09
0.2	6	8	1	3.51224e-09
0.2	6	9	1	3.51224e-09
0.2	6	10	1	3.51224e-09
0.2	6	11	1	3.51224e-09
0.2	6	12	1	3.51224e-09
0.2	6	13	1	3.51224e-09
0.2	6	14	1	3.51224e-09
0.2	6	15	1	3.51224e-09
0.2	6	16	1	3.51224e-09
0.2	6	17	1	3.51224e-09
0.2	6	18	1	3.51224e-09
0.2	6	19	1	3.51224e-09
0.2	6	20	1	3.51224e-09
0.2	6	21	1	3.51224e-09
0.2	6	22	1	3.51224e-09
0.2	6	23	1	3.51224e-09
0.2	6	24	1	3.51224e-09
0.2	6	25	1	3.51224e-09
0.2	6	26	1	3.51224e-09
0.2	6	27	1	3.51224e-09
0.2	6	28	1	3.51224e-09
0.2	6	29	1	3.51224e-09
0.2	6	30	1	3.51224e-09
0.2	6	31	1	3.51224e-09
0.2	6	32	1	3.51224e-09
0.2	6	33	1	3.51224e-09
0.2	6	34	1	3.51224e-09
0.2	6	35	1	3.51224e-09
0.2	6	36	1	3.51224e-09
0.2	6	37	1	3.51224e-09
0.2	6	38	1	3.51224e-09
0.2	6	39	1	3.51224e-09
0.2	6	40	1	3.51224e-09
0.2	6	41	1	3.51224e-09
0.2	6	42	1	3.51224e-09
0.2	6	43	1	3.51224e-09
0.2	6	44	1	3.51224e-09
0.2	6	45	1	3.51224e-09
0.2	6	46	1	3.51224e-09
0.2	6	47	1	3.51224e-09
0.2	6	48	1	3.51224e-09
0.2	6	49	1	3.51224e-09
0.2	7	0	1	3.01049e-09
0.2	7	1	1	3.01049e-09
0.2	7	2	1	3.01049e-09
0.2	7	3	1	3.01049e-09
0.2	7	4	1	3.01049e-09
0.2	7	5	1	3.01049e-09
0.2	7	6	1	3.01049e-09
0.2	7	7	1	3.01049e-09
0.2	7	8	1	3.01049e-09
0.2	7	9	1	3.01049e-09
0.2	7	10	1	3.01049e-09
0.2	7	11	1	3.01049e-09
0.2	7	12	1	3.01049e-09
0.2	7	13	1	3.01049e-09
0.2	7	14	1	3.01049e-09
0.2	7	15	1	3.01049e-09
0.2	7	16	1	3.01049e-09
0.2	7	17	1	3.01049e-09
0.2	7	18	1	3.01049e-09
0.2	7	19	1	3.01049e-09
0.2	7	20	1	3.01049e-09
0.2	7	21	1	3.01049e-09
0.2	7	22	1	3.01049e-09
0.2	7	23	1	3.01049e-09
0.2	7	24	1	3.01049e-09
0.2	7	25	1	3.01049e-09
0.2	7	26	1	3.01049e-09
0.2	7	27	1	3.01049e-09
0.2	7	28	1	3.01049e-09
0.2	7	29	1	3.01049e-09
0.2	7	30	1	3.01049e-09
0.2	7	31	1	3.01049e-09
0.2	7	32	1	3.01049e-09
0.2	7	33	1	3.01049e-09
0.2	7	34	1	3.01049e-09
0.2	7	35	1	3.01049e-09
0.2	7	36	1	3.01049e-09
0.2	7	37	1	3.01049e-09
0.2	7	38	1	3.01049e-09
0.2	7	39	1	3.01049e-09
0.2	7	40	1	3.01049e-09
0.2	7	41	1	3.01049e-09
0.2	7	42	1	3.01049e-09
0.2	7	43	1	3.01049e-09
0.2	7	44	1	3.01049e-09
0.2	7	45	1	3.01049e-09
0.2	7	46	1	3.01049e-09
0.2	7	47	1	3.01049e-09
0.2	7	48	1	3.01049e-09
0.2	7	49	1	3.01049e-09
0.2	8	0	1	2.28127e-09
0.2	8	1	1	2.28127e-09
0.2	8	2	1	2.28127e-09
0.2	8	3	1	2.28127e-09
0.2	8	4	1	2.28127e-09
0.2	8	5	1	2.28127e-09
0.2	8	6	1	2.28127e-09
0.2	8	7	1	2.28127e-09
0.2	8	8	1	2.28127e-09
0.2	8	9	1	2.28127e-09
0.2	8	10	1	2.28127e-09
0.2	8	11	1	2.28127e-09
0.2	8	12	1	2.28127e-09
0.2	8	13	1	2.28127e-09
0.2	8	14	1	2.28127e-09
0.2	8	15	1	2.28127e-09
0.2	8	16	1	2.28127e-09
0.2	8	17	1	2.28127e-09
0.2	8	18	1	2.28127e-09
0.2	8	19	1	2.28127e-09
0.2	8	20	1	2.28127e-09
0.2	8	21	1	2.28127e-09
0.2	8	22	1	2.28127e-09
0.2	8	23	1	2.28127e-09
0.2	8	24	1	2.28127e-09
0.2	8	25	1	2.28127e-09
0.2	8	26	1	2.28127e-09
0.2	8	27	1	2.28127e-09
0.2	8	28	1	2.28127e-09
0.2	8	29	1	2.28127e-09
0.2	8	30	1	2.28127e-09
0.2	8	31	1	2.28127e-09
0.2	8	32	1	2.28127e-09
0.2	8	33	1	2.28127e-09
0.2	8	34	1	2.28127e-09
0.2	8	35	1	2.28127e-09
0.2	8	36	1	2.28127e-09
0.2	8	37	1	2.28127e-09
0.2	8	38	1	2.28127e-09
0.2	8	39	1	2.28127e-09
0.2	8	40	1	2.28127e-09
0.2	8	41	1	2.28127e-09
0.2	8	42	1	2.28127e-09
0.2	8	43	1	2.28127e-09
0.2	8	44	1	2.28127e-09
0.2	8	45	1	2.28127e-09
0.2	8	46	1	2.28127e-09
0.2	8	47	1	2.28127e-09
0.2	8	48	1	2.28127e-09
0.2	8	49	1	2.28127e-09
0.2	9	0	1	1.65568e-09
0.2	9	1	1	1.65568e-09
0.2	9	2	1	1.65568e-09
0.2	9	3	1	1.65568e-09
0.2	9	4	1	1.65568e-09
0.2	9	5	1	1.65568e-09
0.2	9	6	1	1.65568e-09
0.2	9	7	1	1.65568e-09
0.2	9	8	1	1.65568e-09
0.2	9	9	1	1.65568e-09
0.2	9	10	1	1.65568e-09
0.2	9	11	1	1.65568e-09
0.2	9	12	1	1.65568e-09
0.2	9	13	1	1.65568e-09
0.2	9	14	1	1.65568e-09
0.2	9	15	1	1.65568e-09
0.2	9	16	1	1.65568e-09
0.2	9	17	1	1.65568e-09
0.2	9	18	1	1.65568e-09
0.2	9	19	1	1.65568e-09
0.2	9	20	1	1.65568e-09
0.2	9	21	1	1.65568e-09
0.2	9	22	1	1.65568e-09
0.2	9	23	1	1.65568e-09
0.2	9	24	1	1.65568e-09
0.2	9	25	1	1.65568e-09
0.2	9	26	1	1.65568e-09
0.2	9	27	1	1.65568e-09
0.2	9	28	1	1.65568e-09
0.2	9	29	1	1.65568e-09
0.2	9	30	1	1.65568e-09
0.2	9	31	1	1.65568e-09
0.2	9	32	1	1.65568e-09
0.2	9	33	1	1.65568e-09
0.2	9	34	1	1.65568e-09
0.2	9	35	1	1.65568e-09
0.2	9	36	1	1.65568e-09
0.2	9	37	1	1.65568e-09
0.2	9	38	1	1.65568e-09
0.2	9	39	1	1.65568e-09
0.2	9	40	1	1.65568e-09
0.2	9	41	1	1.65568e-09
0.2	9	42	1	1.65568e-09
0.2	9	43	1	1.65568e-09
0.2	9	44	1	1.65568e-09
0.2	9	45	1	1.65568e-09
0.2	9	46	1	1.65568e-09
0.2	9	47	1	1.65568e-09
0.2	9	48	1	1.65568e-09
0.2	9	49	1	1.65568e-09
0.2	10	0	1	2.10734e-09
0.2	10	1	1	2.10734e-09
0.2	10	2	1	2.10734e-09
0.2	10	3	1	2.10734e-09
0.2	10	4	1	2.10734e-09
0.2	10	5	1	2.10734e-09
0.2	10	6	1	2.10734e-09
0.2	10	7	1	2.10734e-09
0.2	10	8	1	2.10734e-09
0.2	10	9	1	2.10734e-09
0.2	10	10	1	2.10734e-09
0.2	10	11	1	2.10734e-09
0.2	10	12	1	2.10734e-09
0.2	10	13	1	2.10734e-09
0.2	10	14	1	2.10734e-09
0.2	10	15	1	2.10734e-09
0.2	10	16	1	2.10734e-09
0.2	10	17	1	2.10734e-09
0.2	10	18	1	2.10734e-09
0.2	10	19	1	2.10734e-09
0.2	10	20	1	2.10734e-09
0.2	10	21	1	2.10734e-09
0.2	10	22	1	2.10734e-09
0.2	10	23	1	2.10734e-09
0.2	10	24	1	2.10734e-09
0.2	10	25	1	2.10734e-09
0.2	10	26	1	2.10734e-09
0.2	10	27	1	2.10734e-09
0.2	10	28	1	2.10734e-09
0.2	10	29	1	2.10734e-09
0.2	10	30	1	2.10734e-09
0.2	10	31	1	2.10734e-09
0.2	10	32	1	2.10734e-09
0.2	10	33	1	2.10734e-09
0.2	10	34	1	2.10734e-09
0.2	10	35	1	2.10734e-09
0.2	10	36	1	2.10734e-09
0.2	10	37	1	2.10734e-09
0.2	10	38	1	2.10734e-09
0.2	10	39	1	2.10734e-09
0.2	10	40	1	2.10734e-09
0.2	10	41	1	2.10734e-09
0.2	10	42	1	2.10734e-09
0.2	10	43	1	2.10734e-09
0.2	10	44	1	2.10734e-09
0.2	10	45	1	2.10734e-09
0.2	10	46	1	2.10734e-09
0.2	10	47	1	2.10734e-09
0.2	10	48	1	2.10734e-09
0.2	10	49	1	2.10734e-09
0.2	11	0	1	1.6591e-09
0.2	11	1	1	1.6591e-09
0.2	11	2	1	1.6591e-09
0.2	11	3	1	1.6591e-09
0.2	11	4	1	1.6591e-09
0.2	11	5	1	1.6591e-09
0.2	11	6	1	1.6591e-09
0.2	11	7	1	1.6591e-09
0.2	11	8	1	1.6591e-09
0.2	11	9	1	1.6591e-09
0.2	11	10	1	1.6591e-09
0.2	11	11	1	1.6591e-09
0.2	11	12	1	1.6591e-09
0.2	11	13	1	1.6591e-09
0.2	11	14	1	1.6591e-09
0.2	11	15	1	1.6591e-09
0.2	11	16	1	1.6591e-09
0.2	11	17	1	1.6591e-09
0.2	11	18	1	1.6591e-09
0.2	11	19	1	1.6591e-09
0.2	11	20	1	1.6591e-09
0.2	11	21	1	1.6591e-09
0.2	11	22	1	1.6591e-09
0.2	11	23	1	1.6591e-09
0.2	11	24	1	1.6591e-09
0.2	11	25	1	1.6591e-09
0.2	11	26	1	1.6591e-09
0.2	11	27	1	1.6591e-09
0.2	11	28	1	1.6591e-09
0.2	11	29	1	1.6591e-09
0.2	11	30	1	1.6591e-09
0.2	11	31	1	1.6591e-09
0.2	11	32	1	1.6591e-09
0.2	11	33	1	1.6591e-09
0.2	11	34	1	1.6591e-09
0.2	11	35	1	1.6591e-09
0.2	11	36	1	1.6591e-09
0.2	11	37	1	1.6591e-09
0.2	11	38	1	1.6591e-09
0.2	11	39	1	1.6591e-09
0.2	11	40	1	1.6591e-09
0.2	11	41	1	1.6591e-09
0.2	11	42	1	1.6591e-09
0.2	11	43	1	1.6591e-09
0.2	11	44	1	1.6591e-09
0.2	11	45	1	1.6591e-09
0.2	11	46	1	1.6591e-09
0.2	11	47	1	1.6591e-09
0.2	11	48	1	1.6591e-09
0.2	11	49	1	1.6591e-09
0.2	12	0	1	1.52084e-09
0.2	12	1	1	1.52084e-09
0.2	12	2	1	1.52084e-09
0.2	12	3	1	1.52084e-09
0.2	12	4	1	1.52084e-09
0.2	12	5	1	1.52084e-09
0.2	12	6	1	1.52084e-09
0.2	12	7	1	1.52084e-09
0.2	12	8	1	1.52084e-09
0.2	12	9	1	1.52084e-09
0.2	12	10	1	1.52084e-09
0.2	12	11	1	1.52084e-09
0.2	12	12	1	1.52084e-09
0.2	12	13	1	1.52084e-09
0.2	12	14	1	1.52084e-09
0.2	12	15	1	1.52084e-09
0.2	12	16	1	1.52084e-09
0.2	12	17	1	1.52084e-09
0.2	12	18	1	1.52084e-09
0.2	12	19	1	1.52084e-09
0.2	12	20	1	1.52084e-09
0.2	12	21	1	1.52084e-09
0.2	12	22	1	1.52084e-09
0.2	12	23	1	1.52084e-09
0.2	12	24	1	1.52084e-09
0.2	12	25	1	1.52084e-09
0.2	12	26	1	1.52084e-09
0.2	12	27	1	1.52084e-09
0.2	12	28	1	1.52084e-09
0.2	12	29	1	1.52084e-09
0.2	12	30	1	1.52084e-09
0.2	12	31	1	1.52084e-09
0.2	12	32	1	1.52084e-09
0.2	12	33	1	1.52084e-09
0.2	12	34	1	1.52084e-09
0.2	12	35	1	1.52084e-09
0.2	12	36	1	1.52084e-09
0.2	12	37	1	1.52084e-09
0.2	12	38	1	1.52084e-09
0.2	12	39	1	1.52084e-09
0.2	12	40	1	1.52084e-09
0.2	12	41	1	1.52084e-09
0.2	12	42	1	1.52084e-09
0.2	12	43	1	1.52084e-09
0.2	12	44	1	1.52084e-09
0.2	12	45	1	1.52084e-09
0.2	12	46	1	1.52084e-09
0.2	12	47	1	1.52084e-09
0.2	12	48	1	1.52084e-09
0.2	12	49	1	1.52084e-09
0.2	13	0	1	1.40386e-09
0.2	13	1	1	1.40386e-09
0.2	13	2	1	1.40386e-09
0.2	13	3	1	1.40386e-09
0.2	13	4	1	1.40386e-09
0.2	13	5	1	1.40386e-09
0.2	13	6	1	1.40386e-09
0.2	13	7	1	1.40386e-09
0.2	13	8	1	1.40386e-09
0.2	13	9	1	1.40386e-09
0.2	13	10	1	1.40386e-09
0.2	13	11	1	1.40386e-09
0.2	13	12	1	1.40386e-09
0.2	13	13	1	1.40386e-09
0.2	13	14	1	1.40386e-09
0.2	13	15	1	1.40386e-09
0.2	13	16	1	1.40386e-09
0.2	13	17	1	1.40386e-09
0.2	13	18	1	1.40386e-09
0.2	13	19	1	1.40386e-09
0.2	13	20	1	1.40386e-09
0.2	13	21	1	1.40386e-09
0.2	13	22	1	1.40386e-09
0.2	13	23	1	1.40386e-09
0.2	13	24	1	1.40386e-09
0.2	13	25	1	1.40386e-09
0.2	13	26	1	1.40386e-09
0.2	13	27	1	1.40386e-09
0.2	13	28	1	1.40386e-09
0.2	13	29	1	1.40386e-09
0.2	13	30	1	1.40386e-09
0.2	13	31	1	1.40386e-09
0.2	13	32	1	1.40386e-09
0.2	13	33	1	1.40386e-09
0.2	13	34	1	1.40386e-09
0.2	13	35	1	1.40386e-09
0.2	13	36	1	1.40386e-09
0.2	13	37	1	1.40386e-09
0.2	13	38	1	1.40386e-09
0.2	13	39	1	1.40386e-09
0.2	13	40	1	1.40386e-09
0.2	13	41	1	1.40386e-09
0.2	13	42	1	1.40386e-09
0.2	13	43	1	1.40386e-09
0.2	13	44	1	1.40386e-09
0.2	13	45	1	1.40386e-09
0.2	13	46	1	1.40386e-09
0.2	13	47	1	1.40386e-09
0.2	13	48	1	1.40386e-09
0.2	13	49	1	1.40386e-09
0.2	14	0	1	1.06437e-09
0.2	14	1	1	1.06437e-09
0.2	14	2	1	1.06437e-09
0.2	14	3	1	1.06437e-09
0.2	14	4	1	1.06437e-09
0.2	14	5	1	1.06437e-09
0.2	14	6	1	1.06437e-09
0.2	14	7	1	1.06437e-09
0.2	14	8	1	1.06437e-09
0.2	14	9	1	1.06437e-09
0.2	14	10	1	1.06437e-09
0.2	14	11	1	1.06437e-09
0.2	14	12	1	1.06437e-09
0.2	14	13	1	1.06437e-09
0.2	14	14	1	1.06437e-09
0.2	14	15	1	1.06437e-09
0.2	14	16	1	1.06437e-09
0.2	14	17	1	1.06437e-09
0.2	14	18	1	1.06437e-09
0.2	14	19	1	1.06437e-09
0.2	14	20	1	1.06437e-09
0.2	14	21	1	1.06437e-09
0.2	14	22	1	1.06437e-09
0.2	14	23	1	1.06437e-09
0.2	14	24	1	1.06437e-09
0.2	14	25	1	1.06437e-09
0.2	14	26	1	1.06437e-09
0.2	14	27	1	1.06437e-09
0.2	14	28	1	1.06437e-09
0.2	14	29	1	1.06437e-09
0.2	14	30	1	1.06437e-09
0.2	14	31	1	1.06437e-09
0.2	14	32	1	1.06437e-09
0.2	14	33	1	1.06437e-09
0.2	14	34	1	1.06437e-09
0.2	14	35	1	1.06437e-09
0.2	14	36	1	1.06437e-09
0.2	14	37	1	1.06437e-09
0.2	14	38	1	1.06437e-09
0.2	14	39	1	1.06437e-09
0.2	14	40	1	1.06437e-09
0.2	14	41	1	1.06437e-09
0.2	14	42	1	1.06437e-09
0.2	14	43	1	1.06437e-09
0.2	14	44	1	1.06437e-09
0.2	14	45	1	1.06437e-09
0.2	14	46	1	1.06437e-09
0.2	14	47	1	1.06437e-09
0.2	14	48	1	1.06437e-09
0.2	14	49	1	1.06437e-09
0.2	15	0	1	9.93411e-10
0.2	15	1	1	9.93411e-10
0.2	15	2	1	9.93411e-10
0.2	15	3	1	9.93411e-10
0.2	15	4	1	9.93411e-10
0.2	15	5	1	9.93411e-10
0.2	15	6	1	9.93411e-10
0.2	15	7	1	9.93411e-10
0.2	15	8	1	9.93411e-10
0.2	15	9	1	9.93411e-10
0.2	15	10	1	9.93411e-10
0.2	15	11	1	9.93411e-10
0.2	15	12	1	9.93411e-10
0.2	15	13	1	9.93411e-10
0.2	15	14	1	9.93411e-10
0.2	15	15	1	9.93411e-10
0.2	15	16	1	9.93411e-10
0.2	15	17	1	9.93411e-10
0.2	15	18	1	9.93411e-10
0.2	15	19	1	9.93411e-10
0.2	15	20	1	9.93411e-10
0.2	15	21	1	9.93411e-10
0.2	15	22	1	9.93411e-10
0.2	15	23	1	9.93411e-10
0.2	15	24	1	9.93411e-10
0.2	15	25	1	9.93411e-10
0.2	15	26	1	9.93411e-10
0.2	15	27	1	9.93411e-10
0.2	15	28	1	9.93411e-10
0.2	15	29	1	9.93411e-10
0.2	15	30	1	9.93411e-10
0.2	15	31	1	9.93411e-10
0.2	15	32	1	9.93411e-10
0.2	15	33	1	9.93411e-10
0.2	15	34	1	9.93411e-10
0.2	15	35	1	9.93411e-10
0.2	15	36	1	9.93411e-10
0.2	15	37	1	9.93411e-10
0.2	15	38	1	9.93411e-10
0.2	15	39	1	9.93411e-10
0.2	15	40	1	9.93411e-10
0.2	15	41	1	9.93411e-10
0.2	15	42	1	9.93411e-10
0.2	15	43	1	9.93411e-10
0.2	15	44	1	9.93411e-10
0.2	15	45	1	9.93411e-10
0.2	15	46	1	9.93411e-10
0.2	15	47	1	9.93411e-10
0.2	15	48	1	9.93411e-10
0.2	15	49	1	9.93411e-10
0.2	16	0	1	9.31323e-10
0.2	16	1	1	9.31323e-10
0.2	16	2	1	9.31323e-10
0.2	16	3	1	9.31323e-10
0.2	16	4	1	9.31323e-10
0.2	16	5	1	9.31323e-10
0.2	16	6	1	9.31323e-10
0.2	16	7	1	9.31323e-10
0.2	16	8	1	9.31323e-10
0.2	16	9	1	9.31323e-10
0.2	16	10	1	9.31323e-10
0.2	16	11	1	9.31323e-10
0.2	16	12	1	9.31323e-10
0.2	16	13	1	9.31323e-10
0.2	16	14	1	9.31323e-10
0.2	16	15	1	9.31323e-10
0.2	16	16	1	9.31323e-10
0.2	16	17	1	9.31323e-10
0.2	16	18	1	9.31323e-10
0.2	16	19	1	9.31323e-10
0.2	16	20	1	9.31323e-10
0.2	16	21	1	9.31323e-10
0.2	16	22	1	9.31323e-10
0.2	16	23	1	9.31323e-10
0.2	16	24	1	9.31323e-10
0.2	16	25	1	9.31323e-10
0.2	16	26	1	9.31323e-10
0.2	16	27	1	9.31323e-10
0.2	16	28	1	9.31323e-10
0.2	16	29	1	9.31323e-10
0.2	16	30	1	9.31323e-10
0.2	16	31	1	9.31323e-10
0.2	16	32	1	9.31323e-10
0.2	16	33	1	9.31323e-10
0.2	16	34	1	9.31323e-10
0.2	16	35	1	9.31323e-10
0.2	16	36	1	9.31323e-10
0.2	16	37	1	9.31323e-10
0.2	16	38	1	9.31323e-10
0.2	16	39	1	9.31323e-10
0.2	16	40	1	9.31323e-10
0.2	16	41	1	9.31323e-10
0.2	16	42	1	9.31323e-10
0.2	16	43	1	9.31323e-10
0.2	16	44	1	9.31323e-10
0.2	16	45	1	9.31323e-10
0.2	16	46	1	9.31323e-10
0.2	16	47	1	9.31323e-10
0.2	16	48	1	9.31323e-10
0.2	16	49	1	9.31323e-10
0.2	17	0	1	0
0.2	17	1	1	0
0.2	17	2	1	0
0.2	17	3	1	0
0.2	17	4	1	0
0.2	17	5	1	0
0.2	17	6	1	0
0.2	17	7	1	0
0.2	17	8	1	0
0.2	17	9	1	0
0.2	17	10	1	0
0.2	17	11	1	0
0.2	17	12	1	0
0.2	17	13	1	0
0.2	17	14	1	0
0.2	17	15	1	0
0.2	17	16	1	0
0.2	17	17	1	0
0.2	17	18	1	0
0.2	17	19	1	0
0.2	17	20	1	0
0.2	17	21	1	0
0.2	17	22	1	0
0.2	17	23	1	0
0.2	17	24	1	0
0.2	17	25	1	0
0.2	17	26	1	0
0.2	17	27	1	0
0.2	17	28	1	0
0.2	17	29	1	0
0.2	17	30	1	0
0.2	17	31	1	0
0.2	17	32	1	0
0.2	17	33	1	0
0.2	17	34	1	0
0.2	17	35	1	0
0.2	17	36	1	0
0.2	17	37	1	0
0.2	17	38	1	0
0.2	17	39	1	0
0.2	17	40	1	0
0.2	17	41	1	0
0.2	17	42	1	0
0.2	17	43	1	0
0.2	17	44	1	0
0.2	17	45	1	0
0.2	17	46	1	0
0.2	17	47	1	0
0.2	17	48	1	0
0.2	17	49	1	0
0.2	18	0	1	nan
0.2	18	1	1	nan
0.2	18	2	1	nan
0.2	18	3	1	nan
0.2	18	4	1	nan
0.2	18	5	1	nan
0.2	18	6	1	nan
0.2	18	7	1	nan
0.2	18	8	1	nan
0.2	18	9	1	nan
0.2	18	10	1	nan
0.2	18	11	1	nan
0.2	18	12	1	nan
0.2	18	13	1	nan
0.2	18	14	1	nan
0.2	18	15	1	nan
0.2	18	16	1	nan
0.2	18	17	1	nan
0.2	18	18	1	nan
0.2	18	19	1	nan
0.2	18	20	1	nan
0.2	18	21	1	nan
0.2	18	22	1	nan
0.2	18	23	1	nan
0.2	18	24	1	nan
0.2	18	25	1	nan
0.2	18	26	1	nan
0.2	18	27	1	nan
0.2	18	28	1	nan
0.2	18	29	1	nan
0.2	18	30	1	nan
0.2	18	31	1	nan
0.2	18	32	1	nan
0.2	18	33	1	nan
0.2	18	34	1	nan
0.2	18	35	1	nan
0.2	18	36	1	nan
0.2	18	37	1	nan
0.2	18	38	1	nan
0.2	18	39	1	nan
0.2	18	40	1	nan
0.2	18	41	1	nan
0.2	18	42	1	nan
0.2	18	43	1	nan
0.2	18	44	1	nan
0.2	18	45	1	nan
0.2	18	46	1	nan
0.2	18	47	1	nan
0.2	18	48	1	nan
0.2	18	49	1	nan
0.2	19	0	1	nan
0.2	19	1	1	nan
0.2	19	2	1	nan
0.2	19	3	1	nan
0.2	19	4	1	nan
0.2	19	5	1	nan
0.2	19	6	1	nan
0.2	19	7	1	nan
0.2	19	8	1	nan
0.2	19	9	1	nan
0.2	19	10	1	nan
0.2	19	11	1	nan
0.2	19	12	1	nan
0.2	19	13	1	nan
0.2	19	14	1	nan
0.2	19	15	1	nan
0.2	19	16	1	nan
0.2	19	17	1	nan
0.2	19	18	1	nan
0.2	19	19	1	nan
0.2	19	20	1	nan
0.2	19	21	1	nan
0.2	19	22	1	nan
0.2	19	23	1	nan
0.2	19	24	1	nan
0.2	19	25	1	nan
0.2	19	26	1	nan
0.2	19	27	1	nan
0.2	19	28	1	nan
0.2	19	29	1	nan
0.2	19	30	1	nan
0.2	19	31	1	nan
0.2	19	32	1	nan
0.2	19	33	1	nan
0.2	19	34	1	nan
0.2	19	35	1	nan
0.2	19	36	1	nan
0.2	19	37	1	nan
0.2	19	38	1	nan
0.2	19	39	1	nan
0.2	19	40	1	nan
0.2	19	41	1	nan
0.2	19	42	1	nan
0.2	19	43	1	nan
0.2	19	44	1	nan
0.2	19	45	1	nan
0.2	19	46	1	nan
0.2	19	47	1	nan
0.2	19	48	1	nan
0.2	19	49	1	nan
0.2	20	0	1	nan
0.2	20	1	1	nan
0.2	20	2	1	nan
0.2	20	3	1	nan
0.2	20	4	1	nan
0.2	20	5	1	nan
0.2	20	6	1	nan
0.2	20	7	1	nan
0.2	20	8	1	nan
0.2	20	9	1	nan
0.2	20	10	1	nan
0.2	20	11	1	nan
0.2	20	12	1	nan
0.2	20	13	1	nan
0.2	20	14	1	nan
0.2	20	15	1	nan
0.2	20	16	1	nan
0.2	20	17	1	nan
0.2	20	18	1	nan
0.2	20	19	1	nan
0.2	20	20	1	nan
0.2	20	21	1	nan
0.2	20	22	1	nan
0.2	20	23	1	nan
0.2	20	24	1	nan
0.2	20	25	1	nan
0.2	20	26	1	nan
0.2	20	27	1	nan
0.2	20	28	1	nan
0.2	20	29	1	nan
0.2	20	30	1	nan
0.2	20	31	1	nan
0.2	20	32	1	nan
0.2	20	33	1	nan
0.2	20	34	1	nan
0.2	20	35	1	nan
0.2	20	36	1	nan
0.2	20	37	1	nan
0.2	20	38	1	nan
0.2	20	39	1	nan
0.2	20	40	1	nan
0.2	20	41	1	nan
0.2	20	42	1	nan
0.2	20	43	1	nan
0.2	20	44	1	nan
0.2	20	45	1	nan
0.2	20	46	1	nan
0.2	20	47	1	nan
0.2	20	48	1	nan
0.2	20	49	1	nan
0.2	21	0	1	nan
0.2	21	1	1	nan
0.2	21	2	1	nan
0.2	21	3	1	nan
0.2	21	4	1	nan
0.2	21	5	1	nan
0.2	21	6	1	nan
0.2	21	7	1	nan
0.2	21	8	1	nan
0.2	21	9	1	nan
0.2	21	10	1	nan
0.2	21	11	1	nan
0.2	21	12	1	nan
0.2	21	13	1	nan
0.2	21	14	1	nan
0.2	21	15	1	nan
0.2	21	16	1	nan
0.2	21	17	1	nan
0.2	21	18	1	nan
0.2	21	19	1	nan
0.2	21	20	1	nan
0.2	21	21	1	nan
0.2	21	22	1	nan
0.2	21	23	1	nan
0.2	21	24	1	nan
0.2	21	25	1	nan
0.2	21	26	1	nan
0.2	21	27	1	nan
0.2	21	28	1	nan
0.2	21	29	1	nan
0.2	21	30	1	nan
0.2	21	31	1	nan
0.2	21	32	1	nan
0.2	21	33	1	nan
0.2	21	34	1	nan
0.2	21	35	1	nan
0.2	21	36	1	nan
0.2	21	37	1	nan
0.2	21	38	1	nan
0.2	21	39	1	nan
0.2	21	40	1	nan
0.2	21	41	1	nan
0.2	21	42	1	nan
0.2	21	43	1	nan
0.2	21	44	1	nan
0.2	21	45	1	nan
0.2	21	46	1	nan
0.2	21	47	1	nan
0.2	21	48	1	nan
0.2	21	49	1	nan
0.2	22	0	1	nan
0.2	22	1	1	nan
0.2	22	2	1	nan
0.2	22	3	1	nan
0.2	22	4	1	nan
0.2	22	5	1	nan
0.2	22	6	1	nan
0.2	22	7	1	nan
0.2	22	8	1	nan
0.2	22	9	1	nan
0.2	22	10	1	nan
0.2	22	11	1	nan
0.2	22	12	1	nan
0.2	22	13	1	nan
0.2	22	14	1	nan
0.2	22	15	1	nan
0.2	22	16	1	nan
0.2	22	17	1	nan
0.2	22	18	1	nan
0.2	22	19	1	nan
0.2	22	20	1	nan
0.2	22	21	1	nan
0.2	22	22	1	nan
0.2	22	23	1	nan
0.2	22	24	1	nan
0.2	22	25	1	nan
0.2	22	26	1	nan
0.2	22	27	1	nan
0.2	22	28	1	nan
0.2	22	29	1	nan
0.2	22	30	1	nan
0.2	22	31	1	nan
0.2	22	32	1	nan
0.2	22	33	1	nan
0.2	22	34	1	nan
0.2	22	35	1	nan
0.2	22	36	1	nan
0.2	22	37	1	nan
0.2	22	38	1	nan
0.2	22	39	1	nan
0.2	22	40	1	nan
0.2	22	41	1	nan
0.2	22	42	1	nan
0.2	22	43	1	nan
0.2	22	44	1	nan
0.2	22	45	1	nan
0.2	22	46	1	nan
0.2	22	47	1	nan
0.2	22	48	1	nan
0.2	22	49	1	nan
0.2	23	0	1	nan
0.2	23	1	1	nan
0.2	23	2	1	nan
0.2	23	3	1	nan
0.2	23	4	1	nan
0.2	23	5	1	nan
0.2	23	6	1	nan
0.2	23	7	1	nan
0.2	23	8	1	nan
0.2	23	9	1	nan
0.2	23	10	1	nan
0.2	23	11	1	nan
0.2	23	12	1	nan
0.2	23	13	1	nan
0.2	23	14	1	nan
0.2	23	15	1	nan
0.2	23	16	1	nan
0.2	23	17	1	nan
0.2	23	18	1	nan
0.2	23	19	1	nan
0.2	23	20	1	nan
0.2	23	21	1	nan
0.2	23	22	1	nan
0.2	23	23	1	nan
0.2	23	24	1	nan
0.2	23	25	1	nan
0.2	23	26	1	nan
0.2	23	27	1	nan
0.2	23	28	1	nan
0.2	23	29	1	nan
0.2	23	30	1	nan
0.2	23	31	1	nan
0.2	23	32	1	nan
0.2	23	33	1	nan
0.2	23	34	1	nan
0.2	23	35	1	nan
0.2	23	36	1	nan
0.2	23	37	1	nan
0.2	23	38	1	nan
0.2	23	39	1	nan
0.2	23	40	1	nan
0.2	23	41	1	nan
0.2	23	42	1	nan
0.2	23	43	1	nan
0.2	23	44	1	nan
0.2	23	45	1	nan
0.2	23	46	1	nan
0.2	23	47	1	nan
0.2	23	48	1	nan
0.2	23	49	1	nan
0.2	24	0	1	nan
0.2	24	1	1	nan
0.2	24	2	1	nan
0.2	24	3	1	nan
0.2	24	4	1	nan
0.2	24	5	1	nan
0.2	24	6	1	nan
0.2	24	7	1	nan
0.2	24	8	1	nan
0.2	24	9	1	nan
0.2	24	10	1	nan
0.2	24	11	1	nan
0.2	24	12	1	nan
0.2	24	13	1	nan
0.2	24	14	1	nan
0.2	24	15	1	nan
0.2	24	16	1	nan
0.2	24	17	1	nan
0.2	24	18	1	nan
0.2	24	19	1	nan
0.2	24	20	1	nan
0.2	24	21	1	nan
0.2	24	22	1	nan
0.2	24	23	1	nan
0.2	24	24	1	nan
0.2	24	25	1	nan
0.2	24	26	1	nan
0.2	24	27	1	nan
0.2	24	28	1	nan
0.2	24	29	1	nan
0.2	24	30	1	nan
0.2	24	31	1	nan
0.2	24	32	1	nan
0.2	24	33	1	nan
0.2	24	34	1	nan
0.2	24	35	1	nan
0.2	24	36	1	nan
0.2	24	37	1	nan
0.2	24	38	1	nan
0.2	24	39	1	nan
0.2	24	40	1	nan
0.2	24	41	1	nan
0.2	24	42	1	nan
0.2	24	43	1	nan
0.2	24	44	1	nan
0.2	24	45	1	nan
0.2	24	46	1	nan
0.2	24	47	1	nan
0.2	24	48	1	nan
0.2	24	49	1	nan
0.2	25	0	1	nan
0.2	25	1	1	nan
0.2	25	2	1	nan
0.2	25	3	1	nan
0.2	25	4	1	nan
0.2	25	5	1	nan
0.2	25	6	1	nan
0.2	25	7	1	nan
0.2	25	8	1	nan
0.2	25	9	1	nan
0.2	25	10	1	nan
0.2	25	11	1	nan
0.2	25	12	1	nan
0.2	25	13	1	nan
0.2	25	14	1	nan
0.2	25	15	1	nan
0.2	25	16	1	nan
0.2	25	17	1	nan
0.2	25	18	1	nan
0.2	25	19	1	nan
0.2	25	20	1	nan
0.2	25	21	1	nan
0.2	25	22	1	nan
0.2	25	23	1	nan
0.2	25	24	1	nan
0.2	25	25	1	nan
0.2	25	26	1	nan
0.2	25	27	1	nan
0.2	25	28	1	nan
0.2	25	29	1	nan
0.2	25	30	1	nan
0.2	25	31	1	nan
0.2	25	32	1	nan
0.2	25	33	1	nan
0.2	25	34	1	nan
0.2	25	35	1	nan
0.2	25	36	1	nan
0.2	25	37	1	nan
0.2	25	38	1	nan
0.2	25	39	1	nan
0.2	25	40	1	nan
0.2	25	41	1	nan
0.2	25	42	1	nan
0.2	25	43	1	nan
0.2	25	44	1	nan
0.2	25	45	1	nan
0.2	25	46	1	nan
0.2	25	47	1	nan
0.2	25	48	1	nan
0.2	25	49	1	nan
0.2	26	0	1	nan
0.2	26	1	1	nan
0.2	26	2	1	nan
0.2	26	3	1	nan
0.2	26	4	1	nan
0.2	26	5	1	nan
0.2	26	6	1	nan
0.2	26	7	1	nan
0.2	26	8	1	nan
0.2	26	9	1	nan
0.2	26	10	1	nan
0.2	26	11	1	nan
0.2	26	12	1	nan
0.2	26	13	1	nan
0.2	26	14	1	nan
0.2	26	15	1	nan
0.2	26	16	1	nan
0.2	26	17	1	nan
0.2	26	18	1	nan
0.2	26	19	1	nan
0.2	26	20	1	nan
0.2	26	21	1	nan
0.2	26	22	1	nan
0.2	26	23	1	nan
0.2	26	24	1	nan
0.2	26	25	1	nan
0.2	26	26	1	nan
0.2	26	27	1	nan
0.2	26	28	1	nan
0.2	26	29	1	nan
0.2	26	30	1	nan
0.2	26	31	1	nan
0.2	26	32	1	nan
0.2	26	33	1	nan
0.2	26	34	1	nan
0.2	26	35	1	nan
0.2	26	36	1	nan
0.2	26	37	1	nan
0.2	26	38	1	nan
0.2	26	39	1	nan
0.2	26	40	1	nan
0.2	26	41	1	nan
0.2	26	42	1	nan
0.2	26	43	1	nan
0.2	26	44	1	nan
0.2	26	45	1	nan
0.2	26	46	1	nan
0.2	26	47	1	nan
0.2	26	48	1	nan
0.2	26	49	1	nan
0.2	27	0	1	nan
0.2	27	1	1	nan
0.2	27	2	1	nan
0.2	27	3	1	nan
0.2	27	4	1	nan
0.2	27	5	1	nan
0.2	27	6	1	nan
0.2	27	7	1	nan
0.2	27	8	1	nan
0.2	27	9	1	nan
0.2	27	10	1	nan
0.2	27	11	1	nan
0.2	27	12	1	nan
0.2	27	13	1	nan
0.2	27	14	1	nan
0.2	27	15	1	nan
0.2	27	16	1	nan
0.2	27	17	1	nan
0.2	27	18	1	nan
0.2	27	19	1	nan
0.2	27	20	1	nan
0.2	27	21	1	nan
0.2	27	22	1	nan
0.2	27	23	1	nan
0.2	27	24	1	nan
0.2	27	25	1	nan
0.2	27	26	1	nan
0.2	27	27	1	nan
0.2	27	28	1	nan
0.2	27	29	1	nan
0.2	27	30	1	nan
0.2	27	31	1	nan
0.2	27	32	1	nan
0.2	27	33	1	nan
0.2	27	34	1	nan
0.2	27	35	1	nan
0.2	27	36	1	nan
0.2	27	37	1	nan
0.2	27	38	1	nan
0.2	27	39	1	nan
0.2	27	40	1	nan
0.2	27	41	1	nan
0.2	27	42	1	nan
0.2	27	43	1	nan
0.2	27	44	1	nan
0.2	27	45	1	nan
0.2	27	46	1	nan
0.2	27	47	1	nan
0.2	27	48	1	nan
0.2	27	49	1	nan
0.2	28	0	1	nan
0.2	28	1	1	nan
0.2	28	2	1	nan
0.2	28	3	1	nan
0.2	28	4	1	nan
0.2	28	5	1	nan
0.2	28	6	1	nan
0.2	28	7	1	nan
0.2	28	8	1	nan
0.2	28	9	1	nan
0.2	28	10	1	nan
0.2	28	11	1	nan
0.2	28	12	1	nan
0.2	28	13	1	nan
0.2	28	14	1	nan
0.2	28	15	1	nan
0.2	28	16	1	nan
0.2	28	17	1	nan
0.2	28	18	1	nan
0.2	28	19	1	nan
0.2	28	20	1	nan
0.2	28	21	1	nan
0.2	28	22	1	nan
0.2	28	23	1	nan
0.2	28	24	1	nan
0.2	28	25	1	nan
0.2	28	26	1	nan
0.2	28	27	1	nan
0.2	28	28	1	nan
0.2	28	29	1	nan
0.2	28	30	1	nan
0.2	28	31	1	nan
0.2	28	32	1	nan
0.2	28	33	1	nan
0.2	28	34	1	nan
0.2	28	35	1	nan
0.2	28	36	1	nan
0.2	28	37	1	nan
0.2	28	38	1	nan
0.2	28	39	1	nan
0.2	28	40	1	nan
0.2	28	41	1	nan
0.2	28	42	1	nan
0.2	28	43	1	nan
0.2	28	44	1	nan
0.2	28	45	1	nan
0.2	28	46	1	nan
0.2	28	47	1	nan
0.2	28	48	1	nan
0.2	28	49	1	nan
0.2	29	0	1	nan
0.2	29	1	1	nan
0.2	29	2	1	nan
0.2	29	3	1	nan
0.2	29	4	1	nan
0.2	29	5	1	nan
0.2	29	6	1	nan
0.2	29	7	1	nan
0.2	29	8	1	nan
0.2	29	9	1	nan
0.2	29	10	1	nan
0.2	29	11	1	nan
0.2	29	12	1	nan
0.2	29	13	1	nan
0.2	29	14	1	nan
0.2	29	15	1	nan
0.2	29	16	1	nan
0.2	29	17	1	nan
0.2	29	18	1	nan
0.2	29	19	1	nan
0.2	29	20	1	nan
0.2	29	21	1	nan
0.2	29	22	1	nan
0.2	29	23	1	nan
0.2	29	24	1	nan
0.2	29	25	1	nan
0.2	29	26	1	nan
0.2	29	27	1	nan
0.2	29	28	1	nan
0.2	29	29	1	nan
0.2	29	30	1	nan
0.2	29	31	1	nan
0.2	29	32	1	nan
0.2	29	33	1	nan
0.2	29	34	1	nan
0.2	29	35	1	nan
0.2	29	36	1	nan
0.2	29	37	1	nan
0.2	29	38	1	nan
0.2	29	39	1	nan
0.2	29	40	1	nan
0.2	29	41	1	nan
0.2	29	42	1	nan
0.2	29	43	1	nan
0.2	29	44	1	nan
0.2	29	45	1	nan
0.2	29	46	1	nan
0.2	29	47	1	nan
0.2	29	48	1	nan
0.2	29	49	1	nan
0.2	30	0	1	nan
0.2	30	1	1	nan
0.2	30	2	1	nan
0.2	30	3	1	nan
0.2	30	4	1	nan
0.2	30	5	1	nan
0.2	30	6	1	nan
0.2	30	7	1	nan
0.2	30	8	1	nan
0.2	30	9	1	nan
0.2	30	10	1	nan
0.2	30	11	1	nan
0.2	30	12	1	nan
0.2	30	13	1	nan
0.2	30	14	1	nan
0.2	30	15	1	nan
0.2	30	16	1	nan
0.2	30	17	1	nan
0.2	30	18	1	nan
0.2	30	19	1	nan
0.2	30	20	1	nan
0.2	30	21	1	nan
0.2	30	22	1	nan
0.2	30	23	1	nan
0.2	30	24	1	nan
0.2	30	25	1	nan
0.2	30	26	1	nan
0.2	30	27	1	nan
0.2	30	28	1	nan
0.2	30	29	1	nan
0.2	30	30	1	nan
0.2	30	31	1	nan
0.2	30	32	1	nan
0.2	30	33	1	nan
0.2	30	34	1	nan
0.2	30	35	1	nan
0.2	30	36	1	nan
0.2	30	37	1	nan
0.2	30	38	1	nan
0.2	30	39	1	nan
0.2	30	40	1	nan
0.2	30	41	1	nan
0.2	30	42	1	nan
0.2	30	43	1	nan
0.2	30	44	1	nan
0.2	30	45	1	nan
0.2	30	46	1	nan
0.2	30	47	1	nan
0.2	30	48	1	nan
0.2	30	49	1	nan
0.2	31	0	1	nan
0.2	31	1	1	nan
0.2	31	2	1	nan
0.2	31	3	1	nan
0.2	31	4	1	nan
0.2	31	5	1	nan
0.2	31	6	1	nan
0.2	31	7	1	nan
0.2	31	8	1	nan
0.2	31	9	1	nan
0.2	31	10	1	nan
0.2	31	11	1	nan
0.2	31	12	1	nan
0.2	31	13	1	nan
0.2	31	14	1	nan
0.2	31	15	1	nan
0.2	31	16	1	nan
0.2	31	17	1	nan
0.2	31	18	1	nan
0.2	31	19	1	nan
0.2	31	20	1	nan
0.2	31	21	1	nan
0.2	31	22	1	nan
0.2	31	23	1	nan
0.2	31	24	1	nan
0.2	31	25	1	nan
0.2	31	26	1	nan
0.2	31	27	1	nan
0.2	31	28	1	nan
0.2	31	29	1	nan
0.2	31	30	1	nan
0.2	31	31	1	nan
0.2	31	32	1	nan
0.2	31	33	1	nan
0.2	31	34	1	nan
0.2	31	35	1	nan
0.2	31	36	1	nan
0.2	31	37	1	nan
0.2	31	38	1	nan
0.2	31	39	1	nan
0.2	31	40	1	nan
0.2	31	41	1	nan
0.2	31	42	1	nan
0.2	31	43	1	nan
0.2	31	44	1	nan
0.2	31	45	1	nan
0.2	31	46	1	nan
0.2	31	47	1	nan
0.2	31	48	1	nan
0.2	31	49	1	nan
0.2	32	0	1	nan
0.2	32	1	1	nan
0.2	32	2	1	nan
0.2	32	3	1	nan
0.2	32	4	1	nan
0.2	32	5	1	nan
0.2	32	6	1	nan
0.2	32	7	1	nan
0.2	32	8	1	nan
0.2	32	9	1	nan
0.2	32	10	1	nan
0.2	32	11	1	nan
0.2	32	12	1	nan
0.2	32	13	1	nan
0.2	32	14	1	nan
0.2	32	15	1	nan
0.2	32	16	1	nan
0.2	32	17	1	nan
0.2	32	18	1	nan
0.2	32	19	1	nan
0.2	32	20	1	nan
0.2	32	21	1	nan
0.2	32	22	1	nan
0.2	32	23	1	nan
0.2	32	24	1	nan
0.2	32	25	1	nan
0.2	32	26	1	nan
0.2	32	27	1	nan
0.2	32	28	1	nan
0.2	32	29	1	nan
0.2	32	30	1	nan
0.2	32	31	1	nan
0.2	32	32	1	nan
0.2	32	33	1	nan
0.2	32	34	1	nan
0.2	32	35	1	nan
0.2	32	36	1	nan
0.2	32	37	1	nan
0.2	32	38	1	nan
0.2	32	39	1	nan
0.2	32	40	1	nan
0.2	32	41	1	nan
0.2	32	42	1	nan
0.2	32	43	1	nan
0.2	32	44	1	nan
0.2	32	45	1	nan
0.2	32	46	1	nan
0.2	32	47	1	nan
0.2	32	48	1	nan
0.2	32	49	1	nan
0.2	33	0	1	nan
0.2	33	1	1	nan
0.2	33	2	1	nan
0.2	33	3	1	nan
0.2	33	4	1	nan
0.2	33	5	1	nan
0.2	33	6	1	nan
0.2	33	7	1	nan
0.2	33	8	1	nan
0.2	33	9	1	nan
0.2	33	10	1	nan
0.2	33	11	1	nan
0.2	33	12	1	nan
0.2	33	13	1	nan
0.2	33	14	1	nan
0.2	33	15	1	nan
0.2	33	16	1	nan
0.2	33	17	1	nan
0.2	33	18	1	nan
0.2	33	19	1	nan
0.2	33	20	1	nan
0.2	33	21	1	nan
0.2	33	22	1	nan
0.2	33	23	1	nan
0.2	33	24	1	nan
0.2	33	25	1	nan
0.2	33	26	1	nan
0.2	33	27	1	nan
0.2	33	28	1	nan
0.2	33	29	1	nan
0.2	33	30	1	nan
0.2	33	31	1	nan
0.2	33	32	1	nan
0.2	33	33	1	nan
0.2	33	34	1	nan
0.2	33	35	1	nan
0.2	33	36	1	nan
0.2	33	37	1	nan
0.2	33	38	1	nan
0.2	33	39	1	nan
0.2	33	40	1	nan
0.2	33	41	1	nan
0.2	33	42	1	nan
0.2	33	43	1	nan
0.2	33	44	1	nan
0.2	33	45	1	nan
0.2	33	46	1	nan
0.2	33	47	1	nan
0.2	33	48	1	nan
0.2	33	49	1	nan
0.2	34	0	1	nan
0.2	34	1	1	nan
0.2	34	2	1	nan
0.2	34	3	1	nan
0.2	34	4	1	nan
0.2	34	5	1	nan
0.2	34	6	1	nan
0.2	34	7	1	nan
0.2	34	8	1	nan
0.2	34	9	1	nan
0.2	34	10	1	nan
0.2	34	11	1	nan
0.2	34	12	1	nan
0.2	34	13	1	nan
0.2	34	14	1	nan
0.2	34	15	1	nan
0.2	34	16	1	nan
0.2	34	17	1	nan
0.2	34	18	1	nan
0.2	34	19	1	nan
0.2	34	20	1	nan
0.2	34	21	1	nan
0.2	34	22	1	nan
0.2	34	23	1	nan
0.2	34	24	1	nan
0.2	34	25	1	nan
0.2	34	26	1	nan
0.2	34	27	1	nan
0.2	34	28	1	nan
0.2	34	29	1	nan
0.2	34	30	1	nan
0.2	34	31	1	nan
0.2	34	32	1	nan
0.2	34	33	1	nan
0.2	34	34	1	nan
0.2	34	35	1	nan
0.2	34	36	1	nan
0.2	34	37	1	nan
0.2	34	38	1	nan
0.2	34	39	1	nan
0.2	34	40	1	nan
0.2	34	41	1	nan
0.2	34	42	1	nan
0.2	34	43	1	nan
0.2	34	44	1	nan
0.2	34	45	1	nan
0.2	34	46	1	nan
0.2	34	47	1	nan
0.2	34	48	1	nan
0.2	34	49	1	nan
0.2	35	0	1	nan
0.2	35	1	1	nan
0.2	35	2	1	nan
0.2	35	3	1	nan
0.2	35	4	1	nan
0.2	35	5	1	nan
0.2	35	6	1	nan
0.2	35	7	1	nan
0.2	35	8	1	nan
0.2	35	9	1	nan
0.2	35	10	1	nan
0.2	35	11	1	nan
0.2	35	12	1	nan
0.2	35	13	1	nan
0.2	35	14	1	nan
0.2	35	15	1	nan
0.2	35	16	1	nan
0.2	35	17	1	nan
0.2	35	18	1	nan
0.2	35	19	1	nan
0.2	35	20	1	nan
0.2	35	21	1	nan
0.2	35	22	1	nan
0.2	35	23	1	nan
0.2	35	24	1	nan
0.2	35	25	1	nan
0.2	35	26	1	nan
0.2	35	27	1	nan
0.2	35	28	1	nan
0.2	35	29	1	nan
0.2	35	30	1	nan
0.2	35	31	1	nan
0.2	35	32	1	nan
0.2	35	33	1	nan
0.2	35	34	1	nan
0.2	35	35	1	nan
0.2	35	36	1	nan
0.2	35	37	1	nan
0.2	35	38	1	nan
0.2	35	39	1	nan
0.2	35	40	1	nan
0.2	35	41	1	nan
0.2	35	42	1	nan
0.2	35	43	1	nan
0.2	35	44	1	nan
0.2	35	45	1	nan
0.2	35	46	1	nan
0.2	35	47	1	nan
0.2	35	48	1	nan
0.2	35	49	1	nan
0.2	36	0	1	nan
0.2	36	1	1	nan
0.2	36	2	1	nan
0.2	36	3	1	nan
0.2	36	4	1	nan
0.2	36	5	1	nan
0.2	36	6	1	nan
0.2	36	7	1	nan
0.2	36	8	1	nan
0.2	36	9	1	nan
0.2	36	10	1	nan
0.2	36	11	1	nan
0.2	36	12	1	nan
0.2	36	13	1	nan
0.2	36	14	1	nan
0.2	36	15	1	nan
0.2	36	16	1	nan
0.2	36	17	1	nan
0.2	36	18	1	nan
0.2	36	19	1	nan
0.2	36	20	1	nan
0.2	36	21	1	nan
0.2	36	22	1	nan
0.2	36	23	1	nan
0.2	36	24	1	nan
0.2	36	25	1	nan
0.2	36	26	1	nan
0.2	36	27	1	nan
0.2	36	28	1	nan
0.2	36	29	1	nan
0.2	36	30	1	nan
0.2	36	31	1	nan
0.2	36	32	1	nan
0.2	36	33	1	nan
0.2	36	34	1	nan
0.2	36	35	1	nan
0.2	36	36	1	nan
0.2	36	37	1	nan
0.2	36	38	1	nan
0.2	36	39	1	nan
0.2	36	40	1	nan
0.2	36	41	1	nan
0.2	36	42	1	nan
0.2	36	43	1	nan
0.2	36	44	1	nan
0.2	36	45	1	nan
0.2	36	46	1	nan
0.2	36	47	1	nan
0.2	36	48	1	nan
0.2	36	49	1	nan
0.2	37	0	1	nan
0.2	37	1	1	nan
0.2	37	2	1	nan
0.2	37	3	1	nan
0.2	37	4	1	nan
0.2	37	5	1	nan
0.2	37	6	1	nan
0.2	37	7	1	nan
0.2	37	8	1	nan
0.2	37	9	1	nan
0.2	37	10	1	nan
0.2	37	11	1	nan
0.2	37	12	1	nan
0.2	37	13	1	nan
0.2	37	14	1	nan
0.2	37	15	1	nan
0.2	37	16	1	nan
0.2	37	17	1	nan
0.2	37	18	1	nan
0.2	37	19	1	nan
0.2	37	20	1	nan
0.2	37	21	1	nan
0.2	37	22	1	nan
0.2	37	23	1	nan
0.2	37	24	1	nan
0.2	37	25	1	nan
0.2	37	26	1	nan
0.2	37	27	1	nan
0.2	37	28	1	nan
0.2	37	29	1	nan
0.2	37	30	1	nan
0.2	37	31	1	nan
0.2	37	32	1	nan
0.2	37	33	1	nan
0.2	37	34	1	nan
0.2	37	35	1	nan
0.2	37	36	1	nan
0.2	37	37	1	nan
0.2	37	38	1	nan
0.2	37	39	1	nan
0.2	37	40	1	nan
0.2	37	41	1	nan
0.2	37	42	1	nan
0.2	37	43	1	nan
0.2	37	44	1	nan
0.2	37	45	1	nan
0.2	37	46	1	nan
0.2	37	47	1	nan
0.2	37	48	1	nan
0.2	37	49	1	nan
0.2	38	0	1	nan
0.2	38	1	1	nan
0.2	38	2	1	nan
0.2	38	3	1	nan
0.2	38	4	1	nan
0.2	38	5	1	nan
0.2	38	6	1	nan
0.2	38	7	1	nan
0.2	38	8	1	nan
0.2	38	9	1	nan
0.2	38	10	1	nan
0.2	38	11	1	nan
0.2	38	12	1	nan
0.2	38	13	1	nan
0.2	38	14	1	nan
0.2	38	15	1	nan
0.2	38	16	1	nan
0.2	38	17	1	nan
0.2	38	18	1	nan
0.2	38	19	1	nan
0.2	38	20	1	nan
0.2	38	21	1	nan
0.2	38	22	1	nan
0.2	38	23	1	nan
0.2	38	24	1	nan
0.2	38	25	1	nan
0.2	38	26	1	nan
0.2	38	27	1	nan
0.2	38	28	1	nan
0.2	38	29	1	nan
0.2	38	30	1	nan
0.2	38	31	1	nan
0.2	38	32	1	nan
0.2	38	33	1	nan
0.2	38	34	1	nan
0.2	38	35	1	nan
0.2	38	36	1	nan
0.2	38	37	1	nan
0.2	38	38	1	nan
0.2	38	39	1	nan
0.2	38	40	1	nan
0.2	38	41	1	nan
0.2	38	42	1	nan
0.2	38	43	1	nan
0.2	38	44	1	nan
0.2	38	45	1	nan
0.2	38	46	1	nan
0.2	38	47	1	nan
0.2	38	48	1	nan
0.2	38	49	1	nan
0.2	39	0	1	nan
0.2	39	1	1	nan
0.2	39	2	1	nan
0.2	39	3	1	nan
0.2	39	4	1	nan
0.2	39	5	1	nan
0.2	39	6	1	nan
0.2	39	7	1	nan
0.2	39	8	1	nan
0.2	39	9	1	nan
0.2	39	10	1	nan
0.2	39	11	1	nan
0.2	39	12	1	nan
0.2	39	13	1	nan
0.2	39	14	1	nan
0.2	39	15	1	nan
0.2	39	16	1	nan
0.2	39	17	1	nan
0.2	39	18	1	nan
0.2	39	19	1	nan
0.2	39	20	1	nan
0.2	39	21	1	nan
0.2	39	22	1	nan
0.2	39	23	1	nan
0.2	39	24	1	nan
0.2	39	25	1	nan
0.2	39	26	1	nan
0.2	39	27	1	nan
0.2	39	28	1	nan
0.2	39	29	1	nan
0.2	39	30	1	nan
0.2	39	31	1	nan
0.2	39	32	1	nan
0.2	39	33	1	nan
0.2	39	34	1	nan
0.2	39	35	1	nan
0.2	39	36	1	nan
0.2	39	37	1	nan
0.2	39	38	1	nan
0.2	39	39	1	nan
0.2	39	40	1	nan
0.2	39	41	1	nan
0.2	39	42	1	nan
0.2	39	43	1	nan
0.2	39	44	1	nan
0.2	39	45	1	nan
0.2	39	46	1	nan
0.2	39	47	1	nan
0.2	39	48	1	nan
0.2	39	49	1	nan
0.2	40	0	1	nan
0.2	40	1	1	nan
0.2	40	2	1	nan
0.2	40	3	1	nan
0.2	40	4	1	nan
0.2	40	5	1	nan
0.2	40	6	1	nan
0.2	40	7	1	nan
0.2	40	8	1	nan
0.2	40	9	1	nan
0.2	40	10	1	nan
0.2	40	11	1	nan
0.2	40	12	1	nan
0.2	40	13	1	nan
0.2	40	14	1	nan
0.2	40	15	1	nan
0.2	40	16	1	nan
0.2	40	17	1	nan
0.2	40	18	1	nan
0.2	40	19	1	nan
0.2	40	20	1	nan
0.2	40	21	1	nan
0.2	40	22	1	nan
0.2	40	23	1	nan
0.2	40	24	1	nan
0.2	40	25	1	nan
0.2	40	26	1	nan
0.2	40	27	1	nan
0.2	40	28	1	nan
0.2	40	29	1	nan
0.2	40	30	1	nan
0.2	40	31	1	nan
0.2	40	32	1	nan
0.2	40	33	1	nan
0.2	40	34	1	nan
0.2	40	35	1	nan
0.2	40	36	1	nan
0.2	40	37	1	nan
0.2	40	38	1	nan
0.2	40	39	1	nan
0.2	40	40	1	nan
0.2	40	41	1	nan
0.2	40	42	1	nan
0.2	40	43	1	nan
0.2	40	44	1	nan
0.2	40	45	1	nan
0.2	40	46	1	nan
0.2	40	47	1	nan
0.2	40	48	1	nan
0.2	40	49	1	nan
0.2	41	0	1	nan
0.2	41	1	1	nan
0.2	41	2	1	nan
0.2	41	3	1	nan
0.2	41	4	1	nan
0.2	41	5	1	nan
0.2	41	6	1	nan
0.2	41	7	1	nan
0.2	41	8	1	nan
0.2	41	9	1	nan
0.2	41	10	1	nan
0.2	41	11	1	nan
0.2	41	12	1	nan
0.2	41	13	1	nan
0.2	41	14	1	nan
0.2	41	15	1	nan
0.2	41	16	1	nan
0.2	41	17	1	nan
0.2	41	18	1	nan
0.2	41	19	1	nan
0.2	41	20	1	nan
0.2	41	21	1	nan
0.2	41	22	1	nan
0.2	41	23	1	nan
0.2	41	24	1	nan
0.2	41	25	1	nan
0.2	41	26	1	nan
0.2	41	27	1	nan
0.2	41	28	1	nan
0.2	41	29	1	nan
0.2	41	30	1	nan
0.2	41	31	1	nan
0.2	41	32	1	nan
0.2	41	33	1	nan
0.2	41	34	1	nan
0.2	41	35	1	nan
0.2	41	36	1	nan
0.2	41	37	1	nan
0.2	41	38	1	nan
0.2	41	39	1	nan
0.2	41	40	1	nan
0.2	41	41	1	nan
0.2	41	42	1	nan
0.2	41	43	1	nan
0.2	41	44	1	nan
0.2	41	45	1	nan
0.2	41	46	1	nan
0.2	41	47	1	nan
0.2	41	48	1	nan
0.2	41	49	1	nan
0.2	42	0	1	nan
0.2	42	1	1	nan
0.2	42	2	1	nan
0.2	42	3	1	nan
0.2	42	4	1	nan
0.2	42	5	1	nan
0.2	42	6	1	nan
0.2	42	7	1	nan
0.2	42	8	1	nan
0.2	42	9	1	nan
0.2	42	10	1	nan
0.2	42	11	1	nan
0.2	42	12	1	nan
0.2	42	13	1	nan
0.2	42	14	1	nan
0.2	42	15	1	nan
0.2	42	16	1	nan
0.2	42	17	1	nan
0.2	42	18	1	nan
0.2	42	19	1	nan
0.2	42	20	1	nan
0.2	42	21	1	nan
0.2	42	22	1	nan
0.2	42	23	1	nan
0.2	42	24	1	nan
0.2	42	25	1	nan
0.2	42	26	1	nan
0.2	42	27	1	nan
0.2	42	28	1	nan
0.2	42	29	1	nan
0.2	42	30	1	nan
0.2	42	31	1	nan
0.2	42	32	1	nan
0.2	42	33	1	nan
0.2	42	34	1	nan
0.2	42	35	1	nan
0.2	42	36	1	nan
0.2	42	37	1	nan
0.2	42	38	1	nan
0.2	42	39	1	nan
0.2	42	40	1	nan
0.2	42	41	1	nan
0.2	42	42	1	nan
0.2	42	43	1	nan
0.2	42	44	1	nan
0.2	42	45	1	nan
0.2	42	46	1	nan
0.2	42	47	1	nan
0.2	42	48	1	nan
0.2	42	49	1	nan
0.2	43	0	1	nan
0.2	43	1	1	nan
0.2	43	2	1	nan
0.2	43	3	1	nan
0.2	43	4	1	nan
0.2	43	5	1	nan
0.2	43	6	1	nan
0.2	43	7	1	nan
0.2	43	8	1	nan
0.2	43	9	1	nan
0.2	43	10	1	nan
0.2	43	11	1	nan
0.2	43	12	1	nan
0.2	43	13	1	nan
0.2	43	14	1	nan
0.2	43	15	1	nan
0.2	43	16	1	nan
0.2	43	17	1	nan
0.2	43	18	1	nan
0.2	43	19	1	nan
0.2	43	20	1	nan
0.2	43	21	1	nan
0.2	43	22	1	nan
0.2	43	23	1	nan
0.2	43	24	1	nan
0.2	43	25	1	nan
0.2	43	26	1	nan
0.2	43	27	1	nan
0.2	43	28	1	nan
0.2	43	29	1	nan
0.2	43	30	1	nan
0.2	43	31	1	nan
0.2	43	32	1	nan
0.2	43	33	1	nan
0.2	43	34	1	nan
0.2	43	35	1	nan
0.2	43	36	1	nan
0.2	43	37	1	nan
0.2	43	38	1	nan
0.2	43	39	1	nan
0.2	43	40	1	nan
0.2	43	41	1	nan
0.2	43	42	1	nan
0.2	43	43	1	nan
0.2	43	44	1	nan
0.2	43	45	1	nan
0.2	43	46	1	nan
0.2	43	47	1	nan
0.2	43	48	1	nan
0.2	43	49	1	nan
0.2	44	0	1	nan
0.2	44	1	1	nan
0.2	44	2	1	nan
0.2	44	3	1	nan
0.2	44	4	1	nan
0.2	44	5	1	nan
0.2	44	6	1	nan
0.2	44	7	1	nan
0.2	44	8	1	nan
0.2	44	9	1	nan
0.2	44	10	1	nan
0.2	44	11	1	nan
0.2	44	12	1	nan
0.2	44	13	1	nan
0.2	44	14	1	nan
0.2	44	15	1	nan
0.2	44	16	1	nan
0.2	44	17	1	nan
0.2	44	18	1	nan
0.2	44	19	1	nan
0.2	44	20	1	nan
0.2	44	21	1	nan
0.2	44	22	1	nan
0.2	44	23	1	nan
0.2	44	24	1	nan
0.2	44	25	1	nan
0.2	44	26	1	nan
0.2	44	27	1	nan
0.2	44	28	1	nan
0.2	44	29	1	nan
0.2	44	30	1	nan
0.2	44	31	1	nan
0.2	44	32	1	nan
0.2	44	33	1	nan
0.2	44	34	1	nan
0.2	44	35	1	nan
0.2	44	36	1	nan
0.2	44	37	1	nan
0.2	44	38	1	nan
0.2	44	39	1	nan
0.2	44	40	1	nan
0.2	44	41	1	nan
0.2	44	42	1	nan
0.2	44	43	1	nan
0.2	44	44	1	nan
0.2	44	45	1	nan
0.2	44	46	1	nan
0.2	44	47	1	nan
0.2	44	48	1	nan
0.2	44	49	1	nan
0.2	45	0	1	nan
0.2	45	1	1	nan
0.2	45	2	1	nan
0.2	45	3	1	nan
0.2	45	4	1	nan
0.2	45	5	1	nan
0.2	45	6	1	nan
0.2	45	7	1	nan
0.2	45	8	1	nan
0.2	45	9	1	nan
0.2	45	10	1	nan
0.2	45	11	1	nan
0.2	45	12	1	nan
0.2	45	13	1	nan
0.2	45	14	1	nan
0.2	45	15	1	nan
0.2	45	16	1	nan
0.2	45	17	1	nan
0.2	45	18	1	nan
0.2	45	19	1	nan
0.2	45	20	1	nan
0.2	45	21	1	nan
0.2	45	22	1	nan
0.2	45	23	1	nan
0.2	45	24	1	nan
0.2	45	25	1	nan
0.2	45	26	1	nan
0.2	45	27	1	nan
0.2	45	28	1	nan
0.2	45	29	1	nan
0.2	45	30	1	nan
0.2	45	31	1	nan
0.2	45	32	1	nan
0.2	45	33	1	nan
0.2	45	34	1	nan
0.2	45	35	1	nan
0.2	45	36	1	nan
0.2	45	37	1	nan
0.2	45	38	1	nan
0.2	45	39	1	nan
0.2	45	40	1	nan
0.2	45	41	1	nan
0.2	45	42	1	nan
0.2	45	43	1	nan
0.2	45	44	1	nan
0.2	45	45	1	nan
0.2	45	46	1	nan
0.2	45	47	1	nan
0.2	45	48	1	nan
0.2	45	49	1	nan
0.2	46	0	1	nan
0.2	46	1	1	nan
0.2	46	2	1	nan
0.2	46	3	1	nan
0.2	46	4	1	nan
0.2	46	5	1	nan
0.2	46	6	1	nan
0.2	46	7	1	nan
0.2	46	8	1	nan
0.2	46	9	1	nan
0.2	46	10	1	nan
0.2	46	11	1	nan
0.2	46	12	1	nan
0.2	46	13	1	nan
0.2	46	14	1	nan
0.2	46	15	1	nan
0.2	46	16	1	nan
0.2	46	17	1	nan
0.2	46	18	1	nan
0.2	46	19	1	nan
0.2	46	20	1	nan
0.2	46	21	1	nan
0.2	46	22	1	nan
0.2	46	23	1	nan
0.2	46	24	1	nan
0.2	46	25	1	nan
0.2	46	26	1	nan
0.2	46	27	1	nan
0.2	46	28	1	nan
0.2	46	29	1	nan
0.2	46	30	1	nan
0.2	46	31	1	nan
0.2	46	32	1	nan
0.2	46	33	1	nan
0.2	46	34	1	nan
0.2	46	35	1	nan
0.2	46	36	1	nan
0.2	46	37	1	nan
0.2	46	38	1	nan
0.2	46	39	1	nan
0.2	46	40	1	nan
0.2	46	41	1	nan
0.2	46	42	1	nan
0.2	46	43	1	nan
0.2	46	44	1	nan
0.2	46	45	1	nan
0.2	46	46	1	nan
0.2	46	47	1	nan
0.2	46	48	1	nan
0.2	46	49	1	nan
0.2	47	0	1	nan
0.2	47	1	1	nan
0.2	47	2	1	nan
0.2	47	3	1	nan
0.2	47	4	1	nan
0.2	47	5	1	nan
0.2	47	6	1	nan
0.2	47	7	1	nan
0.2	47	8	1	nan
0.2	47	9	1	nan
0.2	47	10	1	nan
0.2	47	11	1	nan
0.2	47	12	1	nan
0.2	47	13	1	nan
0.2	47	14	1	nan
0.2	47	15	1	nan
0.2	47	16	1	nan
0.2	47	17	1	nan
0.2	47	18	1	nan
0.2	47	19	1	nan
0.2	47	20	1	nan
0.2	47	21	1	nan
0.2	47	22	1	nan
0.2	47	23	1	nan
0.2	47	24	1	nan
0.2	47	25	1	nan
0.2	47	26	1	nan
0.2	47	27	1	nan
0.2	47	28	1	nan
0.2	47	29	1	nan
0.2	47	30	1	nan
0.2	47	31	1	nan
0.2	47	32	1	nan
0.2	47	33	1	nan
0.2	47	34	1	nan
0.2	47	35	1	nan
0.2	47	36	1	nan
0.2	47	37	1	nan
0.2	47	38	1	nan
0.2	47	39	1	nan
0.2	47	40	1	nan
0.2	47	41	1	nan
0.2	47	42	1	nan
0.2	47	43	1	nan
0.2	47	44	1	nan
0.2	47	45	1	nan
0.2	47	46	1	nan
0.2	47	47	1	nan
0.2	47	48	1	nan
0.2	47	49	1	nan
0.2	48	0	1	nan
0.2	48	1	1	nan
0.2	48	2	1	nan
0.2	48	3	1	nan
0.2	48	4	1	nan
0.2	48	5	1	nan
0.2	48	6	1	nan
0.2	48	7	1	nan
0.2	48	8	1	nan
0.2	48	9	1	nan
0.2	48	10	1	nan
0.2	48	11	1	nan
0.2	48	12	1	nan
0.2	48	13	1	nan
0.2	48	14	1	nan
0.2	48	15	1	nan
0.2	48	16	1	nan
0.2	48	17	1	nan
0.2	48	18	1	nan
0.2	48	19	1	nan
0.2	48	20	1	nan
0.2	48	21	1	nan
0.2	48	22	1	nan
0.2	48	23	1	nan
0.2	48	24	1	nan
0.2	48	25	1	nan
0.2	48	26	1	nan
0.2	48	27	1	nan
0.2	48	28	1	nan
0.2	48	29	1	nan
0.2	48	30	1	nan
0.2	48	31	1	nan
0.2	48	32	1	nan
0.2	48	33	1	nan
0.2	48	34	1	nan
0.2	48	35	1	nan
0.2	48	36	1	nan
0.2	48	37	1	nan
0.2	48	38	1	nan
0.2	48	39	1	nan
0.2	48	40	1	nan
0.2	48	41	1	nan
0.2	48	42	1	nan
0.2	48	43	1	nan
0.2	48	44	1	nan
0.2	48	45	1	nan
0.2	48	46	1	nan
0.2	48	47	1	nan
0.2	48	48	1	nan
0.2	48	49	1	nan
0.2	49	0	1	nan
0.2	49	1	1	nan
0.2	49	2	1	nan
0.2	49	3	1	nan
0.2	49	4	1	nan
0.2	49	5	1	nan
0.2	49	6	1	nan
0.2	49	7	1	nan
0.2	49	8	1	nan
0.2	49	9	1	nan
0.2	49	10	1	nan
0.2	49	11	1	nan
0.2	49	12	1	nan
0.2	49	13	1	nan
0.2	49	14	1	nan
0.2	49	15	1	nan
0.2	49	16	1	nan
0.2	49	17	1	nan
0.2	49	18	1	nan
0.2	49	19	1	nan
0.2	49	20	1	nan
0.2	49	21	1	nan
0.2	49	22	1	nan
0.2	49	23	1	nan
0.2	49	24	1	nan
0.2	49	25	1	nan
0.2	49	26	1	nan
0.2	49	27	1	nan
0.2	49	28	1	nan
0.2	49	29	1	nan
0.2	49	30	1	nan
0.2	49	31	1	nan
0.2	49	32	1	nan
0.2	49	33	1	nan
0.2	49	34	1	nan
0.2	49	35	1	nan
0.2	49	36	1	nan
0.2	49	37	1	nan
0.2	49	38	1	nan
0.2	49	39	1	nan
0.2	49	40	1	nan
0.2	49	41	1	nan
0.2	49	42	1	nan
0.2	49	43	1	nan
0.2	49	44	1	nan
0.2	49	45	1	nan
0.2	49	46	1	nan
0.2	49	47	1	nan
0.2	49	48	1	nan
0.2	49	49	1	nan
0.2	50	0	1	nan
0.2	50	1	1	nan
0.2	50	2	1	nan
0.2	50	3	1	nan
0.2	50	4	1	nan
0.2	50	5	1	nan
0.2	50	6	1	nan
0.2	50	7	1	nan
0.2	50	8	1	nan
0.2	50	9	1	nan
0.2	50	10	1	nan
0.2	50	11	1	nan
0.2	50	12	1	nan
0.2	50	13	1	nan
0.2	50	14	1	nan
0.2	50	15	1	nan
0.2	50	16	1	nan
0.2	50	17	1	nan
0.2	50	18	1	nan
0.2	50	19	1	nan
0.2	50	20	1	nan
0.2	50	21	1	nan
0.2	50	22	1	nan
0.2	50	23	1	nan
0.2	50	24	1	nan
0.2	50	25	1	nan
0.2	50	26	1	nan
0.2	50	27	1	nan
0.2	50	28	1	nan
0.2	50	29	1	nan
0.2	50	30	1	nan
0.2	50	31	1	nan
0.2	50	32	1	nan
0.2	50	33	1	nan
0.2	50	34	1	nan
0.2	50	35	1	nan
0.2	50	36	1	nan
0.2	50	37	1	nan
0.2	50	38	1	nan
0.2	50	39	1	nan
0.2	50	40	1	nan
0.2	50	41	1	nan
0.2	50	42	1	nan
0.2	50	43	1	nan
0.2	50	44	1	nan
0.2	50	45	1	nan
0.2	50	46	1	nan
0.2	50	47	1	nan
0.2	50	48	1	nan
0.2	50	49	1	nan
0.2	51	0	1	nan
0.2	51	1	1	nan
0.2	51	2	1	nan
0.2	51	3	1	nan
0.2	51	4	1	nan
0.2	51	5	1	nan
0.2	51	6	1	nan
0.2	51	7	1	nan
0.2	51	8	1	nan
0.2	51	9	1	nan
0.2	51	10	1	nan
0.2	51	11	1	nan
0.2	51	12	1	nan
0.2	51	13	1	nan
0.2	51	14	1	nan
0.2	51	15	1	nan
0.2	51	16	1	nan
0.2	51	17	1	nan
0.2	51	18	1	nan
0.2	51	19	1	nan
0.2	51	20	1	nan
0.2	51	21	1	nan
0.2	51	22	1	nan
0.2	51	23	1	nan
0.2	51	24	1	nan
0.2	51	25	1	nan
0.2	51	26	1	nan
0.2	51	27	1	nan
0.2	51	28	1	nan
0.2	51	29	1	nan
0.2	51	30	1	nan
0.2	51	31	1	nan
0.2	51	32	1	nan
0.2	51	33	1	nan
0.2	51	34	1	nan
0.2	51	35	1	nan
0.2	51	36	1	nan
0.2	51	37	1	nan
0.2	51	38	1	nan
0.2	51	39	1	nan
0.2	51	40	1	nan
0.2	51	41	1	nan
0.2	51	42	1	nan
0.2	51	43	1	nan
0.2	51	44	1	nan
0.2	51	45	1	nan
0.2	51	46	1	nan
0.2	51	47	1	nan
0.2	51	48	1	nan
0.2	51	49	1	nan
0.2	52	0	1	nan
0.2	52	1	1	nan
0.2	52	2	1	nan
0.2	52	3	1	nan
0.2	52	4	1	nan
0.2	52	5	1	nan
0.2	52	6	1	nan
0.2	52	7	1	nan
0.2	52	8	1	nan
0.2	52	9	1	nan
0.2	52	10	1	nan
0.2	52	11	1	nan
0.2	52	12	1	nan
0.2	52	13	1	nan
0.2	52	14	1	nan
0.2	52	15	1	nan
0.2	52	16	1	nan
0.2	52	17	1	nan
0.2	52	18	1	nan
0.2	52	19	1	nan
0.2	52	20	1	nan
0.2	52	21	1	nan
0.2	52	22	1	nan
0.2	52	23	1	nan
0.2	52	24	1	nan
0.2	52	25	1	nan
0.2	52	26	1	nan
0.2	52	27	1	nan
0.2	52	28	1	nan
0.2	52	29	1	nan
0.2	52	30	1	nan
0.2	52	31	1	nan
0.2	52	32	1	nan
0.2	52	33	1	nan
0.2	52	34	1	nan
0.2	52	35	1	nan
0.2	52	36	1	nan
0.2	52	37	1	nan
0.2	52	38	1	nan
0.2	52	39	1	nan
0.2	52	40	1	nan
0.2	52	41	1	nan
0.2	52	42	1	nan
0.2	52	43	1	nan
0.2	52	44	1	nan
0.2	52	45	1	nan
0.2	52	46	1	nan
0.2	52	47	1	nan
0.2	52	48	1	nan
0.2	52	49	1	nan
0.2	53	0	1	nan
0.2	53	1	1	nan
0.2	53	2	1	nan
0.2	53	3	1	nan
0.2	53	4	1	nan
0.2	53	5	1	nan
0.2	53	6	1	nan
0.2	53	7	1	nan
0.2	53	8	1	nan
0.2	53	9	1	nan
0.2	53	10	1	nan
0.2	53	11	1	nan
0.2	53	12	1	nan
0.2	53	13	1	nan
0.2	53	14	1	nan
0.2	53	15	1	nan
0.2	53	16	1	nan
0.2	53	17	1	nan
0.2	53	18	1	nan
0.2	53	19	1	nan
0.2	53	20	1	nan
0.2	53	21	1	nan
0.2	53	22	1	nan
0.2	53	23	1	nan
0.2	53	24	1	nan
0.2	53	25	1	nan
0.2	53	26	1	nan
0.2	53	27	1	nan
0.2	53	28	1	nan
0.2	53	29	1	nan
0.2	53	30	1	nan
0.2	53	31	1	nan
0.2	53	32	1	nan
0.2	53	33	1	nan
0.2	53	34	1	nan
0.2	53	35	1	nan
0.2	53	36	1	nan
0.2	53	37	1	nan
0.2	53	38	1	nan
0.2	53	39	1	nan
0.2	53	40	1	nan
0.2	53	41	1	nan
0.2	53	42	1	nan
0.2	53	43	1	nan
0.2	53	44	1	nan
0.2	53	45	1	nan
0.2	53	46	1	nan
0.2	53	47	1	nan
0.2	53	48	1	nan
0.2	53	49	1	nan
0.2	54	0	1	nan
0.2	54	1	1	nan
0.2	54	2	1	nan
0.2	54	3	1	nan
0.2	54	4	1	nan
0.2	54	5	1	nan
0.2	54	6	1	nan
0.2	54	7	1	nan
0.2	54	8	1	nan
0.2	54	9	1	nan
0.2	54	10	1	nan
0.2	54	11	1	nan
0.2	54	12	1	nan
0.2	54	13	1	nan
0.2	54	14	1	nan
0.2	54	15	1	nan
0.2	54	16	1	nan
0.2	54	17	1	nan
0.2	54	18	1	nan
0.2	54	19	1	nan
0.2	54	20	1	nan
0.2	54	21	1	nan
0.2	54	22	1	nan
0.2	54	23	1	nan
0.2	54	24	1	nan
0.2	54	25	1	nan
0.2	54	26	1	nan
0.2	54	27	1	nan
0.2	54	28	1	nan
0.2	54	29	1	nan
0.2	54	30	1	nan
0.2	54	31	1	nan
0.2	54	32	1	nan
0.2	54	33	1	nan
0.2	54	34	1	nan
0.2	54	35	1	nan
0.2	54	36	1	nan
0.2	54	37	1	nan
0.2	54	38	1	nan
0.2	54	39	1	nan
0.2	54	40	1	nan
0.2	54	41	1	nan
0.2	54	42	1	nan
0.2	54	43	1	nan
0.2	54	44	1	nan
0.2	54	45	1	nan
0.2	54	46	1	nan
0.2	54	47	1	nan
0.2	54	48	1	nan
0.2	54	49	1	nan
0.2	55	0	1	nan
0.2	55	1	1	nan
0.2	55	2	1	nan
0.2	55	3	1	nan
0.2	55	4	1	nan
0.2	55	5	1	nan
0.2	55	6	1	nan
0.2	55	7	1	nan
0.2	55	8	1	nan
0.2	55	9	1	nan
0.2	55	10	1	nan
0.2	55	11	1	nan
0.2	55	12	1	nan
0.2	55	13	1	nan
0.2	55	14	1	nan
0.2	55	15	1	nan
0.2	55	16	1	nan
0.2	55	17	1	nan
0.2	55	18	1	nan
0.2	55	19	1	nan
0.2	55	20	1	nan
0.2	55	21	1	nan
0.2	55	22	1	nan
0.2	55	23	1	nan
0.2	55	24	1	nan
0.2	55	25	1	nan
0.2	55	26	1	nan
0.2	55	27	1	nan
0.2	55	28	1	nan
0.2	55	29	1	nan
0.2	55	30	1	nan
0.2	55	31	1	nan
0.2	55	32	1	nan
0.2	55	33	1	nan
0.2	55	34	1	nan
0.2	55	35	1	nan
0.2	55	36	1	nan
0.2	55	37	1	nan
0.2	55	38	1	nan
0.2	55	39	1	nan
0.2	55	40	1	nan
0.2	55	41	1	nan
0.2	55	42	1	nan
0.2	55	43	1	nan
0.2	55	44	1	nan
0.2	55	45	1	nan
0.2	55	46	1	nan
0.2	55	47	1	nan
0.2	55	48	1	nan
0.2	55	49	1	nan
0.2	56	0	1	nan
0.2	56	1	1	nan
0.2	56	2	1	nan
0.2	56	3	1	nan
0.2	56	4	1	nan
0.2	56	5	1	nan
0.2	56	6	1	nan
0.2	56	7	1	nan
0.2	56	8	1	nan
0.2	56	9	1	nan
0.2	56	10	1	nan
0.2	56	11	1	nan
0.2	56	12	1	nan
0.2	56	13	1	nan
0.2	56	14	1	nan
0.2	56	15	1	nan
0.2	56	16	1	nan
0.2	56	17	1	nan
0.2	56	18	1	nan
0.2	56	19	1	nan
0.2	56	20	1	nan
0.2	56	21	1	nan
0.2	56	22	1	nan
0.2	56	23	1	nan
0.2	56	24	1	nan
0.2	56	25	1	nan
0.2	56	26	1	nan
0.2	56	27	1	nan
0.2	56	28	1	nan
0.2	56	29	1	nan
0.2	56	30	1	nan
0.2	56	31	1	nan
0.2	56	32	1	nan
0.2	56	33	1	nan
0.2	56	34	1	nan
0.2	56	35	1	nan
0.2	56	36	1	nan
0.2	56	37	1	nan
0.2	56	38	1	nan
0.2	56	39	1	nan
0.2	56	40	1	nan
0.2	56	41	1	nan
0.2	56	42	1	nan
0.2	56	43	1	nan
0.2	56	44	1	nan
0.2	56	45	1	nan
0.2	56	46	1	nan
0.2	56	47	1	nan
0.2	56	48	1	nan
0.2	56	49	1	nan
0.2	57	0	1	nan
0.2	57	1	1	nan
0.2	57	2	1	nan
0.2	57	3	1	nan
0.2	57	4	1	nan
0.2	57	5	1	nan
0.2	57	6	1	nan
0.2	57	7	1	nan
0.2	57	8	1	nan
0.2	57	9	1	nan
0.2	57	10	1	nan
0.2	57	11	1	nan
0.2	57	12	1	nan
0.2	57	13	1	nan
0.2	57	14	1	nan
0.2	57	15	1	nan
0.2	57	16	1	nan
0.2	57	17	1	nan
0.2	57	18	1	nan
0.2	57	19	1	nan
0.2	57	20	1	nan
0.2	57	21	1	nan
0.2	57	22	1	nan
0.2	57	23	1	nan
0.2	57	24	1	nan
0.2	57	25	1	nan
0.2	57	26	1	nan
0.2	57	27	1	nan
0.2	57	28	1	nan
0.2	57	29	1	nan
0.2	57	30	1	nan
0.2	57	31	1	nan
0.2	57	32	1	nan
0.2	57	33	1	nan
0.2	57	34	1	nan
0.2	57	35	1	nan
0.2	57	36	1	nan
0.2	57	37	1	nan
0.2	57	38	1	nan
0.2	57	39	1	nan
0.2	57	40	1	nan
0.2	57	41	1	nan
0.2	57	42	1	nan
0.2	57	43	1	nan
0.2	57	44	1	nan
0.2	57	45	1	nan
0.2	57	46	1	nan
0.2	57	47	1	nan
0.2	57	48	1	nan
0.2	57	49	1	nan
0.2	58	0	1	nan
0.2	58	1	1	nan
0.2	58	2	1	nan
0.2	58	3	1	nan
0.2	58	4	1	nan
0.2	58	5	1	nan
0.2	58	6	1	nan
0.2	58	7	1	nan
0.2	58	8	1	nan
0.2	58	9	1	nan
0.2	58	10	1	nan
0.2	58	11	1	nan
0.2	58	12	1	nan
0.2	58	13	1	nan
0.2	58	14	1	nan
0.2	58	15	1	nan
0.2	58	16	1	nan
0.2	58	17	1	nan
0.2	58	18	1	nan
0.2	58	19	1	nan
0.2	58	20	1	nan
0.2	58	21	1	nan
0.2	58	22	1	nan
0.2	58	23	1	nan
0.2	58	24	1	nan
0.2	58	25	1	nan
0.2	58	26	1	nan
0.2	58	27	1	nan
0.2	58	28	1	nan
0.2	58	29	1	nan
0.2	58	30	1	nan
0.2	58	31	1	nan
0.2	58	32	1	nan
0.2	58	33	1	nan
0.2	58	34	1	nan
0.2	58	35	1	nan
0.2	58	36	1	nan
0.2	58	37	1	nan
0.2	58	38	1	nan
0.2	58	39	1	nan
0.2	58	40	1	nan
0.2	58	41	1	nan
0.2	58	42	1	nan
0.2	58	43	1	nan
0.2	58	44	1	nan
0.2	58	45	1	nan
0.2	58	46	1	nan
0.2	58	47	1	nan
0.2	58	48	1	nan
0.2	58	49	1	nan
0.2	59	0	1	nan
0.2	59	1	1	nan
0.2	59	2	1	nan
0.2	59	3	1	nan
0.2	59	4	1	nan
0.2	59	5	1	nan
0.2	59	6	1	nan
0.2	59	7	1	nan
0.2	59	8	1	nan
0.2	59	9	1	nan
0.2	59	10	1	nan
0.2	59	11	1	nan
0.2	59	12	1	nan
0.2	59	13	1	nan
0.2	59	14	1	nan
0.2	59	15	1	nan
0.2	59	16	1	nan
0.2	59	17	1	nan
0.2	59	18	1	nan
0.2	59	19	1	nan
0.2	59	20	1	nan
0.2	59	21	1	nan
0.2	59	22	1	nan
0.2	59	23	1	nan
0.2	59	24	1	nan
0.2	59	25	1	nan
0.2	59	26	1	nan
0.2	59	27	1	nan
0.2	59	28	1	nan
0.2	59	29	1	nan
0.2	59	30	1	nan
0.2	59	31	1	nan
0.2	59	32	1	nan
0.2	59	33	1	nan
0.2	59	34	1	nan
0.2	59	35	1	nan
0.2	59	36	1	nan
0.2	59	37	1	nan
0.2	59	38	1	nan
0.2	59	39	1	nan
0.2	59	40	1	nan
0.2	59	41	1	nan
0.2	59	42	1	nan
0.2	59	43	1	nan
0.2	59	44	1	nan
0.2	59	45	1	nan
0.2	59	46	1	nan
0.2	59	47	1	nan
0.2	59	48	1	nan
0.2	59	49	1	nan
0.2	60	0	1	nan
0.2	60	1	1	nan
0.2	60	2	1	nan
0.2	60	3	1	nan
0.2	60	4	1	nan
0.2	60	5	1	nan
0.2	60	6	1	nan
0.2	60	7	1	nan
0.2	60	8	1	nan
0.2	60	9	1	nan
0.2	60	10	1	nan
0.2	60	11	1	nan
0.2	60	12	1	nan
0.2	60	13	1	nan
0.2	60	14	1	nan
0.2	60	15	1	nan
0.2	60	16	1	nan
0.2	60	17	1	nan
0.2	60	18	1	nan
0.2	60	19	1	nan
0.2	60	20	1	nan
0.2	60	21	1	nan
0.2	60	22	1	nan
0.2	60	23	1	nan
0.2	60	24	1	nan
0.2	60	25	1	nan
0.2	60	26	1	nan
0.2	60	27	1	nan
0.2	60	28	1	nan
0.2	60	29	1	nan
0.2	60	30	1	nan
0.2	60	31	1	nan
0.2	60	32	1	nan
0.2	60	33	1	nan
0.2	60	34	1	nan
0.2	60	35	1	nan
0.2	60	36	1	nan
0.2	60	37	1	nan
0.2	60	38	1	nan
0.2	60	39	1	nan
0.2	60	40	1	nan
0.2	60	41	1	nan
0.2	60	42	1	nan
0.2	60	43	1	nan
0.2	60	44	1	nan
0.2	60	45	1	nan
0.2	60	46	1	nan
0.2	60	47	1	nan
0.2	60	48	1	nan
0.2	60	49	1	nan
0.2	61	0	1	nan
0.2	61	1	1	nan
0.2	61	2	1	nan
0.2	61	3	1	nan
0.2	61	4	1	nan
0.2	61	5	1	nan
0.2	61	6	1	nan
0.2	61	7	1	nan
0.2	61	8	1	nan
0.2	61	9	1	nan
0.2	61	10	1	nan
0.2	61	11	1	nan
0.2	61	12	1	nan
0.2	61	13	1	nan
0.2	61	14	1	nan
0.2	61	15	1	nan
0.2	61	16	1	nan
0.2	61	17	1	nan
0.2	61	18	1	nan
0.2	61	19	1	nan
0.2	61	20	1	nan
0.2	61	21	1	nan
0.2	61	22	1	nan
0.2	61	23	1	nan
0.2	61	24	1	nan
0.2	61	25	1	nan
0.2	61	26	1	nan
0.2	61	27	1	nan
0.2	61	28	1	nan
0.2	61	29	1	nan
0.2	61	30	1	nan
0.2	61	31	1	nan
0.2	61	32	1	nan
0.2	61	33	1	nan
0.2	61	34	1	nan
0.2	61	35	1	nan
0.2	61	36	1	nan
0.2	61	37	1	nan
0.2	61	38	1	nan
0.2	61	39	1	nan
0.2	61	40	1	nan
0.2	61	41	1	nan
0.2	61	42	1	nan
0.2	61	43	1	nan
0.2	61	44	1	nan
0.2	61	45	1	nan
0.2	61	46	1	nan
0.2	61	47	1	nan
0.2	61	48	1	nan
0.2	61	49	1	nan
0.2	62	0	1	nan
0.2	62	1	1	nan
0.2	62	2	1	nan
0.2	62	3	1	nan
0.2	62	4	1	nan
0.2	62	5	1	nan
0.2	62	6	1	nan
0.2	62	7	1	nan
0.2	62	8	1	nan
0.2	62	9	1	nan
0.2	62	10	1	nan
0.2	62	11	1	nan
0.2	62	12	1	nan
0.2	62	13	1	nan
0.2	62	14	1	nan
0.2	62	15	1	nan
0.2	62	16	1	nan
0.2	62	17	1	nan
0.2	62	18	1	nan
0.2	62	19	1	nan
0.2	62	20	1	nan
0.2	62	21	1	nan
0.2	62	22	1	nan
0.2	62	23	1	nan
0.2	62	24	1	nan
0.2	62	25	1	nan
0.2	62	26	1	nan
0.2	62	27	1	nan
0.2	62	28	1	nan
0.2	62	29	1	nan
0.2	62	30	1	nan
0.2	62	31	1	nan
0.2	62	32	1	nan
0.2	62	33	1	nan
0.2	62	34	1	nan
0.2	62	35	1	nan
0.2	62	36	1	nan
0.2	62	37	1	nan
0.2	62	38	1	nan
0.2	62	39	1	nan
0.2	62	40	1	nan
0.2	62	41	1	nan
0.2	62	42	1	nan
0.2	62	43	1	nan
0.2	62	44	1	nan
0.2	62	45	1	nan
0.2	62	46	1	nan
0.2	62	47	1	nan
0.2	62	48	1	nan
0.2	62	49	1	nan
0.2	63	0	1	nan
0.2	63	1	1	nan
0.2	63	2	1	nan
0.2	63	3	1	nan
0.2	63	4	1	nan
0.2	63	5	1	nan
0.2	63	6	1	nan
0.2	63	7	1	nan
0.2	63	8	1	nan
0.2	63	9	1	nan
0.2	63	10	1	nan
0.2	63	11	1	nan
0.2	63	12	1	nan
0.2	63	13	1	nan
0.2	63	14	1	nan
0.2	63	15	1	nan
0.2	63	16	1	nan
0.2	63	17	1	nan
0.2	63	18	1	nan
0.2	63	19	1	nan
0.2	63	20	1	nan
0.2	63	21	1	nan
0.2	63	22	1	nan
0.2	63	23	1	nan
0.2	63	24	1	nan
0.2	63	25	1	nan
0.2	63	26	1	nan
0.2	63	27	1	nan
0.2	63	28	1	nan
0.2	63	29	1	nan
0.2	63	30	1	nan
0.2	63	31	1	nan
0.2	63	32	1	nan
0.2	63	33	1	nan
0.2	63	34	1	nan
0.2	63	35	1	nan
0.2	63	36	1	nan
0.2	63	37	1	nan
0.2	63	38	1	nan
0.2	63	39	1	nan
0.2	63	40	1	nan
0.2	63	41	1	nan
0.2	63	42	1	nan
0.2	63	43	1	nan
0.2	63	44	1	nan
0.2	63	45	1	nan
0.2	63	46	1	nan
0.2	63	47	1	nan
0.2	63	48	1	nan
0.2	63	49	1	nan
0.2	64	0	1	nan
0.2	64	1	1	nan
0.2	64	2	1	nan
0.2	64	3	1	nan
0.2	64	4	1	nan
0.2	64	5	1	nan
0.2	64	6	1	nan
0.2	64	7	1	nan
0.2	64	8	1	nan
0.2	64	9	1	nan
0.2	64	10	1	nan
0.2	64	11	1	nan
0.2	64	12	1	nan
0.2	64	13	1	nan
0.2	64	14	1	nan
0.2	64	15	1	nan
0.2	64	16	1	nan
0.2	64	17	1	nan
0.2	64	18	1	nan
0.2	64	19	1	nan
0.2	64	20	1	nan
0.2	64	21	1	nan
0.2	64	22	1	nan
0.2	64	23	1	nan
0.2	64	24	1	nan
0.2	64	25	1	nan
0.2	64	26	1	nan
0.2	64	27	1	nan
0.2	64	28	1	nan
0.2	64	29	1	nan
0.2	64	30	1	nan
0.2	64	31	1	nan
0.2	64	32	1	nan
0.2	64	33	1	nan
0.2	64	34	1	nan
0.2	64	35	1	nan
0.2	64	36	1	nan
0.2	64	37	1	nan
0.2	64	38	1	nan
0.2	64	39	1	nan
0.2	64	40	1	nan
0.2	64	41	1	nan
0.2	64	42	1	nan
0.2	64	43	1	nan
0.2	64	44	1	nan
0.2	64	45	1	nan
0.2	64	46	1	nan
0.2	64	47	1	nan
0.2	64	48	1	nan
0.2	64	49	1	nan
0.2	65	0	1	nan
0.2	65	1	1	nan
0.2	65	2	1	nan
0.2	65	3	1	nan
0.2	65	4	1	nan
0.2	65	5	1	nan
0.2	65	6	1	nan
0.2	65	7	1	nan
0.2	65	8	1	nan
0.2	65	9	1	nan
0.2	65	10	1	nan
0.2	65	11	1	nan
0.2	65	12	1	nan
0.2	65	13	1	nan
0.2	65	14	1	nan
0.2	65	15	1	nan
0.2	65	16	1	nan
0.2	65	17	1	nan
0.2	65	18	1	nan
0.2	65	19	1	nan
0.2	65	20	1	nan
0.2	65	21	1	nan
0.2	65	22	1	nan
0.2	65	23	1	nan
0.2	65	24	1	nan
0.2	65	25	1	nan
0.2	65	26	1	nan
0.2	65	27	1	nan
0.2	65	28	1	nan
0.2	65	29	1	nan
0.2	65	30	1	nan
0.2	65	31	1	nan
0.2	65	32	1	nan
0.2	65	33	1	nan
0.2	65	34	1	nan
0.2	65	35	1	nan
0.2	65	36	1	nan
0.2	65	37	1	nan
0.2	65	38	1	nan
0.2	65	39	1	nan
0.2	65	40	1	nan
0.2	65	41	1	nan
0.2	65	42	1	nan
0.2	65	43	1	nan
0.2	65	44	1	nan
0.2	65	45	1	nan
0.2	65	46	1	nan
0.2	65	47	1	nan
0.2	65	48	1	nan
0.2	65	49	1	nan
0.2	66	0	1	nan
0.2	66	1	1	nan
0.2	66	2	1	nan
0.2	66	3	1	nan
0.2	66	4	1	nan
0.2	66	5	1	nan
0.2	66	6	1	nan
0.2	66	7	1	nan
0.2	66	8	1	nan
0.2	66	9	1	nan
0.2	66	10	1	nan
0.2	66	11	1	nan
0.2	66	12	1	nan
0.2	66	13	1	nan
0.2	66	14	1	nan
0.2	66	15	1	nan
0.2	66	16	1	nan
0.2	66	17	1	nan
0.2	66	18	1	nan
0.2	66	19	1	nan
0.2	66	20	1	nan
0.2	66	21	1	nan
0.2	66	22	1	nan
0.2	66	23	1	nan
0.2	66	24	1	nan
0.2	66	25	1	nan
0.2	66	26	1	nan
0.2	66	27	1	nan
0.2	66	28	1	nan
0.2	66	29	1	nan
0.2	66	30	1	nan
0.2	66	31	1	nan
0.2	66	32	1	nan
0.2	66	33	1	nan
0.2	66	34	1	nan
0.2	66	35	1	nan
0.2	66	36	1	nan
0.2	66	37	1	nan
0.2	66	38	1	nan
0.2	66	39	1	nan
0.2	66	40	1	nan
0.2	66	41	1	nan
0.2	66	42	1	nan
0.2	66	43	1	nan
0.2	66	44	1	nan
0.2	66	45	1	nan
0.2	66	46	1	nan
0.2	66	47	1	nan
0.2	66	48	1	nan
0.2	66	49	1	nan
0.2	67	0	1	1.57264e-10
0.2	67	1	1	1.57264e-10
0.2	67	2	1	1.57264e-10
0.2	67	3	1	1.57264e-10
0.2	67	4	1	1.57264e-10
0.2	67	5	1	1.57264e-10
0.2	67	6	1	1.57264e-10
0.2	67	7	1	1.57264e-10
0.2	67	8	1	1.57264e-10
0.2	67	9	1	1.57264e-10
0.2	67	10	1	1.57264e-10
0.2	67	11	1	1.57264e-10
0.2	67	12	1	1.57264e-10
0.2	67	13	1	1.57264e-10
0.2	67	14	1	1.57264e-10
0.2	67	15	1	1.57264e-10
0.2	67	16	1	1.57264e-10
0.2	67	17	1	1.57264e-10
0.2	67	18	1	1.57264e-10
0.2	67	19	1	1.57264e-10
0.2	67	20	1	1.57264e-10
0.2	67	21	1	1.57264e-10
0.2	67	22	1	1.57264e-10
0.2	67	23	1	1.57264e-10
0.2	67	24	1	1.57264e-10
0.2	67	25	1	1.57264e-10
0.2	67	26	1	1.57264e-10
0.2	67	27	1	1.57264e-10
0.2	67	28	1	1.57264e-10
0.2	67	29	1	1.57264e-10
0.2	67	30	1	1.57264e-10
0.2	67	31	1	1.57264e-10
0.2	67	32	1	1.57264e-10
0.2	67	33	1	1.57264e-10
0.2	67	34	1	1.57264e-10
0.2	67	35	1	1.57264e-10
0.2	67	36	1	1.57264e-10
0.2	67	37	1	1.57264e-10
0.2	67	38	1	1.57264e-10
0.2	67	39	1	1.57264e-10
0.2	67	40	1	1.57264e-10
0.2	67	41	1	1.57264e-10
0.2	67	42	1	1.57264e-10
0.2	67	43	1	1.57264e-10
0.2	67	44	1	1.57264e-10
0.2	67	45	1	1.57264e-10
0.2	67	46	1	1.57264e-10
0.2	67	47	1	1.57264e-10
0.2	67	48	1	1.57264e-10
0.2	67	49	1	1.57264e-10
0.2	68	0	1	1.54952e-10
0.2	68	1	1	1.54952e-10
0.2	68	2	1	1.54952e-10
0.2	68	3	1	1.54952e-10
0.2	68	4	1	1.54952e-10
0.2	68	5	1	1.54952e-10
0.2	68	6	1	1.54952e-10
0.2	68	7	1	1.54952e-10
0.2	68	8	1	1.54952e-10
0.2	68	9	1	1.54952e-10
0.2	68	10	1	1.54952e-10
0.2	68	11	1	1.54952e-10
0.2	68	12	1	1.54952e-10
0.2	68	13	1	1.54952e-10
0.2	68	14	1	1.54952e-10
0.2	68	15	1	1.54952e-10
0.2	68	16	1	1.54952e-10
0.2	68	17	1	1.54952e-10
0.2	68	18	1	1.54952e-10
0.2	68	19	1	1.54952e-10
0.2	68	20	1	1.54952e-10
0.2	68	21	1	1.54952e-10
0.2	68	22	1	1.54952e-10
0.2	68	23	1	1.54952e-10
0.2	68	24	1	1.54952e-10
0.2	68	25	1	1.54952e-10
0.2	68	26	1	1.54952e-10
0.2	68	27	1	1.54952e-10
0.2	68	28	1	1.54952e-10
0.2	68	29	1	1.54952e-10
0.2	68	30	1	1.54952e-10
0.2	68	31	1	1.54952e-10
0.2	68	32	1	1.54952e-10
0.2	68	33	1	1.54952e-10
0.2	68	34	1	1.54952e-10
0.2	68	35	1	1.54952e-10
0.2	68	36	1	1.54952e-10
0.2	68	37	1	1.54952e-10
0.2	68	38	1	1.54952e-10
0.2	68	39	1	1.54952e-10
0.2	68	40	1	1.54952e-10
0.2	68	41	1	1.54952e-10
0.2	68	42	1	1.54952e-10
0.2	68	43	1	1.54952e-10
0.2	68	44	1	1.54952e-10
0.2	68	45	1	1.54952e-10
0.2	68	46	1	1.54952e-10
0.2	68	47	1	1.54952e-10
0.2	68	48	1	1.54952e-10
0.2	68	49	1	1.54952e-10
0.2	69	0	1	2.64495e-10
0.2	69	1	1	2.64495e-10
0.2	69	2	1	2.64495e-10
0.2	69	3	1	2.64495e-10
0.2	69	4	1	2.64495e-10
0.2	69	5	1	2.64495e-10
0.2	69	6	1	2.64495e-10
0.2	69	7	1	2.64495e-10
0.2	69	8	1	2.64495e-10
0.2	69	9	1	2.64495e-10
0.2	69	10	1	2.64495e-10
0.2	69	11	1	2.64495e-10
0.2	69	12	1	2.64495e-10
0.2	69	13	1	2.64495e-10
0.2	69	14	1	2.64495e-10
0.2	69	15	1	2.64495e-10
0.2	69	16	1	2.64495e-10
0.2	69	17	1	2.64495e-10
0.2	69	18	1	2.64495e-10
0.2	69	19	1	2.64495e-10
0.2	69	20	1	2.64495e-10
0.2	69	21	1	2.64495e-10
0.2	69	22	1	2.64495e-10
0.2	69	23	1	2.64495e-10
0.2	69	24	1	2.64495e-10
0.2	69	25	1	2.64495e-10
0.2	69	26	1	2.64495e-10
0.2	69	27	1	2.64495e-10
0.2	69	28	1	2.64495e-10
0.2	69	29	1	2.64495e-10
0.2	69	30	1	2.64495e-10
0.2	69	31	1	2.64495e-10
0.2	69	32	1	2.64495e-10
0.2	69	33	1	2.64495e-10
0.2	69	34	1	2.64495e-10
0.2	69	35	1	2.64495e-10
0.2	69	36	1	2.64495e-10
0.2	69	37	1	2.64495e-10
0.2	69	38	1	2.64495e-10
0.2	69	39	1	2.64495e-10
0.2	69	40	1	2.64495e-10
0.2	69	41	1	2.64495e-10
0.2	69	42	1	2.64495e-10
0.2	69	43	1	2.64495e-10
0.2	69	44	1	2.64495e-10
0.2	69	45	1	2.64495e-10
0.2	69	46	1	2.64495e-10
0.2	69	47	1	2.64495e-10
0.2	69	48	1	2.64495e-10
0.2	69	49	1	2.64495e-10
0.2	70	0	1	3.68708e-10
0.2	70	1	1	3.68708e-10
0.2	70	2	1	3.68708e-10
0.2	70	3	1	3.68708e-10
0.2	70	4	1	3.68708e-10
0.2	70	5	1	3.68708e-10
0.2	70	6	1	3.68708e-10
0.2	70	7	1	3.68708e-10
0.2	70	8	1	3.68708e-10
0.2	70	9	1	3.68708e-10
0.2	70	10	1	3.68708e-10
0.2	70	11	1	3.68708e-10
0.2	70	12	1	3.68708e-10
0.2	70	13	1	3.68708e-10
0.2	70	14	1	3.68708e-10
0.2	70	15	1	3.68708e-10
0.2	70	16	1	3.68708e-10
0.2	70	17	1	3.68708e-10
0.2	70	18	1	3.68708e-10
0.2	70	19	1	3.68708e-10
0.2	70	20	1	3.68708e-10
0.2	70	21	1	3.68708e-10
0.2	70	22	1	3.68708e-10
0.2	70	23	1	3.68708e-10
0.2	70	24	1	3.68708e-10
0.2	70	25	1	3.68708e-10
0.2	70	26	1	3.68708e-10
0.2	70	27	1	3.68708e-10
0.2	70	28	1	3.68708e-10
0.2	70	29	1	3.68708e-10
0.2	70	30	1	3.68708e-10
0.2	70	31	1	3.68708e-10
0.2	70	32	1	3.68708e-10
0.2	70	33	1	3.68708e-10
0.2	70	34	1	3.68708e-10
0.2	70	35	1	3.68708e-10
0.2	70	36	1	3.68708e-10
0.2	70	37	1	3.68708e-10
0.2	70	38	1	3.68708e-10
0.2	70	39	1	3.68708e-10
0.2	70	40	1	3.68708e-10
0.2	70	41	1	3.68708e-10
0.2	70	42	1	3.68708e-10
0.2	70	43	1	3.68708e-10
0.2	70	44	1	3.68708e-10
0.2	70	45	1	3.68708e-10
0.2	70	46	1	3.68708e-10
0.2	70	47	1	3.68708e-10
0.2	70	48	1	3.68708e-10
0.2	70	49	1	3.68708e-10
0.2	71	0	1	4.19751e-10
0.2	71	1	1	4.19751e-10
0.2	71	2	1	4.19751e-10
0.2	71	3	1	4.19751e-10
0.2	71	4	1	4.19751e-10
0.2	71	5	1	4.19751e-10
0.2	71	6	1	4.19751e-10
0.2	71	7	1	4.19751e-10
0.2	71	8	1	4.19751e-10
0.2	71	9	1	4.19751e-10
0.2	71	10	1	4.19751e-10
0.2	71	11	1	4.19751e-10
0.2	71	12	1	4.19751e-10
0.2	71	13	1	4.19751e-10
0.2	71	14	1	4.19751e-10
0.2	71	15	1	4.19751e-10
0.2	71	16	1	4.19751e-10
0.2	71	17	1	4.19751e-10
0.2	71	18	1	4.19751e-10
0.2	71	19	1	4.19751e-10
0.2	71	20	1	4.19751e-10
0.2	71	21	1	4.19751e-10
0.2	71	22	1	4.19751e-10
0.2	71	23	1	4.19751e-10
0.2	71	24	1	4.19751e-10
0.2	71	25	1	4.19751e-10
0.2	71	26	1	4.19751e-10
0.2	71	27	1	4.19751e-10
0.2	71	28	1	4.19751e-10
0.2	71	29	1	4.19751e-10
0.2	71	30	1	4.19751e-10
0.2	71	31	1	4.19751e-10
0.2	71	32	1	4.19751e-10
0.2	71	33	1	4.19751e-10
0.2	71	34	1	4.19751e-10
0.2	71	35	1	4.19751e-10
0.2	71	36	1	4.19751e-10
0.2	71	37	1	4.19751e-10
0.2	71	38	1	4.19751e-10
0.2	71	39	1	4.19751e-10
0.2	71	40	1	4.19751e-10
0.2	71	41	1	4.19751e-10
0.2	71	42	1	4.19751e-10
0.2	71	43	1	4.19751e-10
0.2	71	44	1	4.19751e-10
0.2	71	45	1	4.19751e-10
0.2	71	46	1	4.19751e-10
0.2	71	47	1	4.19751e-10
0.2	71	48	1	4.19751e-10
0.2	71	49	1	4.19751e-10
0.2	72	0	1	4.13921e-10
0.2	72	1	1	4.13921e-10
0.2	72	2	1	4.13921e-10
0.2	72	3	1	4.13921e-10
0.2	72	4	1	4.13921e-10
0.2	72	5	1	4.13921e-10
0.2	72	6	1	4.13921e-10
0.2	72	7	1	4.13921e-10
0.2	72	8	1	4.13921e-10
0.2	72	9	1	4.13921e-10
0.2	72	10	1	4.13921e-10
0.2	72	11	1	4.13921e-10
0.2	72	12	1	4.13921e-10
0.2	72	13	1	4.13921e-10
0.2	72	14	1	4.13921e-10
0.2	72	15	1	4.13921e-10
0.2	72	16	1	4.13921e-10
0.2	72	17	1	4.13921e-10
0.2	72	18	1	4.13921e-10
0.2	72	19	1	4.13921e-10
0.2	72	20	1	4.13921e-10
0.2	72	21	1	4.13921e-10
0.2	72	22	1	4.13921e-10
0.2	72	23	1	4.13921e-10
0.2	72	24	1	4.13921e-10
0.2	72	25	1	4.13921e-10
0.2	72	26	1	4.13921e-10
0.2	72	27	1	4.13921e-10
0.2	72	28	1	4.13921e-10
0.2	72	29	1	4.13921e-10
0.2	72	30	1	4.13921e-10
0.2	72	31	1	4.13921e-10
0.2	72	32	1	4.13921e-10
0.2	72	33	1	4.13921e-10
0.2	72	34	1	4.13921e-10
0.2	72	35	1	4.13921e-10
0.2	72	36	1	4.13921e-10
0.2	72	37	1	4.13921e-10
0.2	72	38	1	4.13921e-10
0.2	72	39	1	4.13921e-10
0.2	72	40	1	4.13921e-10
0.2	72	41	1	4.13921e-10
0.2	72	42	1	4.13921e-10
0.2	72	43	1	4.13921e-10
0.2	72	44	1	4.13921e-10
0.2	72	45	1	4.13921e-10
0.2	72	46	1	4.13921e-10
0.2	72	47	1	4.13921e-10
0.2	72	48	1	4.13921e-10
0.2	72	49	1	4.13921e-10
0.2	73	0	1	4.56438e-10
0.2	73	1	1	4.56438e-10
0.2	73	2	1	4.56438e-10
0.2	73	3	1	4.56438e-10
0.2	73	4	1	4.56438e-10
0.2	73	5	1	4.56438e-10
0.2	73	6	1	4.56438e-10
0.2	73	7	1	4.56438e-10
0.2	73	8	1	4.56438e-10
0.2	73	9	1	4.56438e-10
0.2	73	10	1	4.56438e-10
0.2	73	11	1	4.56438e-10
0.2	73	12	1	4.56438e-10
0.2	73	13	1	4.56438e-10
0.2	73	14	1	4.56438e-10
0.2	73	15	1	4.56438e-10
0.2	73	16	1	4.56438e-10
0.2	73	17	1	4.56438e-10
0.2	73	18	1	4.56438e-10
0.2	73	19	1	4.56438e-10
0.2	73	20	1	4.56438e-10
0.2	73	21	1	4.56438e-10
0.2	73	22	1	4.56438e-10
0.2	73	23	1	4.56438e-10
0.2	73	24	1	4.56438e-10
0.2	73	25	1	4.56438e-10
0.2	73	26	1	4.56438e-10
0.2	73	27	1	4.56438e-10
0.2	73	28	1	4.56438e-10
0.2	73	29	1	4.56438e-10
0.2	73	30	1	4.56438e-10
0.2	73	31	1	4.56438e-10
0.2	73	32	1	4.56438e-10
0.2	73	33	1	4.56438e-10
0.2	73	34	1	4.56438e-10
0.2	73	35	1	4.56438e-10
0.2	73	36	1	4.56438e-10
0.2	73	37	1	4.56438e-10
0.2	73	38	1	4.56438e-10
0.2	73	39	1	4.56438e-10
0.2	73	40	1	4.56438e-10
0.2	73	41	1	4.56438e-10
0.2	73	42	1	4.56438e-10
0.2	73	43	1	4.56438e-10
0.2	73	44	1	4.56438e-10
0.2	73	45	1	4.56438e-10
0.2	73	46	1	4.56438e-10
0.2	73	47	1	4.56438e-10
0.2	73	48	1	4.56438e-10
0.2	73	49	1	4.56438e-10
0.2	74	0	1	4.93247e-10
0.2	74	1	1	4.93247e-10
0.2	74	2	1	4.93247e-10
0.2	74	3	1	4.93247e-10
0.2	74	4	1	4.93247e-10
0.2	74	5	1	4.93247e-10
0.2	74	6	1	4.93247e-10
0.2	74	7	1	4.93247e-10
0.2	74	8	1	4.93247e-10
0.2	74	9	1	4.93247e-10
0.2	74	10	1	4.93247e-10
0.2	74	11	1	4.93247e-10
0.2	74	12	1	4.93247e-10
0.2	74	13	1	4.93247e-10
0.2	74	14	1	4.93247e-10
0.2	74	15	1	4.93247e-10
0.2	74	16	1	4.93247e-10
0.2	74	17	1	4.93247e-10
0.2	74	18	1	4.93247e-10
0.2	74	19	1	4.93247e-10
0.2	74	20	1	4.93247e-10
0.2	74	21	1	4.93247e-10
0.2	74	22	1	4.93247e-10
0.2	74	23	1	4.93247e-10
0.2	74	24	1	4.93247e-10
0.2	74	25	1	4.93247e-10
0.2	74	26	1	4.93247e-10
0.2	74	27	1	4.93247e-10
0.2	74	28	1	4.93247e-10
0.2	74	29	1	4.93247e-10
0.2	74	30	1	4.93247e-10
0.2	74	31	1	4.93247e-10
0.2	74	32	1	4.93247e-10
0.2	74	33	1	4.93247e-10
0.2	74	34	1	4.93247e-10
0.2	74	35	1	4.93247e-10
0.2	74	36	1	4.93247e-10
0.2	74	37	1	4.93247e-10
0.2	74	38	1	4.93247e-10
0.2	74	39	1	4.93247e-10
0.2	74	40	1	4.93247e-10
0.2	74	41	1	4.93247e-10
0.2	74	42	1	4.93247e-10
0.2	74	43	1	4.93247e-10
0.2	74	44	1	4.93247e-10
0.2	74	45	1	4.93247e-10
0.2	74	46	1	4.93247e-10
0.2	74	47	1	4.93247e-10
0.2	74	48	1	4.93247e-10
0.2	74	49	1	4.93247e-10
0.2	75	0	1	5.06542e-10
0.2	75	1	1	5.06542e-10
0.2	75	2	1	5.06542e-10
0.2	75	3	1	5.06542e-10
0.2	75	4	1	5.06542e-10
0.2	75	5	1	5.06542e-10
0.2	75	6	1	5.06542e-10
0.2	75	7	1	5.06542e-10
0.2	75	8	1	5.06542e-10
0.2	75	9	1	5.06542e-10
0.2	75	10	1	5.06542e-10
0.2	75	11	1	5.06542e-10
0.2	75	12	1	5.06542e-10
0.2	75	13	1	5.06542e-10
0.2	75	14	1	5.06542e-10
0.2	75	15	1	5.06542e-10
0.2	75	16	1	5.06542e-10
0.2	75	17	1	5.06542e-10
0.2	75	18	1	5.06542e-10
0.2	75	19	1	5.06542e-10
0.2	75	20	1	5.06542e-10
0.2	75	21	1	5.06542e-10
0.2	75	22	1	5.06542e-10
0.2	75	23	1	5.06542e-10
0.2	75	24	1	5.06542e-10
0.2	75	25	1	5.06542e-10
0.2	75	26	1	5.06542e-10
0.2	75	27	1	5.06542e-10
0.2	75	28	1	5.06542e-10
0.2	75	29	1	5.06542e-10
0.2	75	30	1	5.06542e-10
0.2	75	31	1	5.06542e-10
0.2	75	32	1	5.06542e-10
0.2	75	33	1	5.06542e-10
0.2	75	34	1	5.06542e-10
0.2	75	35	1	5.06542e-10
0.2	75	36	1	5.06542e-10
0.2	75	37	1	5.06542e-10
0.2	75	38	1	5.06542e-10
0.2	75	39	1	5.06542e-10
0.2	75	40	1	5.06542e-10
0.2	75	41	1	5.06542e-10
0.2	75	42	1	5.06542e-10
0.2	75	43	1	5.06542e-10
0.2	75	44	1	5.06542e-10
0.2	75	45	1	5.06542e-10
0.2	75	46	1	5.06542e-10
0.2	75	47	1	5.06542e-10
0.2	75	48	1	5.06542e-10
0.2	75	49	1	5.06542e-10
0.2	76	0	1	5.36954e-10
0.2	76	1	1	5.36954e-10
0.2	76	2	1	5.36954e-10
0.2	76	3	1	5.36954e-10
0.2	76	4	1	5.36954e-10
0.2	76	5	1	5.36954e-10
0.2	76	6	1	5.36954e-10
0.2	76	7	1	5.36954e-10
0.2	76	8	1	5.36954e-10
0.2	76	9	1	5.36954e-10
0.2	76	10	1	5.36954e-10
0.2	76	11	1	5.36954e-10
0.2	76	12	1	5.36954e-10
0.2	76	13	1	5.36954e-10
0.2	76	14	1	5.36954e-10
0.2	76	15	1	5.36954e-10
0.2	76	16	1	5.36954e-10
0.2	76	17	1	5.36954e-10
0.2	76	18	1	5.36954e-10
0.2	76	19	1	5.36954e-10
0.2	76	20	1	5.36954e-10
0.2	76	21	1	5.36954e-10
0.2	76	22	1	5.36954e-10
0.2	76	23	1	5.36954e-10
0.2	76	24	1	5.36954e-10
0.2	76	25	1	5.36954e-10
0.2	76	26	1	5.36954e-10
0.2	76	27	1	5.36954e-10
0.2	76	28	1	5.36954e-10
0.2	76	29	1	5.36954e-10
0.2	76	30	1	5.36954e-10
0.2	76	31	1	5.36954e-10
0.2	76	32	1	5.36954e-10
0.2	76	33	1	5.36954e-10
0.2	76	34	1	5.36954e-10
0.2	76	35	1	5.36954e-10
0.2	76	36	1	5.36954e-10
0.2	76	37	1	5.36954e-10
0.2	76	38	1	5.36954e-10
0.2	76	39	1	5.36954e-10
0.2	76	40	1	5.36954e-10
0.2	76	41	1	5.36954e-10
0.2	76	42	1	5.36954e-10
0.2	76	43	1	5.36954e-10
0.2	76	44	1	5.36954e-10
0.2	76	45	1	5.36954e-10
0.2	76	46	1	5.36954e-10
0.2	76	47	1	5.36954e-10
0.2	76	48	1	5.36954e-10
0.2	76	49	1	5.36954e-10
0.2	77	0	1	5.64207e-10
0.2	77	1	1	5.64207e-10
0.2	77	2	1	5.64207e-10
0.2	77	3	1	5.64207e-10
0.2	77	4	1	5.64207e-10
0.2	77	5	1	5.64207e-10
0.2	77	6	1	5.64207e-10
0.2	77	7	1	5.64207e-10
0.2	77	8	1	5.64207e-10
0.2	77	9	1	5.64207e-10
0.2	77	10	1	5.64207e-10
0.2	77	11	1	5.64207e-10
0.2	77	12	1	5.64207e-10
0.2	77	13	1	5.64207e-10
0.2	77	14	1	5.64207e-10
0.2	77	15	1	5.64207e-10
0.2	77	16	1	5.64207e-10
0.2	77	17	1	5.64207e-10
0.2	77	18	1	5.64207e-10
0.2	77	19	1	5.64207e-10
0.2	77	20	1	5.64207e-10
0.2	77	21	1	5.64207e-10
0.2	77	22	1	5.64207e-10
0.2	77	23	1	5.64207e-10
0.2	77	24	1	5.64207e-10
0.2	77	25	1	5.64207e-10
0.2	77	26	1	5.64207e-10
0.2	77	27	1	5.64207e-10
0.2	77	28	1	5.64207e-10
0.2	77	29	1	5.64207e-10
0.2	77	30	1	5.64207e-10
0.2	77	31	1	5.64207e-10
0.2	77	32	1	5.64207e-10
0.2	77	33	1	5.64207e-10
0.2	77	34	1	5.64207e-10
0.2	77	35	1	5.64207e-10
0.2	77	36	1	5.64207e-10
0.2	77	37	1	5.64207e-10
0.2	77	38	1	5.64207e-10
0.2	77	39	1	5.64207e-10
0.2	77	40	1	5.64207e-10
0.2	77	41	1	5.64207e-10
0.2	77	42	1	5.64207e-10
0.2	77	43	1	5.64207e-10
0.2	77	44	1	5.64207e-10
0.2	77	45	1	5.64207e-10
0.2	77	46	1	5.64207e-10
0.2	77	47	1	5.64207e-10
0.2	77	48	1	5.64207e-10
0.2	77	49	1	5.64207e-10
0.2	78	0	1	5.56974e-10
0.2	78	1	1	5.56974e-10
0.2	78	2	1	5.56974e-10
0.2	78	3	1	5.56974e-10
0.2	78	4	1	5.56974e-10
0.2	78	5	1	5.56974e-10
0.2	78	6	1	5.56974e-10
0.2	78	7	1	5.56974e-10
0.2	78	8	1	5.56974e-10
0.2	78	9	1	5.56974e-10
0.2	78	10	1	5.56974e-10
0.2	78	11	1	5.56974e-10
0.2	78	12	1	5.56974e-10
0.2	78	13	1	5.56974e-10
0.2	78	14	1	5.56974e-10
0.2	78	15	1	5.56974e-10
0.2	78	16	1	5.56974e-10
0.2	78	17	1	5.56974e-10
0.2	78	18	1	5.56974e-10
0.2	78	19	1	5.56974e-10
0.2	78	20	1	5.56974e-10
0.2	78	21	1	5.56974e-10
0.2	78	22	1	5.56974e-10
0.2	78	23	1	5.56974e-10
0.2	78	24	1	5.56974e-10
0.2	78	25	1	5.56974e-10
0.2	78	26	1	5.56974e-10
0.2	78	27	1	5.56974e-10
0.2	78	28	1	5.56974e-10
0.2	78	29	1	5.56974e-10
0.2	78	30	1	5.56974e-10
0.2	78	31	1	5.56974e-10
0.2	78	32	1	5.56974e-10
0.2	78	33	1	5.56974e-10
0.2	78	34	1	5.56974e-10
0.2	78	35	1	5.56974e-10
0.2	78	36	1	5.56974e-10
0.2	78	37	1	5.56974e-10
0.2	78	38	1	5.56974e-10
0.2	78	39	1	5.56974e-10
0.2	78	40	1	5.56974e-10
0.2	78	41	1	5.56974e-10
0.2	78	42	1	5.56974e-10
0.2	78	43	1	5.56974e-10
0.2	78	44	1	5.56974e-10
0.2	78	45	1	5.56974e-10
0.2	78	46	1	5.56974e-10
0.2	78	47	1	5.56974e-10
0.2	78	48	1	5.56974e-10
0.2	78	49	1	5.56974e-10
0.2	79	0	1	5.81373e-10
0.2	79	1	1	5.81373e-10
0.2	79	2	1	5.81373e-10
0.2	79	3	1	5.81373e-10
0.2	79	4	1	5.81373e-10
0.2	79	5	1	5.81373e-10
0.2	79	6	1	5.81373e-10
0.2	79	7	1	5.81373e-10
0.2	79	8	1	5.81373e-10
0.2	79	9	1	5.81373e-10
0.2	79	10	1	5.81373e-10
0.2	79	11	1	5.81373e-10
0.2	79	12	1	5.81373e-10
0.2	79	13	1	5.81373e-10
0.2	79	14	1	5.81373e-10
0.2	79	15	1	5.81373e-10
0.2	79	16	1	5.81373e-10
0.2	79	17	1	5.81373e-10
0.2	79	18	1	5.81373e-10
0.2	79	19	1	5.81373e-10
0.2	79	20	1	5.81373e-10
0.2	79	21	1	5.81373e-10
0.2	79	22	1	5.81373e-10
0.2	79	23	1	5.81373e-10
0.2	79	24	1	5.81373e-10
0.2	79	25	1	5.81373e-10
0.2	79	26	1	5.81373e-10
0.2	79	27	1	5.81373e-10
0.2	79	28	1	5.81373e-10
0.2	79	29	1	5.81373e-10
0.2	79	30	1	5.81373e-10
0.2	79	31	1	5.81373e-10
0.2	79	32	1	5.81373e-10
0.2	79	33	1	5.81373e-10
0.2	79	34	1	5.81373e-10
0.2	79	35	1	5.81373e-10
0.2	79	36	1	5.81373e-10
0.2	79	37	1	5.81373e-10
0.2	79	38	1	5.81373e-10
0.2	79	39	1	5.81373e-10
0.2	79	40	1	5.81373e-10
0.2	79	41	1	5.81373e-10
0.2	79	42	1	5.81373e-10
0.2	79	43	1	5.81373e-10
0.2	79	44	1	5.81373e-10
0.2	79	45	1	5.81373e-10
0.2	79	46	1	5.81373e-10
0.2	79	47	1	5.81373e-10
0.2	79	48	1	5.81373e-10
0.2	79	49	1	5.81373e-10
0.2	80	0	1	6.03566e-10
0.2	80	1	1	6.03566e-10
0.2	80	2	1	6.03566e-10
0.2	80	3	1	6.03566e-10
0.2	80	4	1	6.03566e-10
0.2	80	5	1	6.03566e-10
0.2	80	6	1	6.03566e-10
0.2	80	7	1	6.03566e-10
0.2	80	8	1	6.03566e-10
0.2	80	9	1	6.03566e-10
0.2	80	10	1	6.03566e-10
0.2	80	11	1	6.03566e-10
0.2	80	12	1	6.03566e-10
0.2	80	13	1	6.03566e-10
0.2	80	14	1	6.03566e-10
0.2	80	15	1	6.03566e-10
0.2	80	16	1	6.03566e-10
0.2	80	17	1	6.03566e-10
0.2	80	18	1	6.03566e-10
0.2	80	19	1	6.03566e-10
0.2	80	20	1	6.03566e-10
0.2	80	21	1	6.03566e-10
0.2	80	22	1	6.03566e-10
0.2	80	23	1	6.03566e-10
0.2	80	24	1	6.03566e-10
0.2	80	25	1	6.03566e-10
0.2	80	26	1	6.03566e-10
0.2	80	27	1	6.03566e-10
0.2	80	28	1	6.03566e-10
0.2	80	29	1	6.03566e-10
0.2	80	30	1	6.03566e-10
0.2	80	31	1	6.03566e-10
0.2	80	32	1	6.03566e-10
0.2	80	33	1	6.03566e-10
0.2	80	34	1	6.03566e-10
0.2	80	35	1	6.03566e-10
0.2	80	36	1	6.03566e-10
0.2	80	37	1	6.03566e-10
0.2	80	38	1	6.03566e-10
0.2	80	39	1	6.03566e-10
0.2	80	40	1	6.03566e-10
0.2	80	41	1	6.03566e-10
0.2	80	42	1	6.03566e-10
0.2	80	43	1	6.03566e-10
0.2	80	44	1	6.03566e-10
0.2	80	45	1	6.03566e-10
0.2	80	46	1	6.03566e-10
0.2	80	47	1	6.03566e-10
0.2	80	48	1	6.03566e-10
0.2	80	49	1	6.03566e-10
0.2	81	0	1	6.10143e-10
0.2	81	1	1	6.10143e-10
0.2	81	2	1	6.10143e-10
0.2	81	3	1	6.10143e-10
0.2	81	4	1	6.10143e-10
0.2	81	5	1	6.10143e-10
0.2	81	6	1	6.10143e-10
0.2	81	7	1	6.10143e-10
0.2	81	8	1	6.10143e-10
0.2	81	9	1	6.10143e-10
0.2	81	10	1	6.10143e-10
0.2	81	11	1	6.10143e-10
0.2	81	12	1	6.10143e-10
0.2	81	13	1	6.10143e-10
0.2	81	14	1	6.10143e-10
0.2	81	15	1	6.10143e-10
0.2	81	16	1	6.10143e-10
0.2	81	17	1	6.10143e-10
0.2	81	18	1	6.10143e-10
0.2	81	19	1	6.10143e-10
0.2	81	20	1	6.10143e-10
0.2	81	21	1	6.10143e-10
0.2	81	22	1	6.10143e-10
0.2	81	23	1	6.10143e-10
0.2	81	24	1	6.10143e-10
0.2	81	25	1	6.10143e-10
0.2	81	26	1	6.10143e-10
0.2	81	27	1	6.10143e-10
0.2	81	28	1	6.10143e-10
0.2	81	29	1	6.10143e-10
0.2	81	30	1	6.10143e-10
0.2	81	31	1	6.10143e-10
0.2	81	32	1	6.10143e-10
0.2	81	33	1	6.10143e-10
0.2	81	34	1	6.10143e-10
0.2	81	35	1	6.10143e-10
0.2	81	36	1	6.10143e-10
0.2	81	37	1	6.10143e-10
0.2	81	38	1	6.10143e-10
0.2	81	39	1	6.10143e-10
0.2	81	40	1	6.10143e-10
0.2	81	41	1	6.10143e-10
0.2	81	42	1	6.10143e-10
0.2	81	43	1	6.10143e-10
0.2	81	44	1	6.10143e-10
0.2	81	45	1	6.10143e-10
0.2	81	46	1	6.10143e-10
0.2	81	47	1	6.10143e-10
0.2	81	48	1	6.10143e-10
0.2	81	49	1	6.10143e-10
0.2	82	0	1	6.29502e-10
0.2	82	1	1	6.29502e-10
0.2	82	2	1	6.29502e-10
0.2	82	3	1	6.29502e-10
0.2	82	4	1	6.29502e-10
0.2	82	5	1	6.29502e-10
0.2	82	6	1	6.29502e-10
0.2	82	7	1	6.29502e-10
0.2	82	8	1	6.29502e-10
0.2	82	9	1	6.29502e-10
0.2	82	10	1	6.29502e-10
0.2	82	11	1	6.29502e-10
0.2	82	12	1	6.29502e-10
0.2	82	13	1	6.29502e-10
0.2	82	14	1	6.29502e-10
0.2	82	15	1	6.29502e-10
0.2	82	16	1	6.29502e-10
0.2	82	17	1	6.29502e-10
0.2	82	18	1	6.29502e-10
0.2	82	19	1	6.29502e-10
0.2	82	20	1	6.29502e-10
0.2	82	21	1	6.29502e-10
0.2	82	22	1	6.29502e-10
0.2	82	23	1	6.29502e-10
0.2	82	24	1	6.29502e-10
0.2	82	25	1	6.29502e-10
0.2	82	26	1	6.29502e-10
0.2	82	27	1	6.29502e-10
0.2	82	28	1	6.29502e-10
0.2	82	29	1	6.29502e-10
0.2	82	30	1	6.29502e-10
0.2	82	31	1	6.29502e-10
0.2	82	32	1	6.29502e-10
0.2	82	33	1	6.29502e-10
0.2	82	34	1	6.29502e-10
0.2	82	35	1	6.29502e-10
0.2	82	36	1	6.29502e-10
0.2	82	37	1	6.29502e-10
0.2	82	38	1	6.29502e-10
0.2	82	39	1	6.29502e-10
0.2	82	40	1	6.29502e-10
0.2	82	41	1	6.29502e-10
0.2	82	42	1	6.29502e-10
0.2	82	43	1	6.29502e-10
0.2	82	44	1	6.29502e-10
0.2	82	45	1	6.29502e-10
0.2	82	46	1	6.29502e-10
0.2	82	47	1	6.29502e-10
0.2	82	48	1	6.29502e-10
0.2	82	49	1	6.29502e-10
0.2	83	0	1	6.21917e-10
0.2	83	1	1	6.21917e-10
0.2	83	2	1	6.21917e-10
0.2	83	3	1	6.21917e-10
0.2	83	4	1	6.21917e-10
0.2	83	5	1	6.21917e-10
0.2	83	6	1	6.21917e-10
0.2	83	7	1	6.21917e-10
0.2	83	8	1	6.21917e-10
0.2	83	9	1	6.21917e-10
0.2	83	10	1	6.21917e-10
0.2	83	11	1	6.21917e-10
0.2	83	12	1	6.21917e-10
0.2	83	13	1	6.21917e-10
0.2	83	14	1	6.21917e-10
0.2	83	15	1	6.21917e-10
0.2	83	16	1	6.21917e-10
0.2	83	17	1	6.21917e-10
0.2	83	18	1	6.21917e-10
0.2	83	19	1	6.21917e-10
0.2	83	20	1	6.21917e-10
0.2	83	21	1	6.21917e-10
0.2	83	22	1	6.21917e-10
0.2	83	23	1	6.21917e-10
0.2	83	24	1	6.21917e-10
0.2	83	25	1	6.21917e-10
0.2	83	26	1	6.21917e-10
0.2	83	27	1	6.21917e-10
0.2	83	28	1	6.21917e-10
0.2	83	29	1	6.21917e-10
0.2	83	30	1	6.21917e-10
0.2	83	31	1	6.21917e-10
0.2	83	32	1	6.21917e-10
0.2	83	33	1	6.21917e-10
0.2	83	34	1	6.21917e-10
0.2	83	35	1	6.21917e-10
0.2	83	36	1	6.21917e-10
0.2	83	37	1	6.21917e-10
0.2	83	38	1	6.21917e-10
0.2	83	39	1	6.21917e-10
0.2	83	40	1	6.21917e-10
0.2	83	41	1	6.21917e-10
0.2	83	42	1	6.21917e-10
0.2	83	43	1	6.21917e-10
0.2	83	44	1	6.21917e-10
0.2	83	45	1	6.21917e-10
0.2	83	46	1	6.21917e-10
0.2	83	47	1	6.21917e-10
0.2	83	48	1	6.21917e-10
0.2	83	49	1	6.21917e-10
0.2	84	0	1	6.39606e-10
0.2	84	1	1	6.39606e-10
0.2	84	2	1	6.39606e-10
0.2	84	3	1	6.39606e-10
0.2	84	4	1	6.39606e-10
0.2	84	5	1	6.39606e-10
0.2	84	6	1	6.39606e-10
0.2	84	7	1	6.39606e-10
0.2	84	8	1	6.39606e-10
0.2	84	9	1	6.39606e-10
0.2	84	10	1	6.39606e-10
0.2	84	11	1	6.39606e-10
0.2	84	12	1	6.39606e-10
0.2	84	13	1	6.39606e-10
0.2	84	14	1	6.39606e-10
0.2	84	15	1	6.39606e-10
0.2	84	16	1	6.39606e-10
0.2	84	17	1	6.39606e-10
0.2	84	18	1	6.39606e-10
0.2	84	19	1	6.39606e-10
0.2	84	20	1	6.39606e-10
0.2	84	21	1	6.39606e-10
0.2	84	22	1	6.39606e-10
0.2	84	23	1	6.39606e-10
0.2	84	24	1	6.39606e-10
0.2	84	25	1	6.39606e-10
0.2	84	26	1	6.39606e-10
0.2	84	27	1	6.39606e-10
0.2	84	28	1	6.39606e-10
0.2	84	29	1	6.39606e-10
0.2	84	30	1	6.39606e-10
0.2	84	31	1	6.39606e-10
0.2	84	32	1	6.39606e-10
0.2	84	33	1	6.39606e-10
0.2	84	34	1	6.39606e-10
0.2	84	35	1	6.39606e-10
0.2	84	36	1	6.39606e-10
0.2	84	37	1	6.39606e-10
0.2	84	38	1	6.39606e-10
0.2	84	39	1	6.39606e-10
0.2	84	40	1	6.39606e-10
0.2	84	41	1	6.39606e-10
0.2	84	42	1	6.39606e-10
0.2	84	43	1	6.39606e-10
0.2	84	44	1	6.39606e-10
0.2	84	45	1	6.39606e-10
0.2	84	46	1	6.39606e-10
0.2	84	47	1	6.39606e-10
0.2	84	48	1	6.39606e-10
0.2	84	49	1	6.39606e-10
0.2	85	0	1	6.32081e-10
0.2	85	1	1	6.32081e-10
0.2	85	2	1	6.32081e-10
0.2	85	3	1	6.32081e-10
0.2	85	4	1	6.32081e-10
0.2	85	5	1	6.32081e-10
0.2	85	6	1	6.32081e-10
0.2	85	7	1	6.32081e-10
0.2	85	8	1	6.32081e-10
0.2	85	9	1	6.32081e-10
0.2	85	10	1	6.32081e-10
0.2	85	11	1	6.32081e-10
0.2	85	12	1	6.32081e-10
0.2	85	13	1	6.32081e-10
0.2	85	14	1	6.32081e-10
0.2	85	15	1	6.32081e-10
0.2	85	16	1	6.32081e-10
0.2	85	17	1	6.32081e-10
0.2	85	18	1	6.32081e-10
0.2	85	19	1	6.32081e-10
0.2	85	20	1	6.32081e-10
0.2	85	21	1	6.32081e-10
0.2	85	22	1	6.32081e-10
0.2	85	23	1	6.32081e-10
0.2	85	24	1	6.32081e-10
0.2	85	25	1	6.32081e-10
0.2	85	26	1	6.32081e-10
0.2	85	27	1	6.32081e-10
0.2	85	28	1	6.32081e-10
0.2	85	29	1	6.32081e-10
0.2	85	30	1	6.32081e-10
0.2	85	31	1	6.32081e-10
0.2	85	32	1	6.32081e-10
0.2	85	33	1	6.32081e-10
0.2	85	34	1	6.32081e-10
0.2	85	35	1	6.32081e-10
0.2	85	36	1	6.32081e-10
0.2	85	37	1	6.32081e-10
0.2	85	38	1	6.32081e-10
0.2	85	39	1	6.32081e-10
0.2	85	40	1	6.32081e-10
0.2	85	41	1	6.32081e-10
0.2	85	42	1	6.32081e-10
0.2	85	43	1	6.32081e-10
0.2	85	44	1	6.32081e-10
0.2	85	45	1	6.32081e-10
0.2	85	46	1	6.32081e-10
0.2	85	47	1	6.32081e-10
0.2	85	48	1	6.32081e-10
0.2	85	49	1	6.32081e-10
0.2	86	0	1	6.48314e-10
0.2	86	1	1	6.48314e-10
0.2	86	2	1	6.48314e-10
0.2	86	3	1	6.48314e-10
0.2	86	4	1	6.48314e-10
0.2	86	5	1	6.48314e-10
0.2	86	6	1	6.48314e-10
0.2	86	7	1	6.48314e-10
0.2	86	8	1	6.48314e-10
0.2	86	9	1	6.48314e-10
0.2	86	10	1	6.48314e-10
0.2	86	11	1	6.48314e-10
0.2	86	12	1	6.48314e-10
0.2	86	13	1	6.48314e-10
0.2	86	14	1	6.48314e-10
0.2	86	15	1	6.48314e-10
0.2	86	16	1	6.48314e-10
0.2	86	17	1	6.48314e-10
0.2	86	18	1	6.48314e-10
0.2	86	19	1	6.48314e-10
0.2	86	20	1	6.48314e-10
0.2	86	21	1	6.48314e-10
0.2	86	22	1	6.48314e-10
0.2	86	23	1	6.48314e-10
0.2	86	24	1	6.48314e-10
0.2	86	25	1	6.48314e-10
0.2	86	26	1	6.48314e-10
0.2	86	27	1	6.48314e-10
0.2	86	28	1	6.48314e-10
0.2	86	29	1	6.48314e-10
0.2	86	30	1	6.48314e-10
0.2	86	31	1	6.48314e-10
0.2	86	32	1	6.48314e-10
0.2	86	33	1	6.48314e-10
0.2	86	34	1	6.48314e-10
0.2	86	35	1	6.48314e-10
0.2	86	36	1	6.48314e-10
0.2	86	37	1	6.48314e-10
0.2	86	38	1	6.48314e-10
0.2	86	39	1	6.48314e-10
0.2	86	40	1	6.48314e-10
0.2	86	41	1	6.48314e-10
0.2	86	42	1	6.48314e-10
0.2	86	43	1	6.48314e-10
0.2	86	44	1	6.48314e-10
0.2	86	45	1	6.48314e-10
0.2	86	46	1	6.48314e-10
0.2	86	47	1	6.48314e-10
0.2	86	48	1	6.48314e-10
0.2	86	49	1	6.48314e-10
0.2	87	0	1	6.40863e-10
0.2	87	1	1	6.40863e-10
0.2	87	2	1	6.40863e-10
0.2	87	3	1	6.40863e-10
0.2	87	4	1	6.40863e-10
0.2	87	5	1	6.40863e-10
0.2	87	6	1	6.40863e-10
0.2	87	7	1	6.40863e-10
0.2	87	8	1	6.40863e-10
0.2	87	9	1	6.40863e-10
0.2	87	10	1	6.40863e-10
0.2	87	11	1	6.40863e-10
0.2	87	12	1	6.40863e-10
0.2	87	13	1	6.40863e-10
0.2	87	14	1	6.40863e-10
0.2	87	15	1	6.40863e-10
0.2	87	16	1	6.40863e-10
0.2	87	17	1	6.40863e-10
0.2	87	18	1	6.40863e-10
0.2	87	19	1	6.40863e-10
0.2	87	20	1	6.40863e-10
0.2	87	21	1	6.40863e-10
0.2	87	22	1	6.40863e-10
0.2	87	23	1	6.40863e-10
0.2	87	24	1	6.40863e-10
0.2	87	25	1	6.40863e-10
0.2	87	26	1	6.40863e-10
0.2	87	27	1	6.40863e-10
0.2	87	28	1	6.40863e-10
0.2	87	29	1	6.40863e-10
0.2	87	30	1	6.40863e-10
0.2	87	31	1	6.40863e-10
0.2	87	32	1	6.40863e-10
0.2	87	33	1	6.40863e-10
0.2	87	34	1	6.40863e-10
0.2	87	35	1	6.40863e-10
0.2	87	36	1	6.40863e-10
0.2	87	37	1	6.40863e-10
0.2	87	38	1	6.40863e-10
0.2	87	39	1	6.40863e-10
0.2	87	40	1	6.40863e-10
0.2	87	41	1	6.40863e-10
0.2	87	42	1	6.40863e-10
0.2	87	43	1	6.40863e-10
0.2	87	44	1	6.40863e-10
0.2	87	45	1	6.40863e-10
0.2	87	46	1	6.40863e-10
0.2	87	47	1	6.40863e-10
0.2	87	48	1	6.40863e-10
0.2	87	49	1	6.40863e-10
0.2	88	0	1	6.55818e-10
0.2	88	1	1	6.55818e-10
0.2	88	2	1	6.55818e-10
0.2	88	3	1	6.55818e-10
0.2	88	4	1	6.55818e-10
0.2	88	5	1	6.55818e-10
0.2	88	6	1	6.55818e-10
0.2	88	7	1	6.55818e-10
0.2	88	8	1	6.55818e-10
0.2	88	9	1	6.55818e-10
0.2	88	10	1	6.55818e-10
0.2	88	11	1	6.55818e-10
0.2	88	12	1	6.55818e-10
0.2	88	13	1	6.55818e-10
0.2	88	14	1	6.55818e-10
0.2	88	15	1	6.55818e-10
0.2	88	16	1	6.55818e-10
0.2	88	17	1	6.55818e-10
0.2	88	18	1	6.55818e-10
0.2	88	19	1	6.55818e-10
0.2	88	20	1	6.55818e-10
0.2	88	21	1	6.55818e-10
0.2	88	22	1	6.55818e-10
0.2	88	23	1	6.55818e-10
0.2	88	24	1	6.55818e-10
0.2	88	25	1	6.55818e-10
0.2	88	26	1	6.55818e-10
0.2	88	27	1	6.55818e-10
0.2	88	28	1	6.55818e-10
0.2	88	29	1	6.55818e-10
0.2	88	30	1	6.55818e-10
0.2	88	31	1	6.55818e-10
0.2	88	32	1	6.55818e-10
0.2	88	33	1	6.55818e-10
0.2	88	34	1	6.55818e-10
0.2	88	35	1	6.55818e-10
0.2	88	36	1	6.55818e-10
0.2	88	37	1	6.55818e-10
0.2	88	38	1	6.55818e-10
0.2	88	39	1	6.55818e-10
0.2	88	40	1	6.55818e-10
0.2	88	41	1	6.55818e-10
0.2	88	42	1	6.55818e-10
0.2	88	43	1	6.55818e-10
0.2	88	44	1	6.55818e-10
0.2	88	45	1	6.55818e-10
0.2	88	46	1	6.55818e-10
0.2	88	47	1	6.55818e-10
0.2	88	48	1	6.55818e-10
0.2	88	49	1	6.55818e-10
0.2	89	0	1	6.59168e-10
0.2	89	1	1	6.59168e-10
0.2	89	2	1	6.59168e-10
0.2	89	3	1	6.59168e-10
0.2	89	4	1	6.59168e-10
0.2	89	5	1	6.59168e-10
0.2	89	6	1	6.59168e-10
0.2	89	7	1	6.59168e-10
0.2	89	8	1	6.59168e-10
0.2	89	9	1	6.59168e-10
0.2	89	10	1	6.59168e-10
0.2	89	11	1	6.59168e-10
0.2	89	12	1	6.59168e-10
0.2	89	13	1	6.59168e-10
0.2	89	14	1	6.59168e-10
0.2	89	15	1	6.59168e-10
0.2	89	16	1	6.59168e-10
0.2	89	17	1	6.59168e-10
0.2	89	18	1	6.59168e-10
0.2	89	19	1	6.59168e-10
0.2	89	20	1	6.59168e-10
0.2	89	21	1	6.59168e-10
0.2	89	22	1	6.59168e-10
0.2	89	23	1	6.59168e-10
0.2	89	24	1	6.59168e-10
0.2	89	25	1	6.59168e-10
0.2	89	26	1	6.59168e-10
0.2	89	27	1	6.59168e-10
0.2	89	28	1	6.59168e-10
0.2	89	29	1	6.59168e-10
0.2	89	30	1	6.59168e-10
0.2	89	31	1	6.59168e-10
0.2	89	32	1	6.59168e-10
0.2	89	33	1	6.59168e-10
0.2	89	34	1	6.59168e-10
0.2	89	35	1	6.59168e-10
0.2	89	36	1	6.59168e-10
0.2	89	37	1	6.59168e-10
0.2	89	38	1	6.59168e-10
0.2	89	39	1	6.59168e-10
0.2	89	40	1	6.59168e-10
0.2	89	41	1	6.59168e-10
0.2	89	42	1	6.59168e-10
0.2	89	43	1	6.59168e-10
0.2	89	44	1	6.59168e-10
0.2	89	45	1	6.59168e-10
0.2	89	46	1	6.59168e-10
0.2	89	47	1	6.59168e-10
0.2	89	48	1	6.59168e-10
0.2	89	49	1	6.59168e-10
0.2	90	0	1	6.72542e-10
0.2	90	1	1	6.72542e-10
0.2	90	2	1	6.72542e-10
0.2	90	3	1	6.72542e-10
0.2	90	4	1	6.72542e-10
0.2	90	5	1	6.72542e-10
0.2	90	6	1	6.72542e-10
0.2	90	7	1	6.72542e-10
0.2	90	8	1	6.72542e-10
0.2	90	9	1	6.72542e-10
0.2	90	10	1	6.72542e-10
0.2	90	11	1	6.72542e-10
0.2	90	12	1	6.72542e-10
0.2	90	13	1	6.72542e-10
0.2	90	14	1	6.72542e-10
0.2	90	15	1	6.72542e-10
0.2	90	16	1	6.72542e-10
0.2	90	17	1	6.72542e-10
0.2	90	18	1	6.72542e-10
0.2	90	19	1	6.72542e-10
0.2	90	20	1	6.72542e-10
0.2	90	21	1	6.72542e-10
0.2	90	22	1	6.72542e-10
0.2	90	23	1	6.72542e-10
0.2	90	24	1	6.72542e-10
0.2	90	25	1	6.72542e-10
0.2	90	26	1	6.72542e-10
0.2	90	27	1	6.72542e-10
0.2	90	28	1	6.72542e-10
0.2	90	29	1	6.72542e-10
0.2	90	30	1	6.72542e-10
0.2	90	31	1	6.72542e-10
0.2	90	32	1	6.72542e-10
0.2	90	33	1	6.72542e-10
0.2	90	34	1	6.72542e-10
0.2	90	35	1	6.72542e-10
0.2	90	36	1	6.72542e-10
0.2	90	37	1	6.72542e-10
0.2	90	38	1	6.72542e-10
0.2	90	39	1	6.72542e-10
0.2	90	40	1	6.72542e-10
0.2	90	41	1	6.72542e-10
0.2	90	42	1	6.72542e-10
0.2	90	43	1	6.72542e-10
0.2	90	44	1	6.72542e-10
0.2	90	45	1	6.72542e-10
0.2	90	46	1	6.72542e-10
0.2	90	47	1	6.72542e-10
0.2	90	48	1	6.72542e-10
0.2	90	49	1	6.72542e-10
0.2	91	0	1	6.65152e-10
0.2	91	1	1	6.65152e-10
0.2	91	2	1	6.65152e-10
0.2	91	3	1	6.65152e-10
0.2	91	4	1	6.65152e-10
0.2	91	5	1	6.65152e-10
0.2	91	6	1	6.65152e-10
0.2	91	7	1	6.65152e-10
0.2	91	8	1	6.65152e-10
0.2	91	9	1	6.65152e-10
0.2	91	10	1	6.65152e-10
0.2	91	11	1	6.65152e-10
0.2	91	12	1	6.65152e-10
0.2	91	13	1	6.65152e-10
0.2	91	14	1	6.65152e-10
0.2	91	15	1	6.65152e-10
0.2	91	16	1	6.65152e-10
0.2	91	17	1	6.65152e-10
0.2	91	18	1	6.65152e-10
0.2	91	19	1	6.65152e-10
0.2	91	20	1	6.65152e-10
0.2	91	21	1	6.65152e-10
0.2	91	22	1	6.65152e-10
0.2	91	23	1	6.65152e-10
0.2	91	24	1	6.65152e-10
0.2	91	25	1	6.65152e-10
0.2	91	26	1	6.65152e-10
0.2	91	27	1	6.65152e-10
0.2	91	28	1	6.65152e-10
0.2	91	29	1	6.65152e-10
0.2	91	30	1	6.65152e-10
0.2	91	31	1	6.65152e-10
0.2	91	32	1	6.65152e-10
0.2	91	33	1	6.65152e-10
0.2	91	34	1	6.65152e-10
0.2	91	35	1	6.65152e-10
0.2	91	36	1	6.65152e-10
0.2	91	37	1	6.65152e-10
0.2	91	38	1	6.65152e-10
0.2	91	39	1	6.65152e-10
0.2	91	40	1	6.65152e-10
0.2	91	41	1	6.65152e-10
0.2	91	42	1	6.65152e-10
0.2	91	43	1	6.65152e-10
0.2	91	44	1	6.65152e-10
0.2	91	45	1	6.65152e-10
0.2	91	46	1	6.65152e-10
0.2	91	47	1	6.65152e-10
0.2	91	48	1	6.65152e-10
0.2	91	49	1	6.65152e-10
0.2	92	0	1	6.77566e-10
0.2	92	1	1	6.77566e-10
0.2	92	2	1	6.77566e-10
0.2	92	3	1	6.77566e-10
0.2	92	4	1	6.77566e-10
0.2	92	5	1	6.77566e-10
0.2	92	6	1	6.77566e-10
0.2	92	7	1	6.77566e-10
0.2	92	8	1	6.77566e-10
0.2	92	9	1	6.77566e-10
0.2	92	10	1	6.77566e-10
0.2	92	11	1	6.77566e-10
0.2	92	12	1	6.77566e-10
0.2	92	13	1	6.77566e-10
0.2	92	14	1	6.77566e-10
0.2	92	15	1	6.77566e-10
0.2	92	16	1	6.77566e-10
0.2	92	17	1	6.77566e-10
0.2	92	18	1	6.77566e-10
0.2	92	19	1	6.77566e-10
0.2	92	20	1	6.77566e-10
0.2	92	21	1	6.77566e-10
0.2	92	22	1	6.77566e-10
0.2	92	23	1	6.77566e-10
0.2	92	24	1	6.77566e-10
0.2	92	25	1	6.77566e-10
0.2	92	26	1	6.77566e-10
0.2	92	27	1	6.77566e-10
0.2	92	28	1	6.77566e-10
0.2	92	29	1	6.77566e-10
0.2	92	30	1	6.77566e-10
0.2	92	31	1	6.77566e-10
0.2	92	32	1	6.77566e-10
0.2	92	33	1	6.77566e-10
0.2	92	34	1	6.77566e-10
0.2	92	35	1	6.77566e-10
0.2	92	36	1	6.77566e-10
0.2	92	37	1	6.77566e-10
0.2	92	38	1	6.77566e-10
0.2	92	39	1	6.77566e-10
0.2	92	40	1	6.77566e-10
0.2	92	41	1	6.77566e-10
0.2	92	42	1	6.77566e-10
0.2	92	43	1	6.77566e-10
0.2	92	44	1	6.77566e-10
0.2	92	45	1	6.77566e-10
0.2	92	46	1	6.77566e-10
0.2	92	47	1	6.77566e-10
0.2	92	48	1	6.77566e-10
0.2	92	49	1	6.77566e-10
0.2	93	0	1	6.7028e-10
0.2	93	1	1	6.7028e-10
0.2	93	2	1	6.7028e-10
0.2	93	3	1	6.7028e-10
0.2	93	4	1	6.7028e-10
0.2	93	5	1	6.7028e-10
0.2	93	6	1	6.7028e-10
0.2	93	7	1	6.7028e-10
0.2	93	8	1	6.7028e-10
0.2	93	9	1	6.7028e-10
0.2	93	10	1	6.7028e-10
0.2	93	11	1	6.7028e-10
0.2	93	12	1	6.7028e-10
0.2	93	13	1	6.7028e-10
0.2	93	14	1	6.7028e-10
0.2	93	15	1	6.7028e-10
0.2	93	16	1	6.7028e-10
0.2	93	17	1	6.7028e-10
0.2	93	18	1	6.7028e-10
0.2	93	19	1	6.7028e-10
0.2	93	20	1	6.7028e-10
0.2	93	21	1	6.7028e-10
0.2	93	22	1	6.7028e-10
0.2	93	23	1	6.7028e-10
0.2	93	24	1	6.7028e-10
0.2	93	25	1	6.7028e-10
0.2	93	26	1	6.7028e-10
0.2	93	27	1	6.7028e-10
0.2	93	28	1	6.7028e-10
0.2	93	29	1	6.7028e-10
0.2	93	30	1	6.7028e-10
0.2	93	31	1	6.7028e-10
0.2	93	32	1	6.7028e-10
0.2	93	33	1	6.7028e-10
0.2	93	34	1	6.7028e-10
0.2	93	35	1	6.7028e-10
0.2	93	36	1	6.7028e-10
0.2	93	37	1	6.7028e-10
0.2	93	38	1	6.7028e-10
0.2	93	39	1	6.7028e-10
0.2	93	40	1	6.7028e-10
0.2	93	41	1	6.7028e-10
0.2	93	42	1	6.7028e-10
0.2	93	43	1	6.7028e-10
0.2	93	44	1	6.7028e-10
0.2	93	45	1	6.7028e-10
0.2	93	46	1	6.7028e-10
0.2	93	47	1	6.7028e-10
0.2	93	48	1	6.7028e-10
0.2	93	49	1	6.7028e-10
0.2	94	0	1	6.81833e-10
0.2	94	1	1	6.81833e-10
0.2	94	2	1	6.81833e-10
0.2	94	3	1	6.81833e-10
0.2	94	4	1	6.81833e-10
0.2	94	5	1	6.81833e-10
0.2	94	6	1	6.81833e-10
0.2	94	7	1	6.81833e-10
0.2	94	8	1	6.81833e-10
0.2	94	9	1	6.81833e-10
0.2	94	10	1	6.81833e-10
0.2	94	11	1	6.81833e-10
0.2	94	12	1	6.81833e-10
0.2	94	13	1	6.81833e-10
0.2	94	14	1	6.81833e-10
0.2	94	15	1	6.81833e-10
0.2	94	16	1	6.81833e-10
0.2	94	17	1	6.81833e-10
0.2	94	18	1	6.81833e-10
0.2	94	19	1	6.81833e-10
0.2	94	20	1	6.81833e-10
0.2	94	21	1	6.81833e-10
0.2	94	22	1	6.81833e-10
0.2	94	23	1	6.81833e-10
0.2	94	24	1	6.81833e-10
0.2	94	25	1	6.81833e-10
0.2	94	26	1	6.81833e-10
0.2	94	27	1	6.81833e-10
0.2	94	28	1	6.81833e-10
0.2	94	29	1	6.81833e-10
0.2	94	30	1	6.81833e-10
0.2	94	31	1	6.81833e-10
0.2	94	32	1	6.81833e-10
0.2	94	33	1	6.81833e-10
0.2	94	34	1	6.81833e-10
0.2	94	35	1	6.81833e-10
0.2	94	36	1	6.81833e-10
0.2	94	37	1	6.81833e-10
0.2	94	38	1	6.81833e-10
0.2	94	39	1	6.81833e-10
0.2	94	40	1	6.81833e-10
0.2	94	41	1	6.81833e-10
0.2	94	42	1	6.81833e-10
0.2	94	43	1	6.81833e-10
0.2	94	44	1	6.81833e-10
0.2	94	45	1	6.81833e-10
0.2	94	46	1	6.81833e-10
0.2	94	47	1	6.81833e-10
0.2	94	48	1	6.81833e-10
0.2	94	49	1	6.81833e-10
0.2	95	0	1	6.74656e-10
0.2	95	1	1	6.74656e-10
0.2	95	2	1	6.74656e-10
0.2	95	3	1	6.74656e-10
0.2	95	4	1	6.74656e-10
0.2	95	5	1	6.74656e-10
0.2	95	6	1	6.74656e-10
0.2	95	7	1	6.74656e-10
0.2	95	8	1	6.74656e-10
0.2	95	9	1	6.74656e-10
0.2	95	10	1	6.74656e-10
0.2	95	11	1	6.74656e-10
0.2	95	12	1	6.74656e-10
0.2	95	13	1	6.74656e-10
0.2	95	14	1	6.74656e-10
0.2	95	15	1	6.74656e-10
0.2	95	16	1	6.74656e-10
0.2	95	17	1	6.74656e-10
0.2	95	18	1	6.74656e-10
0.2	95	19	1	6.74656e-10
0.2	95	20	1	6.74656e-10
0.2	95	21	1	6.74656e-10
0.2	95	22	1	6.74656e-10
0.2	95	23	1	6.74656e-10
0.2	95	24	1	6.74656e-10
0.2	95	25	1	6.74656e-10
0.2	95	26	1	6.74656e-10
0.2	95	27	1	6.74656e-10
0.2	95	28	1	6.74656e-10
0.2	95	29	1	6.74656e-10
0.2	95	30	1	6.74656e-10
0.2	95	31	1	6.74656e-10
0.2	95	32	1	6.74656e-10
0.2	95	33	1	6.74656e-10
0.2	95	34	1	6.74656e-10
0.2	95	35	1	6.74656e-10
0.2	95	36	1	6.74656e-10
0.2	95	37	1	6.74656e-10
0.2	95	38	1	6.74656e-10
0.2	95	39	1	6.74656e-10
0.2	95	40	1	6.74656e-10
0.2	95	41	1	6.74656e-10
0.2	95	42	1	6.74656e-10
0.2	95	43	1	6.74656e-10
0.2	95	44	1	6.74656e-10
0.2	95	45	1	6.74656e-10
0.2	95	46	1	6.74656e-10
0.2	95	47	1	6.74656e-10
0.2	95	48	1	6.74656e-10
0.2	95	49	1	6.74656e-10
0.2	96	0	1	6.67628e-10
0.2	96	1	1	6.67628e-10
0.2	96	2	1	6.67628e-10
0.2	96	3	1	6.67628e-10
0.2	96	4	1	6.67628e-10
0.2	96	5	1	6.67628e-10
0.2	96	6	1	6.67628e-10
0.2	96	7	1	6.67628e-10
0.2	96	8	1	6.67628e-10
0.2	96	9	1	6.67628e-10
0.2	96	10	1	6.67628e-10
0.2	96	11	1	6.67628e-10
0.2	96	12	1	6.67628e-10
0.2	96	13	1	6.67628e-10
0.2	96	14	1	6.67628e-10
0.2	96	15	1	6.67628e-10
0.2	96	16	1	6.67628e-10
0.2	96	17	1	6.67628e-10
0.2	96	18	1	6.67628e-10
0.2	96	19	1	6.67628e-10
0.2	96	20	1	6.67628e-10
0.2	96	21	1	6.67628e-10
0.2	96	22	1	6.67628e-10
0.2	96	23	1	6.67628e-10
0.2	96	24	1	6.67628e-10
0.2	96	25	1	6.67628e-10
0.2	96	26	1	6.67628e-10
0.2	96	27	1	6.67628e-10
0.2	96	28	1	6.67628e-10
0.2	96	29	1	6.67628e-10
0.2	96	30	1	6.67628e-10
0.2	96	31	1	6.67628e-10
0.2	96	32	1	6.67628e-10
0.2	96	33	1	6.67628e-10
0.2	96	34	1	6.67628e-10
0.2	96	35	1	6.67628e-10
0.2	96	36	1	6.67628e-10
0.2	96	37	1	6.67628e-10
0.2	96	38	1	6.67628e-10
0.2	96	39	1	6.67628e-10
0.2	96	40	1	6.67628e-10
0.2	96	41	1	6.67628e-10
0.2	96	42	1	6.67628e-10
0.2	96	43	1	6.67628e-10
0.2	96	44	1	6.67628e-10
0.2	96	45	1	6.67628e-10
0.2	96	46	1	6.67628e-10
0.2	96	47	1	6.67628e-10
0.2	96	48	1	6.67628e-10
0.2	96	49	1	6.67628e-10
0.2	97	0	1	6.87011e-10
0.2	97	1	1	6.87011e-10
0.2	97	2	1	6.87011e-10
0.2	97	3	1	6.87011e-10
0.2	97	4	1	6.87011e-10
0.2	97	5	1	6.87011e-10
0.2	97	6	1	6.87011e-10
0.2	97	7	1	6.87011e-10
0.2	97	8	1	6.87011e-10
0.2	97	9	1	6.87011e-10
0.2	97	10	1	6.87011e-10
0.2	97	11	1	6.87011e-10
0.2	97	12	1	6.87011e-10
0.2	97	13	1	6.87011e-10
0.2	97	14	1	6.87011e-10
0.2	97	15	1	6.87011e-10
0.2	97	16	1	6.87011e-10
0.2	97	17	1	6.87011e-10
0.2	97	18	1	6.87011e-10
0.2	97	19	1	6.87011e-10
0.2	97	20	1	6.87011e-10
0.2	97	21	1	6.87011e-10
0.2	97	22	1	6.87011e-10
0.2	97	23	1	6.87011e-10
0.2	97	24	1	6.87011e-10
0.2	97	25	1	6.87011e-10
0.2	97	26	1	6.87011e-10
0.2	97	27	1	6.87011e-10
0.2	97	28	1	6.87011e-10
0.2	97	29	1	6.87011e-10
0.2	97	30	1	6.87011e-10
0.2	97	31	1	6.87011e-10
0.2	97	32	1	6.87011e-10
0.2	97	33	1	6.87011e-10
0.2	97	34	1	6.87011e-10
0.2	97	35	1	6.87011e-10
0.2	97	36	1	6.87011e-10
0.2	97	37	1	6.87011e-10
0.2	97	38	1	6.87011e-10
0.2	97	39	1	6.87011e-10
0.2	97	40	1	6.87011e-10
0.2	97	41	1	6.87011e-10
0.2	97	42	1	6.87011e-10
0.2	97	43	1	6.87011e-10
0.2	97	44	1	6.87011e-10
0.2	97	45	1	6.87011e-10
0.2	97	46	1	6.87011e-10
0.2	97	47	1	6.87011e-10
0.2	97	48	1	6.87011e-10
0.2	97	49	1	6.87011e-10
0.2	98	0	1	6.8e-10
0.2	98	1	1	6.8e-10
0.2	98	2	1	6.8e-10
0.2	98	3	1	6.8e-10
0.2	98	4	1	6.8e-10
0.2	98	5	1	6.8e-10
0.2	98	6	1	6.8e-10
0.2	98	7	1	6.8e-10
0.2	98	8	1	6.8e-10
0.2	98	9	1	6.8e-10
0.2	98	10	1	6.8e-10
0.2	98	11	1	6.8e-10
0.2	98	12	1	6.8e-10
0.2	98	13	1	6.8e-10
0.2	98	14	1	6.8e-10
0.2	98	15	1	6.8e-10
0.2	98	16	1	6.8e-10
0.2	98	17	1	6.8e-10
0.2	98	18	1	6.8e-10
0.2	98	19	1	6.8e-10
0.2	98	20	1	6.8e-10
0.2	98	21	1	6.8e-10
0.2	98	22	1	6.8e-10
0.2	98	23	1	6.8e-10
0.2	98	24	1	6.8e-10
0.2	98	25	1	6.8e-10
0.2	98	26	1	6.8e-10
0.2	98	27	1	6.8e-10
0.2	98	28	1	6.8e-10
0.2	98	29	1	6.8e-10
0.2	98	30	1	6.8e-10
0.2	98	31	1	6.8e-10
0.2	98	32	1	6.8e-10
0.2	98	33	1	6.8e-10
0.2	98	34	1	6.8e-10
0.2	98	35	1	6.8e-10
0.2	98	36	1	6.8e-10
0.2	98	37	1	6.8e-10
0.2	98	38	1	6.8e-10
0.2	98	39	1	6.8e-10
0.2	98	40	1	6.8e-10
0.2	98	41	1	6.8e-10
0.2	98	42	1	6.8e-10
0.2	98	43	1	6.8e-10
0.2	98	44	1	6.8e-10
0.2	98	45	1	6.8e-10
0.2	98	46	1	6.8e-10
0.2	98	47	1	6.8e-10
0.2	98	48	1	6.8e-10
0.2	98	49	1	6.8e-10
0.2	99	0	1	6.89755e-10
0.2	99	1	1	6.89755e-10
0.2	99	2	1	6.89755e-10
0.2	99	3	1	6.89755e-10
0.2	99	4	1	6.89755e-10
0.2	99	5	1	6.89755e-10
0.2	99	6	1	6.89755e-10
0.2	99	7	1	6.89755e-10
0.2	99	8	1	6.89755e-10
0.2	99	9	1	6.89755e-10
0.2	99	10	1	6.89755e-10
0.2	99	11	1	6.89755e-10
0.2	99	12	1	6.89755e-10
0.2	99	13	1	6.89755e-10
0.2	99	14	1	6.89755e-10
0.2	99	15	1	6.89755e-10
0.2	99	16	1	6.89755e-10
0.2	99	17	1	6.89755e-10
0.2	99	18	1	6.89755e-10
0.2	99	19	1	6.89755e-10
0.2	99	20	1	6.89755e-10
0.2	99	21	1	6.89755e-10
0.2	99	22	1	6.89755e-10
0.2	99	23	1	6.89755e-10
0.2	99	24	1	6.89755e-10
0.2	99	25	1	6.89755e-10
0.2	99	26	1	6.89755e-10
0.2	99	27	1	6.89755e-10
0.2	99	28	1	6.89755e-10
0.2	99	29	1	6.89755e-10
0.2	99	30	1	6.89755e-10
0.2	99	31	1	6.89755e-10
0.2	99	32	1	6.89755e-10
0.2	99	33	1	6.89755e-10
0.2	99	34	1	6.89755e-10
0.2	99	35	1	6.89755e-10
0.2	99	36	1	6.89755e-10
0.2	99	37	1	6.89755e-10
0.2	99	38	1	6.89755e-10
0.2	99	39	1	6.89755e-10
0.2	99	40	1	6.89755e-10
0.2	99	41	1	6.89755e-10
0.2	99	42	1	6.89755e-10
0.2	99	43	1	6.89755e-10
0.2	99	44	1	6.89755e-10
0.2	99	45	1	6.89755e-10
0.2	99	46	1	6.89755e-10
0.2	99	47	1	6.89755e-10
0.2	99	48	1	6.89755e-10
0.2	99	49	1	6.89755e-10
