1	0	0.080212	0
1	1	0.0915968	0.0113848
1	2	0.0847564	0.00670804
1	3	0.0843405	0.00388033
1	4	0.0805722	0.00321337
1	5	0.0791035	0.0024369
1	6	0.0798346	0.00190365
1	7	0.0774082	0.00178065
1	8	0.076172	0.0015326
1	9	0.0743335	0.00143035
1	10	0.0764481	0.00139775
1	11	0.0769063	0.0012244
1	12	0.0782948	0.00115043
1	13	0.0781367	0.00102424
1	14	0.0773591	0.000942042
1	15	0.0770074	0.000856149
1	16	0.0767758	0.000780824
1	17	0.0761746	0.000728922
1	18	0.0750605	0.000719683
1	19	0.074469	0.000678253
1	20	0.0738236	0.000645162
1	21	0.0741241	0.000603885
1	22	0.0736113	0.000574271
1	23	0.0730666	0.000549598
1	24	0.0734097	0.000520787
1	25	0.0730618	0.00049516
1	26	0.0736016	0.000479057
1	27	0.0746758	0.000497941
1	28	0.0744494	0.000473742
1	29	0.0745404	0.000450036
1	30	0.0755831	0.000468391
1	31	0.0758659	0.000449025
1	32	0.0757264	0.000429061
1	33	0.0763976	0.000426221
1	34	0.0764942	0.000408068
1	35	0.0757258	0.000411879
1	36	0.0757165	0.000394992
1	37	0.0757952	0.000379447
1	38	0.0763865	0.000377099
1	39	0.0768334	0.000369798
1	40	0.0769607	0.000356698
1	41	0.0770684	0.000344241
1	42	0.0769604	0.000332532
1	43	0.0767503	0.000322682
1	44	0.0761434	0.000324966
1	45	0.0759401	0.00031573
1	46	0.0759362	0.000305564
1	47	0.0758279	0.000296352
1	48	0.0755745	0.000289522
1	49	0.0754738	0.000281131
1	50	0.0756005	0.000273381
1	51	0.0756488	0.000265518
1	52	0.0752932	0.000262614
1	53	0.0753858	0.000255579
1	54	0.0750635	0.000252396
1	55	0.0752402	0.000246738
1	56	0.0748336	0.000246265
1	57	0.0749852	0.00024069
1	58	0.0751309	0.000235305
1	59	0.0752654	0.000230048
1	60	0.0752095	0.000224468
1	61	0.0750701	0.000219728
1	62	0.0746974	0.00021962
1	63	0.0745761	0.000214983
1	64	0.0742482	0.000213952
1	65	0.0743806	0.000209702
1	66	0.0742167	0.000205968
1	67	0.0743072	0.000201699
1	68	0.074341	0.00019733
1	69	0.0745689	0.000195016
1	70	0.0747352	0.000191904
1	71	0.0752967	0.000199348
1	72	0.0753018	0.000195229
1	73	0.0753673	0.000191402
1	74	0.0753483	0.000187566
1	75	0.0751463	0.000185318
1	76	0.0751322	0.000181695
1	77	0.0748668	0.000180731
1	78	0.0748179	0.000177368
1	79	0.0749918	0.000175122
1	80	0.075065	0.000172056
1	81	0.0749396	0.000169467
1	82	0.0751555	0.000168089
1	83	0.075251	0.000165404
1	84	0.075438	0.000163747
1	85	0.07516	0.000163678
1	86	0.0749847	0.000161949
1	87	0.0747845	0.000160615
1	88	0.0746399	0.000158647
1	89	0.0747148	0.000156193
1	90	0.0746181	0.000153944
1	91	0.0745873	0.000151457
1	92	0.0747805	0.000150358
1	93	0.0747694	0.000147953
1	94	0.0746708	0.000145961
1	95	0.0747698	0.000144029
1	96	0.0747857	0.000141801
1	97	0.0748467	0.000139759
1	98	0.0747037	0.000138388
1	99	0.0747018	0.000136304
