0.4	0	2.46971	0
0.4	1	2.32551	0.144205
0.4	2	2.05281	0.201613
0.4	3	2.12955	0.124549
0.4	4	2.14134	0.0837574
0.4	5	2.17447	0.0629366
0.4	6	2.2131	0.0510544
0.4	7	2.2489	0.0431131
0.4	8	2.2607	0.03581
0.4	9	2.21601	0.0336711
0.4	10	2.03781	0.0633277
0.4	11	2.02601	0.0552344
0.4	12	2.05751	0.0494875
0.4	13	2.08893	0.0448737
0.4	14	2.11541	0.0408727
0.4	15	2.13929	0.0374478
0.4	16	2.15957	0.0344344
0.4	17	2.10026	0.0346255
0.4	18	2.01134	0.0381098
0.4	19	2.01161	0.0351899
0.4	20	1.99257	0.0329015
0.4	21	2.01563	0.0310253
0.4	22	1.96477	0.0309273
0.4	23	1.93018	0.0298446
0.4	24	1.93633	0.0280513
0.4	25	1.91229	0.0268405
0.4	26	1.84498	0.0285597
0.4	27	1.79281	0.0288116
0.4	28	1.78455	0.027344
0.4	29	1.80827	0.0263284
0.4	30	1.82408	0.0252028
0.4	31	1.82844	0.0240184
0.4	32	1.83281	0.0229257
0.4	33	1.85243	0.0221662
0.4	34	1.87054	0.021431
0.4	35	1.88785	0.0207348
0.4	36	1.90408	0.0200677
0.4	37	1.9197	0.0194371
0.4	38	1.88164	0.019675
0.4	39	1.89679	0.019084
0.4	40	1.91145	0.0185243
0.4	41	1.91948	0.0179
0.4	42	1.93298	0.0173945
0.4	43	1.94584	0.01691
0.4	44	1.95808	0.0164449
0.4	45	1.96986	0.0160004
0.4	46	1.97939	0.0155487
0.4	47	1.98983	0.0151354
0.4	48	1.99983	0.0147389
0.4	49	2.00974	0.014363
0.4	50	2.01854	0.0139924
0.4	51	2.02778	0.0136471
0.4	52	2.03652	0.0133131
0.4	53	2.04505	0.0129933
0.4	54	2.05311	0.0126837
0.4	55	2.06107	0.0123879
0.4	56	2.04965	0.0121557
0.4	57	2.04681	0.011845
0.4	58	2.05354	0.0115755
0.4	59	2.06063	0.0113217
0.4	60	2.06779	0.0110801
0.4	61	2.07276	0.0108289
0.4	62	2.07927	0.0106016
0.4	63	2.07625	0.0103585
0.4	64	2.05211	0.0105583
0.4	65	2.05887	0.0103508
0.4	66	2.03951	0.0103945
0.4	67	2.0339	0.0101869
0.4	68	2.03404	0.00996412
0.4	69	2.03176	0.00975319
0.4	70	2.03833	0.00957816
0.4	71	2.04415	0.00940287
0.4	72	2.05037	0.00923767
0.4	73	2.05645	0.00907725
0.4	74	2.05129	0.00891484
0.4	75	2.04892	0.0087422
0.4	76	2.05477	0.0085972
0.4	77	2.06047	0.00845595
0.4	78	2.06602	0.0083183
0.4	79	2.07144	0.00818428
0.4	80	2.05099	0.00835122
0.4	81	2.04489	0.0082256
0.4	82	2.03629	0.00813186
0.4	83	2.0404	0.00799868
0.4	84	2.03744	0.00786346
0.4	85	2.04281	0.0077475
0.4	86	2.04806	0.00763429
0.4	87	2.05262	0.00751946
0.4	88	2.05764	0.00741151
0.4	89	2.06208	0.00730257
0.4	90	2.06252	0.00718179
0.4	91	2.04233	0.00737455
0.4	92	2.02379	0.00750795
0.4	93	2.0247	0.0073882
0.4	94	2.02766	0.00727746
0.4	95	2.03254	0.00718071
0.4	96	2.03735	0.00708618
0.4	97	2.04205	0.00699361
0.4	98	2.04668	0.00690301
0.4	99	2.0512	0.00681424
