0.4	0	-0.99732	0
0.4	1	-0.994	0.00332
0.4	2	-0.988267	0.00427465
0.4	3	-0.99013	0.00269225
0.4	4	-0.989744	0.0018163
0.4	5	-0.989987	0.00133087
0.4	6	-0.991057	0.00111592
0.4	7	-0.992155	0.000986267
0.4	8	-0.992311	0.000815498
0.4	9	-0.9913	0.000765839
0.4	10	-0.98844	0.00111796
0.4	11	-0.98833	0.000973628
0.4	12	-0.989	0.000879021
0.4	13	-0.989749	0.000808984
0.4	14	-0.990336	0.000742515
0.4	15	-0.99091	0.00068718
0.4	16	-0.991351	0.000634628
0.4	17	-0.990373	0.000626994
0.4	18	-0.988775	0.000688601
0.4	19	-0.98887	0.000636217
0.4	20	-0.988451	0.000597219
0.4	21	-0.988976	0.000567387
0.4	22	-0.987708	0.000594742
0.4	23	-0.98701	0.000575601
0.4	24	-0.986952	0.000540602
0.4	25	-0.986498	0.000516921
0.4	26	-0.985418	0.000531805
0.4	27	-0.984487	0.000533822
0.4	28	-0.984261	0.000507611
0.4	29	-0.984767	0.000490944
0.4	30	-0.984983	0.000468534
0.4	31	-0.985114	0.000446894
0.4	32	-0.985044	0.000426499
0.4	33	-0.985482	0.000414543
0.4	34	-0.985854	0.000401642
0.4	35	-0.986221	0.00038969
0.4	36	-0.986564	0.000378063
0.4	37	-0.986904	0.000367248
0.4	38	-0.986225	0.000369786
0.4	39	-0.986557	0.000359731
0.4	40	-0.986876	0.000350089
0.4	41	-0.987023	0.000338237
0.4	42	-0.987324	0.000329607
0.4	43	-0.987605	0.000321149
0.4	44	-0.987869	0.000312883
0.4	45	-0.988133	0.000305129
0.4	46	-0.988319	0.000296576
0.4	47	-0.988518	0.000288692
0.4	48	-0.988719	0.000281276
0.4	49	-0.988936	0.000274519
0.4	50	-0.989103	0.00026742
0.4	51	-0.98931	0.00026126
0.4	52	-0.989494	0.000255091
0.4	53	-0.989679	0.000249237
0.4	54	-0.989844	0.000243427
0.4	55	-0.990019	0.000238029
0.4	56	-0.989756	0.000234365
0.4	57	-0.98969	0.000228428
0.4	58	-0.989791	0.000222977
0.4	59	-0.989925	0.000218057
0.4	60	-0.990085	0.000213658
0.4	61	-0.990163	0.000208693
0.4	62	-0.990294	0.000204373
0.4	63	-0.990199	0.000199907
0.4	64	-0.989748	0.000203242
0.4	65	-0.9899	0.000199482
0.4	66	-0.989579	0.000198963
0.4	67	-0.989457	0.000195112
0.4	68	-0.989437	0.000190861
0.4	69	-0.989267	0.00018786
0.4	70	-0.989411	0.000184676
0.4	71	-0.989531	0.000181365
0.4	72	-0.989667	0.000178341
0.4	73	-0.989807	0.000175468
0.4	74	-0.98971	0.000172306
0.4	75	-0.989667	0.000168961
0.4	76	-0.989799	0.000166349
0.4	77	-0.989928	0.000163786
0.4	78	-0.990052	0.000161271
0.4	79	-0.990175	0.000158839
0.4	80	-0.989756	0.000162783
0.4	81	-0.989615	0.000160551
0.4	82	-0.98942	0.000159104
0.4	83	-0.98949	0.000156441
0.4	84	-0.989421	0.000153855
0.4	85	-0.989541	0.000151724
0.4	86	-0.989659	0.000149637
0.4	87	-0.989755	0.000147435
0.4	88	-0.98987	0.000145449
0.4	89	-0.989946	0.000143243
0.4	90	-0.989958	0.000140877
0.4	91	-0.989603	0.000143485
0.4	92	-0.989281	0.000145081
0.4	93	-0.989309	0.000142783
0.4	94	-0.989347	0.000140576
0.4	95	-0.989452	0.000138783
0.4	96	-0.989556	0.000137044
0.4	97	-0.98966	0.000135344
0.4	98	-0.989763	0.000133696
0.4	99	-0.989864	0.000132068
