0.4	0	0.0250044	0
0.4	1	0.0490444	0.02404
0.4	2	0.0654429	0.0151913
0.4	3	0.0594373	0.00943122
0.4	4	0.0664278	0.00722797
0.4	5	0.0691965	0.00542184
0.4	6	0.0626845	0.00495636
0.4	7	0.0550481	0.00491149
0.4	8	0.0549352	0.00405197
0.4	9	0.0594807	0.00373779
0.4	10	0.0545819	0.00356197
0.4	11	0.0573106	0.00320761
0.4	12	0.0550105	0.00290193
0.4	13	0.0514478	0.00276393
0.4	14	0.0489434	0.00256824
0.4	15	0.0462308	0.00242428
0.4	16	0.044509	0.00224653
0.4	17	0.047051	0.00214531
0.4	18	0.0445747	0.00205665
0.4	19	0.0459201	0.00192399
0.4	20	0.0486477	0.00188513
0.4	21	0.0464364	0.00181924
0.4	22	0.0449909	0.00172612
0.4	23	0.046765	0.0016581
0.4	24	0.0488413	0.00161356
0.4	25	0.0520298	0.00164737
0.4	26	0.0510585	0.00156603
0.4	27	0.0494599	0.00151248
0.4	28	0.0514413	0.0014812
0.4	29	0.0499106	0.00143453
0.4	30	0.0504894	0.00136825
0.4	31	0.0514061	0.00131362
0.4	32	0.0531828	0.0012919
0.4	33	0.0516304	0.00126343
0.4	34	0.050573	0.00122216
0.4	35	0.0494179	0.0011868
0.4	36	0.0483663	0.00115155
0.4	37	0.0472286	0.0011213
0.4	38	0.0461806	0.00109103
0.4	39	0.0451447	0.00106271
0.4	40	0.0441306	0.00103591
0.4	41	0.0444677	0.000999927
0.4	42	0.0434429	0.000977577
0.4	43	0.0425187	0.000954393
0.4	44	0.0416879	0.000930746
0.4	45	0.0407817	0.000910198
0.4	46	0.040526	0.000881694
0.4	47	0.0401	0.000856157
0.4	48	0.0396026	0.000832822
0.4	49	0.0388976	0.000813882
0.4	50	0.0386047	0.000790831
0.4	51	0.0378853	0.000774413
0.4	52	0.0373401	0.000756111
0.4	53	0.0367509	0.000739387
0.4	54	0.0363011	0.000721667
0.4	55	0.0357166	0.000706601
0.4	56	0.0369189	0.000706383
0.4	57	0.0378969	0.000700069
0.4	58	0.0379348	0.000682162
0.4	59	0.037649	0.000666027
0.4	60	0.0370839	0.000653622
0.4	61	0.0372011	0.000637877
0.4	62	0.0368485	0.000624196
0.4	63	0.0379275	0.000624447
0.4	64	0.0384241	0.000613094
0.4	65	0.0378781	0.000602887
0.4	66	0.0384072	0.000592893
0.4	67	0.0393654	0.000591434
0.4	68	0.0400099	0.000583755
0.4	69	0.0411428	0.000587228
0.4	70	0.0406301	0.000578005
0.4	71	0.0403247	0.000567053
0.4	72	0.0398426	0.000558233
0.4	73	0.0393042	0.000550472
0.4	74	0.040113	0.000547533
0.4	75	0.0408504	0.00054338
0.4	76	0.0403355	0.000536002
0.4	77	0.0398439	0.000528616
0.4	78	0.0393747	0.00052124
0.4	79	0.0388925	0.000514285
0.4	80	0.0393702	0.00050753
0.4	81	0.0401197	0.00050511
0.4	82	0.0407581	0.000500922
0.4	83	0.0407803	0.000491938
0.4	84	0.0415244	0.000489987
0.4	85	0.0410647	0.000483975
0.4	86	0.0406156	0.000478049
0.4	87	0.0403576	0.000470675
0.4	88	0.0399131	0.000465125
0.4	89	0.0398094	0.000457469
0.4	90	0.0401384	0.000451228
0.4	91	0.0399777	0.000444157
0.4	92	0.0395777	0.000438946
0.4	93	0.0398476	0.000432817
0.4	94	0.0400361	0.000426396
0.4	95	0.0396846	0.00042125
0.4	96	0.0393246	0.000416333
0.4	97	0.0389557	0.00041164
0.4	98	0.0385703	0.000407242
0.4	99	0.0382045	0.00040279
