0.000000e+00  0.000000e+00  0.000000e+00
2.306643e-02  0.000000e+00  0.000000e+00
4.613286e-02  0.000000e+00  0.000000e+00
6.919929e-02  0.000000e+00  0.000000e+00
9.226572e-02  0.000000e+00  0.000000e+00
1.153321e-01  0.000000e+00  0.000000e+00
1.383986e-01  0.000000e+00  0.000000e+00
1.614650e-01  0.000000e+00  0.000000e+00
1.845314e-01  0.000000e+00  0.000000e+00
2.075979e-01  0.000000e+00  0.000000e+00
2.306643e-01  0.000000e+00  0.000000e+00
2.537307e-01  0.000000e+00  0.000000e+00
2.767971e-01  0.000000e+00  0.000000e+00
2.998636e-01  0.000000e+00  0.000000e+00
3.229300e-01  0.000000e+00  0.000000e+00
3.459964e-01  0.000000e+00  0.000000e+00
3.690629e-01  0.000000e+00  0.000000e+00
3.921293e-01  0.000000e+00  0.000000e+00
4.151957e-01  0.000000e+00  0.000000e+00
4.382621e-01  0.000000e+00  0.000000e+00
4.613286e-01  0.000000e+00  0.000000e+00
4.843950e-01  0.000000e+00  0.000000e+00
5.074614e-01  0.000000e+00  0.000000e+00
5.305279e-01  0.000000e+00  0.000000e+00
5.535943e-01  0.000000e+00  0.000000e+00
5.766607e-01  0.000000e+00  0.000000e+00
5.997271e-01  0.000000e+00  0.000000e+00
6.227936e-01  0.000000e+00  0.000000e+00
6.458600e-01  0.000000e+00  0.000000e+00
6.689264e-01  0.000000e+00  0.000000e+00
6.919929e-01  0.000000e+00  0.000000e+00
7.150593e-01  0.000000e+00  0.000000e+00
7.381257e-01  0.000000e+00  0.000000e+00
7.611922e-01  0.000000e+00  0.000000e+00
7.842586e-01  0.000000e+00  0.000000e+00
8.073250e-01  0.000000e+00  0.000000e+00
8.303914e-01  0.000000e+00  0.000000e+00
8.534579e-01  0.000000e+00  0.000000e+00
8.765243e-01  7.364050e-05  7.364050e-05
8.995907e-01  3.637882e-03  1.237486e-03
9.226572e-01  4.658312e-02  4.182104e-03
9.457236e-01  2.918476e-01  7.412639e-03
9.687900e-01  9.989358e-01  8.331000e-03
9.918564e-01  2.198911e+00  9.290973e-03
1.014923e+00  3.600354e+00  2.443927e-02
1.037989e+00  4.614253e+00  3.422921e-02
1.061056e+00  4.957280e+00  4.074788e-02
1.084122e+00  4.562915e+00  3.172029e-02
1.107189e+00  3.652761e+00  3.222472e-02
1.130255e+00  2.667493e+00  2.723468e-02
1.153321e+00  1.799240e+00  1.904740e-02
1.176388e+00  1.117463e+00  1.084429e-02
1.199454e+00  6.420717e-01  1.399545e-02
1.222521e+00  3.413839e-01  6.517010e-03
1.245587e+00  1.823646e-01  4.283313e-03
1.268654e+00  9.126258e-02  5.829392e-03
1.291720e+00  4.907231e-02  3.455301e-03
1.314786e+00  4.266244e-02  1.285997e-03
1.337853e+00  5.403871e-02  4.729652e-03
1.360919e+00  1.023539e-01  6.629597e-03
1.383986e+00  1.805803e-01  5.287094e-03
1.407052e+00  2.983938e-01  6.438758e-03
1.430119e+00  4.475113e-01  5.529501e-03
1.453185e+00  6.284641e-01  9.181774e-03
1.476251e+00  7.680900e-01  9.487266e-03
1.499318e+00  9.308900e-01  1.459371e-02
1.522384e+00  9.848076e-01  1.455146e-02
1.545451e+00  9.438299e-01  1.167166e-02
1.568517e+00  8.290784e-01  8.604102e-03
1.591584e+00  6.523643e-01  8.377934e-03
1.614650e+00  4.701857e-01  6.650594e-03
1.637716e+00  3.196110e-01  4.651626e-03
1.660783e+00  2.130121e-01  4.322132e-03
1.683849e+00  1.834082e-01  7.069373e-03
1.706916e+00  2.523858e-01  7.566630e-03
1.729982e+00  4.338158e-01  8.650933e-03
1.753049e+00  7.322614e-01  7.213353e-03
1.776115e+00  1.188745e+00  8.380985e-03
1.799181e+00  1.717049e+00  8.288509e-03
1.822248e+00  2.212199e+00  1.685386e-02
1.845314e+00  2.600679e+00  1.821011e-02
1.868381e+00  2.734080e+00  2.242147e-02
1.891447e+00  2.580185e+00  7.923100e-03
1.914514e+00  2.188769e+00  1.171962e-02
1.937580e+00  1.673295e+00  1.932072e-02
1.960646e+00  1.189145e+00  7.710876e-03
1.983713e+00  7.961422e-01  8.730836e-03
2.006779e+00  5.423305e-01  9.066263e-03
2.029846e+00  4.431486e-01  8.245465e-03
2.052912e+00  4.712426e-01  6.416019e-03
2.075979e+00  5.923589e-01  7.878157e-03
2.099045e+00  7.635808e-01  7.457337e-03
2.122111e+00  9.044662e-01  9.435924e-03
2.145178e+00  1.001638e+00  6.973615e-03
2.168244e+00  1.004285e+00  1.199637e-02
2.191311e+00  9.050379e-01  6.714376e-03
2.214377e+00  7.856854e-01  1.075675e-02
2.237444e+00  6.620711e-01  7.482826e-03
2.260510e+00  5.686925e-01  5.908245e-03
2.283576e+00  5.691862e-01  1.002266e-02
