1	0	-0.7624	0
1	1	-0.76244	4e-05
1	2	-0.763133	0.000490533
1	3	-0.76364	0.000407158
1	4	-0.761232	0.00123459
1	5	-0.761987	0.000962715
1	6	-0.762463	0.00076777
1	7	-0.760445	0.000980114
1	8	-0.761058	0.000837075
1	9	-0.761984	0.00077045
1	10	-0.762749	0.000704015
1	11	-0.7618	0.000676292
1	12	-0.762105	0.00060207
1	13	-0.761443	0.000566119
1	14	-0.762	0.000529236
1	15	-0.76185	0.000479834
1	16	-0.761339	0.000454739
1	17	-0.761471	0.000417167
1	18	-0.760949	0.000402711
1	19	-0.760434	0.000390207
1	20	-0.76053	0.000362393
1	21	-0.760616	0.000337733
1	22	-0.760976	0.000324467
1	23	-0.760755	0.000307289
1	24	-0.76087	0.000289495
1	25	-0.76104	0.000274621
1	26	-0.761274	0.000263158
1	27	-0.76147	0.000251685
1	28	-0.76121	0.000243498
1	29	-0.761391	0.000233581
1	30	-0.761648	0.000227028
1	31	-0.761479	0.000218364
1	32	-0.761371	0.000209181
1	33	-0.761286	0.000200384
1	34	-0.761241	0.000191845
1	35	-0.761389	0.000185447
1	36	-0.761791	0.000190072
1	37	-0.761739	0.000182688
1	38	-0.76197	0.00017955
1	39	-0.761971	0.000172745
1	40	-0.761827	0.000167904
1	41	-0.761698	0.0001631
1	42	-0.761777	0.000157822
1	43	-0.761672	0.000153228
1	44	-0.761547	0.000149269
1	45	-0.761357	0.000147114
1	46	-0.761279	0.000142833
1	47	-0.761111	0.000140492
1	48	-0.761012	0.000136895
1	49	-0.760931	0.000133258
1	50	-0.761003	0.000129705
1	51	-0.761053	0.000126128
1	52	-0.761072	0.000122559
1	53	-0.760934	0.000120635
1	54	-0.760881	0.000117544
1	55	-0.761073	0.000117269
1	56	-0.761029	0.000114307
1	57	-0.761102	0.000111744
1	58	-0.761087	0.000108901
1	59	-0.761195	0.000107096
1	60	-0.761359	0.000106569
1	61	-0.761359	0.000103973
1	62	-0.76127	0.000102107
1	63	-0.761229	9.98367e-05
1	64	-0.761192	9.7626e-05
1	65	-0.761284	9.60767e-05
1	66	-0.761351	9.42715e-05
1	67	-0.761381	9.22498e-05
1	68	-0.761365	9.02528e-05
1	69	-0.761411	8.84867e-05
1	70	-0.76137	8.67467e-05
1	71	-0.761362	8.49348e-05
1	72	-0.761357	8.31812e-05
1	73	-0.761471	8.25621e-05
1	74	-0.761379	8.16077e-05
1	75	-0.761376	7.99885e-05
1	76	-0.761441	7.87725e-05
1	77	-0.761378	7.75833e-05
1	78	-0.761336	7.62526e-05
1	79	-0.761404	7.52148e-05
1	80	-0.761326	7.43356e-05
1	81	-0.761262	7.33142e-05
1	82	-0.761366	7.28901e-05
1	83	-0.761359	7.15858e-05
1	84	-0.761297	7.0642e-05
1	85	-0.761295	6.94041e-05
1	86	-0.76135	6.84548e-05
1	87	-0.761245	6.82075e-05
1	88	-0.76124	6.70547e-05
1	89	-0.76127	6.60074e-05
1	90	-0.761162	6.59135e-05
1	91	-0.761169	6.48385e-05
1	92	-0.761198	6.38603e-05
1	93	-0.761192	6.28402e-05
1	94	-0.761146	6.20238e-05
1	95	-0.761163	6.10748e-05
1	96	-0.76126	6.09407e-05
1	97	-0.761209	6.02325e-05
1	98	-0.761259	5.95308e-05
1	99	-0.761293	5.87372e-05
