1	0	0.445504	0
1	1	0.436844	0.00865952
1	2	0.423722	0.00992965
1	3	0.425326	0.00580719
1	4	0.423521	0.00399869
1	5	0.418408	0.003709
1	6	0.419786	0.00291628
1	7	0.418293	0.00240531
1	8	0.418053	0.0019861
1	9	0.411054	0.00287173
1	10	0.412092	0.00248601
1	11	0.412568	0.00216857
1	12	0.412306	0.00191137
1	13	0.412741	0.00170443
1	14	0.413161	0.00153313
1	15	0.414217	0.00141208
1	16	0.414922	0.00129633
1	17	0.412016	0.00137935
1	18	0.410849	0.00129748
1	19	0.411677	0.00121302
1	20	0.410109	0.00117793
1	21	0.412234	0.00119005
1	22	0.413975	0.00117135
1	23	0.413635	0.00109912
1	24	0.411788	0.00109871
1	25	0.412114	0.00103632
1	26	0.410765	0.00101297
1	27	0.411309	0.000963574
1	28	0.411067	0.000914141
1	29	0.412653	0.000916366
1	30	0.414223	0.000917342
1	31	0.416644	0.000976013
1	32	0.415545	0.00095114
1	33	0.416972	0.000942032
1	34	0.416519	0.000904514
1	35	0.416848	0.000868155
1	36	0.416779	0.000832635
1	37	0.417655	0.000812277
1	38	0.416228	0.000814269
1	39	0.416157	0.000783494
1	40	0.41578	0.000756883
1	41	0.416661	0.000742441
1	42	0.41685	0.000716879
1	43	0.416525	0.000693976
1	44	0.415273	0.000696674
1	45	0.416456	0.000696449
1	46	0.416622	0.000674469
1	47	0.416607	0.00065321
1	48	0.416824	0.000633818
1	49	0.41661	0.000615404
1	50	0.41708	0.000600849
1	51	0.41757	0.000587392
1	52	0.417007	0.000575953
1	53	0.416652	0.000561952
1	54	0.41587	0.000556754
1	55	0.416051	0.000542275
1	56	0.416274	0.000528739
1	57	0.415761	0.000519425
1	58	0.415659	0.000506301
1	59	0.415318	0.00049555
1	60	0.415763	0.000486691
1	61	0.415227	0.000479769
1	62	0.415541	0.000469963
1	63	0.415438	0.000459061
1	64	0.415467	0.000448413
1	65	0.415477	0.000438158
1	66	0.415774	0.000429849
1	67	0.415954	0.000420881
1	68	0.415846	0.000411885
1	69	0.41605	0.000403758
1	70	0.415812	0.000396203
1	71	0.416056	0.00038898
1	72	0.417018	0.000397458
1	73	0.41646	0.000394788
1	74	0.417033	0.000392542
1	75	0.417519	0.000388815
1	76	0.417864	0.000383253
1	77	0.41738	0.000379878
1	78	0.417112	0.000373855
1	79	0.417262	0.000367194
1	80	0.417682	0.000363409
1	81	0.417725	0.000356759
1	82	0.417153	0.000355931
1	83	0.417085	0.000349623
1	84	0.417529	0.000346815
1	85	0.417522	0.000340737
1	86	0.417726	0.000335552
1	87	0.417378	0.000331905
1	88	0.417524	0.000326653
1	89	0.417589	0.000321259
1	90	0.417566	0.000315948
1	91	0.417319	0.000311849
1	92	0.417807	0.000310977
1	93	0.41783	0.000306002
1	94	0.41828	0.000304708
1	95	0.418013	0.000301172
1	96	0.41808	0.000296571
1	97	0.41735	0.000301268
1	98	0.41744	0.000296825
1	99	0.417355	0.000292477
